[ 2014-09-25T20:36:52+08:00 ] 127.0.0.1 /
INFO: [ view_parse ] --START--
INFO: [ template_filter ] --START--
INFO: Run Behavior\ContentReplaceBehavior [ RunTime:0.000102s ]
INFO: [ template_filter ] --END-- [ RunTime:0.000153s ]
SQL: SHOW COLUMNS FROM `quntiao_seo_rule` [ RunTime:0.002931s ]
NOTIC: [2] Invalid argument supplied for foreach() /Applications/XAMPP/xamppfiles/htdocs/quntiao/Application/Common/Common/seo.php 第 10 行.
SQL: SHOW COLUMNS FROM `quntiao_ad` [ RunTime:0.002659s ]
SQL: SELECT `id` FROM `quntiao_ad` WHERE ( `status` = 1 ) AND ( `module` = 'home' ) AND ( `place` = 0 ) ORDER BY id desc LIMIT 5   [ RunTime:0.008110s ]
NOTIC: [8] Undefined variable: cacheList /Applications/XAMPP/xamppfiles/htdocs/quntiao/Application/Home/Model/AdModel.class.php 第 31 行.
SQL: SELECT * FROM `quntiao_ad` WHERE ( `id` = 2 ) LIMIT 1   [ RunTime:0.000362s ]
NOTIC: [8] Undefined offset: 1 /Applications/XAMPP/xamppfiles/htdocs/quntiao/Application/Home/Model/AdModel.class.php 第 31 行.
SQL: SELECT * FROM `quntiao_ad` WHERE ( `id` = 1 ) LIMIT 1   [ RunTime:0.000296s ]
SQL: SELECT `id` FROM `quntiao_ad` WHERE ( `status` = 1 ) AND ( `module` = 'home' ) AND ( `place` = 1 ) ORDER BY id desc LIMIT 2   [ RunTime:0.000465s ]
NOTIC: [8] Undefined variable: cacheList /Applications/XAMPP/xamppfiles/htdocs/quntiao/Application/Home/Model/AdModel.class.php 第 31 行.
SQL: SELECT * FROM `quntiao_ad` WHERE ( `id` = 4 ) LIMIT 1   [ RunTime:0.000269s ]
NOTIC: [8] Undefined offset: 3 /Applications/XAMPP/xamppfiles/htdocs/quntiao/Application/Home/Model/AdModel.class.php 第 31 行.
SQL: SELECT * FROM `quntiao_ad` WHERE ( `id` = 3 ) LIMIT 1   [ RunTime:0.000265s ]
INFO: [ view_parse ] --START--
INFO: [ template_filter ] --START--
INFO: Run Behavior\ContentReplaceBehavior [ RunTime:0.000032s ]
INFO: [ template_filter ] --END-- [ RunTime:-0.032464s ]
SQL: SHOW COLUMNS FROM `quntiao_picture` [ RunTime:0.004088s ]
SQL: SELECT `url` FROM `quntiao_picture` WHERE ( `id` = 150 ) LIMIT 1   [ RunTime:0.000552s ]
SQL: SELECT `url` FROM `quntiao_picture` WHERE ( `id` = 149 ) LIMIT 1   [ RunTime:0.000208s ]
SQL: SELECT `url` FROM `quntiao_picture` WHERE ( `id` = 152 ) LIMIT 1   [ RunTime:0.000224s ]
SQL: SELECT `url` FROM `quntiao_picture` WHERE ( `id` = 151 ) LIMIT 1   [ RunTime:0.000223s ]
INFO: Run Behavior\ParseTemplateBehavior [ RunTime:0.012374s ]
INFO: [ view_parse ] --END-- [ RunTime:0.012417s ]
INFO: [ view_filter ] --START--
INFO: Run Behavior\WriteHtmlCacheBehavior [ RunTime:0.000472s ]
INFO: [ view_filter ] --END-- [ RunTime:0.000510s ]
SQL: SHOW COLUMNS FROM `quntiao_match_game` [ RunTime:0.003573s ]
SQL: SELECT `id` FROM `quntiao_match_game` WHERE ( `status` = 1 ) AND ( `game_status` < 2 ) ORDER BY follows desc LIMIT 3   [ RunTime:0.000948s ]
NOTIC: [8] Undefined variable: cacheList /Applications/XAMPP/xamppfiles/htdocs/quntiao/Application/Home/Model/MatchGameModel.class.php 第 31 行.
SQL: SELECT * FROM `quntiao_match_game` WHERE ( `id` = 15 ) LIMIT 1   [ RunTime:0.000312s ]
NOTIC: [8] Undefined offset: 5 /Applications/XAMPP/xamppfiles/htdocs/quntiao/Application/Home/Model/MatchGameModel.class.php 第 31 行.
SQL: SELECT * FROM `quntiao_match_game` WHERE ( `id` = 5 ) LIMIT 1   [ RunTime:0.000291s ]
NOTIC: [8] Undefined offset: 7 /Applications/XAMPP/xamppfiles/htdocs/quntiao/Application/Home/Model/MatchGameModel.class.php 第 31 行.
SQL: SELECT * FROM `quntiao_match_game` WHERE ( `id` = 7 ) LIMIT 1   [ RunTime:0.000430s ]
INFO: [ view_parse ] --START--
INFO: [ template_filter ] --START--
INFO: Run Behavior\ContentReplaceBehavior [ RunTime:0.000042s ]
INFO: [ template_filter ] --END-- [ RunTime:-0.058057s ]
SQL: SHOW COLUMNS FROM `quntiao_team` [ RunTime:0.002831s ]
SQL: SELECT `cover` FROM `quntiao_team` WHERE ( `id` = 3 ) LIMIT 1   [ RunTime:0.000606s ]
SQL: SELECT `url` FROM `quntiao_picture` WHERE ( `id` = 199 ) LIMIT 1   [ RunTime:0.000459s ]
NOTIC: [8] Undefined variable: live /Applications/XAMPP/xamppfiles/htdocs/quntiao/Runtime/Cache/Home/aeaedd05c0fa32bda704dea494569ccb.php 第 10 行.
SQL: SELECT `cover` FROM `quntiao_team` WHERE ( `id` = 19 ) LIMIT 1   [ RunTime:0.000523s ]
SQL: SELECT `url` FROM `quntiao_picture` WHERE ( `id` = 215 ) LIMIT 1   [ RunTime:0.000435s ]
NOTIC: [8] Undefined variable: live /Applications/XAMPP/xamppfiles/htdocs/quntiao/Runtime/Cache/Home/aeaedd05c0fa32bda704dea494569ccb.php 第 20 行.
SQL: SELECT `name` FROM `quntiao_team` WHERE ( `id` = 3 ) LIMIT 1   [ RunTime:0.001936s ]
SQL: SELECT `name` FROM `quntiao_team` WHERE ( `id` = 19 ) LIMIT 1   [ RunTime:0.000832s ]
SQL: SHOW COLUMNS FROM `quntiao_match` [ RunTime:0.023230s ]
SQL: SELECT `title` FROM `quntiao_match` WHERE ( `id` = 4 ) LIMIT 1   [ RunTime:0.003546s ]
SQL: SELECT `cover` FROM `quntiao_team` WHERE ( `id` = 26 ) LIMIT 1   [ RunTime:0.001121s ]
SQL: SELECT `url` FROM `quntiao_picture` WHERE ( `id` = 223 ) LIMIT 1   [ RunTime:0.000349s ]
NOTIC: [8] Undefined variable: live /Applications/XAMPP/xamppfiles/htdocs/quntiao/Runtime/Cache/Home/aeaedd05c0fa32bda704dea494569ccb.php 第 10 行.
SQL: SELECT `cover` FROM `quntiao_team` WHERE ( `id` = 15 ) LIMIT 1   [ RunTime:0.000342s ]
SQL: SELECT `url` FROM `quntiao_picture` WHERE ( `id` = 211 ) LIMIT 1   [ RunTime:0.000263s ]
NOTIC: [8] Undefined variable: live /Applications/XAMPP/xamppfiles/htdocs/quntiao/Runtime/Cache/Home/aeaedd05c0fa32bda704dea494569ccb.php 第 20 行.
SQL: SELECT `name` FROM `quntiao_team` WHERE ( `id` = 26 ) LIMIT 1   [ RunTime:0.000264s ]
SQL: SELECT `name` FROM `quntiao_team` WHERE ( `id` = 15 ) LIMIT 1   [ RunTime:0.000265s ]
SQL: SELECT `title` FROM `quntiao_match` WHERE ( `id` = 4 ) LIMIT 1   [ RunTime:0.000269s ]
SQL: SELECT `cover` FROM `quntiao_team` WHERE ( `id` = 27 ) LIMIT 1   [ RunTime:0.000402s ]
SQL: SELECT `url` FROM `quntiao_picture` WHERE ( `id` = 224 ) LIMIT 1   [ RunTime:0.000273s ]
NOTIC: [8] Undefined variable: live /Applications/XAMPP/xamppfiles/htdocs/quntiao/Runtime/Cache/Home/aeaedd05c0fa32bda704dea494569ccb.php 第 10 行.
SQL: SELECT `cover` FROM `quntiao_team` WHERE ( `id` = 28 ) LIMIT 1   [ RunTime:0.000246s ]
SQL: SELECT `url` FROM `quntiao_picture` WHERE ( `id` = 225 ) LIMIT 1   [ RunTime:0.000182s ]
NOTIC: [8] Undefined variable: live /Applications/XAMPP/xamppfiles/htdocs/quntiao/Runtime/Cache/Home/aeaedd05c0fa32bda704dea494569ccb.php 第 20 行.
SQL: SELECT `name` FROM `quntiao_team` WHERE ( `id` = 27 ) LIMIT 1   [ RunTime:0.000210s ]
SQL: SELECT `name` FROM `quntiao_team` WHERE ( `id` = 28 ) LIMIT 1   [ RunTime:0.000191s ]
SQL: SELECT `title` FROM `quntiao_match` WHERE ( `id` = 4 ) LIMIT 1   [ RunTime:0.000250s ]
INFO: Run Behavior\ParseTemplateBehavior [ RunTime:0.067948s ]
INFO: [ view_parse ] --END-- [ RunTime:-0.011996s ]
INFO: [ view_filter ] --START--
INFO: Run Behavior\WriteHtmlCacheBehavior [ RunTime:0.000010s ]
INFO: [ view_filter ] --END-- [ RunTime:-0.079462s ]
SQL: SHOW COLUMNS FROM `quntiao_game` [ RunTime:0.004631s ]
SQL: SELECT `id` FROM `quntiao_game` WHERE ( `pid` = 1 ) ORDER BY sort asc LIMIT 5   [ RunTime:0.000663s ]
NOTIC: [8] Undefined variable: cacheList /Applications/XAMPP/xamppfiles/htdocs/quntiao/Application/Home/Model/GameModel.class.php 第 75 行.
SQL: SELECT * FROM `quntiao_game` WHERE ( `id` = 10005 ) LIMIT 1   [ RunTime:0.000376s ]
NOTIC: [8] Undefined offset: 10007 /Applications/XAMPP/xamppfiles/htdocs/quntiao/Application/Home/Model/GameModel.class.php 第 75 行.
SQL: SELECT * FROM `quntiao_game` WHERE ( `id` = 10007 ) LIMIT 1   [ RunTime:0.000294s ]
NOTIC: [8] Undefined offset: 10006 /Applications/XAMPP/xamppfiles/htdocs/quntiao/Application/Home/Model/GameModel.class.php 第 75 行.
SQL: SELECT * FROM `quntiao_game` WHERE ( `id` = 10006 ) LIMIT 1   [ RunTime:0.000274s ]
NOTIC: [8] Undefined offset: 10008 /Applications/XAMPP/xamppfiles/htdocs/quntiao/Application/Home/Model/GameModel.class.php 第 75 行.
SQL: SELECT * FROM `quntiao_game` WHERE ( `id` = 10008 ) LIMIT 1   [ RunTime:0.000267s ]
NOTIC: [8] Undefined offset: 10009 /Applications/XAMPP/xamppfiles/htdocs/quntiao/Application/Home/Model/GameModel.class.php 第 75 行.
SQL: SELECT * FROM `quntiao_game` WHERE ( `id` = 10009 ) LIMIT 1   [ RunTime:0.000328s ]
INFO: [ view_parse ] --START--
INFO: [ template_filter ] --START--
INFO: Run Behavior\ContentReplaceBehavior [ RunTime:0.000028s ]
INFO: [ template_filter ] --END-- [ RunTime:-0.139280s ]
SQL: SELECT `url` FROM `quntiao_picture` WHERE ( `id` = 36 ) LIMIT 1   [ RunTime:0.000638s ]
SQL: SELECT `url` FROM `quntiao_picture` WHERE ( `id` = 44 ) LIMIT 1   [ RunTime:0.000303s ]
SQL: SELECT `url` FROM `quntiao_picture` WHERE ( `id` = 42 ) LIMIT 1   [ RunTime:0.000287s ]
SQL: SELECT `url` FROM `quntiao_picture` WHERE ( `id` = 45 ) LIMIT 1   [ RunTime:0.000228s ]
SQL: SELECT `url` FROM `quntiao_picture` WHERE ( `id` = 46 ) LIMIT 1   [ RunTime:0.001215s ]
INFO: Run Behavior\ParseTemplateBehavior [ RunTime:0.011605s ]
INFO: [ view_parse ] --END-- [ RunTime:-0.094689s ]
INFO: [ view_filter ] --START--
INFO: Run Behavior\WriteHtmlCacheBehavior [ RunTime:0.000016s ]
INFO: [ view_filter ] --END-- [ RunTime:-0.105855s ]
SQL: SHOW COLUMNS FROM `quntiao_live` [ RunTime:0.004125s ]
SQL: SELECT `id` FROM `quntiao_live` WHERE ( `status` = 1 ) ORDER BY id desc LIMIT 8   [ RunTime:0.000889s ]
NOTIC: [8] Undefined variable: cacheList /Applications/XAMPP/xamppfiles/htdocs/quntiao/Application/Home/Model/LiveModel.class.php 第 71 行.
SQL: SELECT * FROM `quntiao_live` WHERE ( `id` = 21 ) LIMIT 1   [ RunTime:0.000528s ]
NOTIC: [8] Undefined offset: 20 /Applications/XAMPP/xamppfiles/htdocs/quntiao/Application/Home/Model/LiveModel.class.php 第 71 行.
SQL: SELECT * FROM `quntiao_live` WHERE ( `id` = 20 ) LIMIT 1   [ RunTime:0.000526s ]
NOTIC: [8] Undefined offset: 19 /Applications/XAMPP/xamppfiles/htdocs/quntiao/Application/Home/Model/LiveModel.class.php 第 71 行.
SQL: SELECT * FROM `quntiao_live` WHERE ( `id` = 19 ) LIMIT 1   [ RunTime:0.001350s ]
NOTIC: [8] Undefined offset: 18 /Applications/XAMPP/xamppfiles/htdocs/quntiao/Application/Home/Model/LiveModel.class.php 第 71 行.
SQL: SELECT * FROM `quntiao_live` WHERE ( `id` = 18 ) LIMIT 1   [ RunTime:0.000515s ]
NOTIC: [8] Undefined offset: 17 /Applications/XAMPP/xamppfiles/htdocs/quntiao/Application/Home/Model/LiveModel.class.php 第 71 行.
SQL: SELECT * FROM `quntiao_live` WHERE ( `id` = 17 ) LIMIT 1   [ RunTime:0.000476s ]
NOTIC: [8] Undefined offset: 16 /Applications/XAMPP/xamppfiles/htdocs/quntiao/Application/Home/Model/LiveModel.class.php 第 71 行.
SQL: SELECT * FROM `quntiao_live` WHERE ( `id` = 16 ) LIMIT 1   [ RunTime:0.000534s ]
NOTIC: [8] Undefined offset: 15 /Applications/XAMPP/xamppfiles/htdocs/quntiao/Application/Home/Model/LiveModel.class.php 第 71 行.
SQL: SELECT * FROM `quntiao_live` WHERE ( `id` = 15 ) LIMIT 1   [ RunTime:0.000374s ]
NOTIC: [8] Undefined offset: 14 /Applications/XAMPP/xamppfiles/htdocs/quntiao/Application/Home/Model/LiveModel.class.php 第 71 行.
SQL: SELECT * FROM `quntiao_live` WHERE ( `id` = 14 ) LIMIT 1   [ RunTime:0.000410s ]
INFO: [ view_parse ] --START--
INFO: [ template_filter ] --START--
INFO: Run Behavior\ContentReplaceBehavior [ RunTime:0.000029s ]
INFO: [ template_filter ] --END-- [ RunTime:-0.178511s ]
SQL: SELECT `url` FROM `quntiao_picture` WHERE ( `id` = 298 ) LIMIT 1   [ RunTime:0.000751s ]
SQL: SELECT `url` FROM `quntiao_picture` WHERE ( `id` = 297 ) LIMIT 1   [ RunTime:0.000287s ]
SQL: SELECT `url` FROM `quntiao_picture` WHERE ( `id` = 296 ) LIMIT 1   [ RunTime:0.000239s ]
SQL: SELECT `url` FROM `quntiao_picture` WHERE ( `id` = 295 ) LIMIT 1   [ RunTime:0.000218s ]
SQL: SELECT `url` FROM `quntiao_picture` WHERE ( `id` = 294 ) LIMIT 1   [ RunTime:0.000248s ]
SQL: SELECT `url` FROM `quntiao_picture` WHERE ( `id` = 293 ) LIMIT 1   [ RunTime:0.000249s ]
SQL: SELECT `url` FROM `quntiao_picture` WHERE ( `id` = 292 ) LIMIT 1   [ RunTime:0.000255s ]
SQL: SELECT `url` FROM `quntiao_picture` WHERE ( `id` = 290 ) LIMIT 1   [ RunTime:0.000564s ]
INFO: Run Behavior\ParseTemplateBehavior [ RunTime:0.014744s ]
INFO: [ view_parse ] --END-- [ RunTime:-0.133866s ]
INFO: [ view_filter ] --START--
INFO: Run Behavior\WriteHtmlCacheBehavior [ RunTime:0.000011s ]
INFO: [ view_filter ] --END-- [ RunTime:-0.148143s ]
SQL: SHOW COLUMNS FROM `quntiao_video` [ RunTime:0.003466s ]
SQL: SELECT `id` FROM `quntiao_video` WHERE ( `status` = 1 ) ORDER BY id desc LIMIT 12   [ RunTime:0.000644s ]
NOTIC: [8] Undefined variable: cacheList /Applications/XAMPP/xamppfiles/htdocs/quntiao/Application/Home/Model/VideoModel.class.php 第 290 行.
SQL: SELECT * FROM `quntiao_video` WHERE ( `id` = 47 ) LIMIT 1   [ RunTime:0.000266s ]
NOTIC: [8] Undefined offset: 46 /Applications/XAMPP/xamppfiles/htdocs/quntiao/Application/Home/Model/VideoModel.class.php 第 290 行.
SQL: SELECT * FROM `quntiao_video` WHERE ( `id` = 46 ) LIMIT 1   [ RunTime:0.000335s ]
NOTIC: [8] Undefined offset: 45 /Applications/XAMPP/xamppfiles/htdocs/quntiao/Application/Home/Model/VideoModel.class.php 第 290 行.
SQL: SELECT * FROM `quntiao_video` WHERE ( `id` = 45 ) LIMIT 1   [ RunTime:0.000247s ]
NOTIC: [8] Undefined offset: 44 /Applications/XAMPP/xamppfiles/htdocs/quntiao/Application/Home/Model/VideoModel.class.php 第 290 行.
SQL: SELECT * FROM `quntiao_video` WHERE ( `id` = 44 ) LIMIT 1   [ RunTime:0.000337s ]
NOTIC: [8] Undefined offset: 43 /Applications/XAMPP/xamppfiles/htdocs/quntiao/Application/Home/Model/VideoModel.class.php 第 290 行.
SQL: SELECT * FROM `quntiao_video` WHERE ( `id` = 43 ) LIMIT 1   [ RunTime:0.000345s ]
NOTIC: [8] Undefined offset: 42 /Applications/XAMPP/xamppfiles/htdocs/quntiao/Application/Home/Model/VideoModel.class.php 第 290 行.
SQL: SELECT * FROM `quntiao_video` WHERE ( `id` = 42 ) LIMIT 1   [ RunTime:0.001731s ]
NOTIC: [8] Undefined offset: 41 /Applications/XAMPP/xamppfiles/htdocs/quntiao/Application/Home/Model/VideoModel.class.php 第 290 行.
SQL: SELECT * FROM `quntiao_video` WHERE ( `id` = 41 ) LIMIT 1   [ RunTime:0.002489s ]
NOTIC: [8] Undefined offset: 40 /Applications/XAMPP/xamppfiles/htdocs/quntiao/Application/Home/Model/VideoModel.class.php 第 290 行.
SQL: SELECT * FROM `quntiao_video` WHERE ( `id` = 40 ) LIMIT 1   [ RunTime:0.000493s ]
NOTIC: [8] Undefined offset: 39 /Applications/XAMPP/xamppfiles/htdocs/quntiao/Application/Home/Model/VideoModel.class.php 第 290 行.
SQL: SELECT * FROM `quntiao_video` WHERE ( `id` = 39 ) LIMIT 1   [ RunTime:0.000260s ]
NOTIC: [8] Undefined offset: 38 /Applications/XAMPP/xamppfiles/htdocs/quntiao/Application/Home/Model/VideoModel.class.php 第 290 行.
SQL: SELECT * FROM `quntiao_video` WHERE ( `id` = 38 ) LIMIT 1   [ RunTime:0.000240s ]
NOTIC: [8] Undefined offset: 37 /Applications/XAMPP/xamppfiles/htdocs/quntiao/Application/Home/Model/VideoModel.class.php 第 290 行.
SQL: SELECT * FROM `quntiao_video` WHERE ( `id` = 37 ) LIMIT 1   [ RunTime:0.000224s ]
NOTIC: [8] Undefined offset: 36 /Applications/XAMPP/xamppfiles/htdocs/quntiao/Application/Home/Model/VideoModel.class.php 第 290 行.
SQL: SELECT * FROM `quntiao_video` WHERE ( `id` = 36 ) LIMIT 1   [ RunTime:0.000275s ]
SQL: SELECT `id` FROM `quntiao_video` WHERE ( `status` = 1 ) AND ( `edit_status` = 1 ) ORDER BY id desc LIMIT 2   [ RunTime:0.000372s ]
NOTIC: [8] Undefined variable: cacheList /Applications/XAMPP/xamppfiles/htdocs/quntiao/Application/Home/Model/VideoModel.class.php 第 290 行.
NOTIC: [8] Undefined offset: 46 /Applications/XAMPP/xamppfiles/htdocs/quntiao/Application/Home/Model/VideoModel.class.php 第 290 行.
INFO: [ view_parse ] --START--
INFO: [ template_filter ] --START--
INFO: Run Behavior\ContentReplaceBehavior [ RunTime:0.000034s ]
INFO: [ template_filter ] --END-- [ RunTime:-0.224622s ]
SQL: SELECT `url` FROM `quntiao_picture` WHERE ( `id` = 275 ) LIMIT 1   [ RunTime:0.000318s ]
SQL: SELECT `url` FROM `quntiao_picture` WHERE ( `id` = 274 ) LIMIT 1   [ RunTime:0.000224s ]
SQL: SELECT `url` FROM `quntiao_picture` WHERE ( `id` = 275 ) LIMIT 1   [ RunTime:0.000258s ]
SQL: SELECT `url` FROM `quntiao_picture` WHERE ( `id` = 274 ) LIMIT 1   [ RunTime:0.000207s ]
SQL: SELECT `url` FROM `quntiao_picture` WHERE ( `id` = 273 ) LIMIT 1   [ RunTime:0.000189s ]
SQL: SELECT `url` FROM `quntiao_picture` WHERE ( `id` = 272 ) LIMIT 1   [ RunTime:0.000269s ]
SQL: SELECT `url` FROM `quntiao_picture` WHERE ( `id` = 271 ) LIMIT 1   [ RunTime:0.000307s ]
SQL: SELECT `url` FROM `quntiao_picture` WHERE ( `id` = 270 ) LIMIT 1   [ RunTime:0.000465s ]
SQL: SELECT `url` FROM `quntiao_picture` WHERE ( `id` = 269 ) LIMIT 1   [ RunTime:0.000252s ]
SQL: SELECT `url` FROM `quntiao_picture` WHERE ( `id` = 268 ) LIMIT 1   [ RunTime:0.000329s ]
SQL: SELECT `url` FROM `quntiao_picture` WHERE ( `id` = 267 ) LIMIT 1   [ RunTime:0.000288s ]
SQL: SELECT `url` FROM `quntiao_picture` WHERE ( `id` = 266 ) LIMIT 1   [ RunTime:0.000298s ]
SQL: SELECT `url` FROM `quntiao_picture` WHERE ( `id` = 265 ) LIMIT 1   [ RunTime:0.000247s ]
SQL: SELECT `url` FROM `quntiao_picture` WHERE ( `id` = 264 ) LIMIT 1   [ RunTime:0.000203s ]
INFO: Run Behavior\ParseTemplateBehavior [ RunTime:0.019778s ]
INFO: [ view_parse ] --END-- [ RunTime:-0.179062s ]
INFO: [ view_filter ] --START--
INFO: Run Behavior\WriteHtmlCacheBehavior [ RunTime:0.000011s ]
INFO: [ view_filter ] --END-- [ RunTime:-0.198393s ]
SQL: SHOW COLUMNS FROM `quntiao_team` [ RunTime:0.001474s ]
SQL: SELECT `id` FROM `quntiao_team` ORDER BY id desc LIMIT 10   [ RunTime:0.000221s ]
NOTIC: [8] Undefined variable: cacheList /Applications/XAMPP/xamppfiles/htdocs/quntiao/Application/Home/Model/TeamModel.class.php 第 80 行.
SQL: SELECT * FROM `quntiao_team` WHERE ( `id` = 32 ) LIMIT 1   [ RunTime:0.000265s ]
NOTIC: [8] Undefined offset: 31 /Applications/XAMPP/xamppfiles/htdocs/quntiao/Application/Home/Model/TeamModel.class.php 第 80 行.
SQL: SELECT * FROM `quntiao_team` WHERE ( `id` = 31 ) LIMIT 1   [ RunTime:0.000395s ]
NOTIC: [8] Undefined offset: 30 /Applications/XAMPP/xamppfiles/htdocs/quntiao/Application/Home/Model/TeamModel.class.php 第 80 行.
SQL: SELECT * FROM `quntiao_team` WHERE ( `id` = 30 ) LIMIT 1   [ RunTime:0.000290s ]
NOTIC: [8] Undefined offset: 29 /Applications/XAMPP/xamppfiles/htdocs/quntiao/Application/Home/Model/TeamModel.class.php 第 80 行.
SQL: SELECT * FROM `quntiao_team` WHERE ( `id` = 29 ) LIMIT 1   [ RunTime:0.000247s ]
NOTIC: [8] Undefined offset: 28 /Applications/XAMPP/xamppfiles/htdocs/quntiao/Application/Home/Model/TeamModel.class.php 第 80 行.
SQL: SELECT * FROM `quntiao_team` WHERE ( `id` = 28 ) LIMIT 1   [ RunTime:0.000367s ]
NOTIC: [8] Undefined offset: 27 /Applications/XAMPP/xamppfiles/htdocs/quntiao/Application/Home/Model/TeamModel.class.php 第 80 行.
SQL: SELECT * FROM `quntiao_team` WHERE ( `id` = 27 ) LIMIT 1   [ RunTime:0.000317s ]
NOTIC: [8] Undefined offset: 26 /Applications/XAMPP/xamppfiles/htdocs/quntiao/Application/Home/Model/TeamModel.class.php 第 80 行.
SQL: SELECT * FROM `quntiao_team` WHERE ( `id` = 26 ) LIMIT 1   [ RunTime:0.000274s ]
NOTIC: [8] Undefined offset: 25 /Applications/XAMPP/xamppfiles/htdocs/quntiao/Application/Home/Model/TeamModel.class.php 第 80 行.
SQL: SELECT * FROM `quntiao_team` WHERE ( `id` = 25 ) LIMIT 1   [ RunTime:0.000250s ]
NOTIC: [8] Undefined offset: 24 /Applications/XAMPP/xamppfiles/htdocs/quntiao/Application/Home/Model/TeamModel.class.php 第 80 行.
SQL: SELECT * FROM `quntiao_team` WHERE ( `id` = 24 ) LIMIT 1   [ RunTime:0.000282s ]
NOTIC: [8] Undefined offset: 23 /Applications/XAMPP/xamppfiles/htdocs/quntiao/Application/Home/Model/TeamModel.class.php 第 80 行.
SQL: SELECT * FROM `quntiao_team` WHERE ( `id` = 23 ) LIMIT 1   [ RunTime:0.000265s ]
INFO: [ view_parse ] --START--
INFO: [ template_filter ] --START--
INFO: Run Behavior\ContentReplaceBehavior [ RunTime:0.000030s ]
INFO: [ template_filter ] --END-- [ RunTime:-0.261070s ]
SQL: SELECT `url` FROM `quntiao_picture` WHERE ( `id` = 231 ) LIMIT 1   [ RunTime:0.000350s ]
SQL: SELECT `url` FROM `quntiao_picture` WHERE ( `id` = 228 ) LIMIT 1   [ RunTime:0.000291s ]
SQL: SELECT `url` FROM `quntiao_picture` WHERE ( `id` = 227 ) LIMIT 1   [ RunTime:0.000443s ]
SQL: SELECT `url` FROM `quntiao_picture` WHERE ( `id` = 226 ) LIMIT 1   [ RunTime:0.000369s ]
SQL: SELECT `url` FROM `quntiao_picture` WHERE ( `id` = 225 ) LIMIT 1   [ RunTime:0.000303s ]
SQL: SELECT `url` FROM `quntiao_picture` WHERE ( `id` = 224 ) LIMIT 1   [ RunTime:0.000322s ]
SQL: SELECT `url` FROM `quntiao_picture` WHERE ( `id` = 223 ) LIMIT 1   [ RunTime:0.000229s ]
SQL: SELECT `url` FROM `quntiao_picture` WHERE ( `id` = 222 ) LIMIT 1   [ RunTime:0.000278s ]
SQL: SELECT `url` FROM `quntiao_picture` WHERE ( `id` = 221 ) LIMIT 1   [ RunTime:0.000517s ]
SQL: SELECT `url` FROM `quntiao_picture` WHERE ( `id` = 219 ) LIMIT 1   [ RunTime:0.000413s ]
INFO: Run Behavior\ParseTemplateBehavior [ RunTime:0.014876s ]
INFO: [ view_parse ] --END-- [ RunTime:-0.216680s ]
INFO: [ view_filter ] --START--
INFO: Run Behavior\WriteHtmlCacheBehavior [ RunTime:0.000016s ]
INFO: [ view_filter ] --END-- [ RunTime:-0.231142s ]
INFO: [ view_parse ] --START--
INFO: [ template_filter ] --START--
INFO: Run Behavior\ContentReplaceBehavior [ RunTime:0.000035s ]
INFO: [ template_filter ] --END-- [ RunTime:-0.277400s ]
SQL: SELECT `url` FROM `quntiao_picture` WHERE ( `id` = 298 ) LIMIT 1   [ RunTime:0.000320s ]
SQL: SELECT `url` FROM `quntiao_picture` WHERE ( `id` = 297 ) LIMIT 1   [ RunTime:0.000256s ]
SQL: SELECT `url` FROM `quntiao_picture` WHERE ( `id` = 296 ) LIMIT 1   [ RunTime:0.000205s ]
SQL: SELECT `url` FROM `quntiao_picture` WHERE ( `id` = 295 ) LIMIT 1   [ RunTime:0.000288s ]
SQL: SELECT `url` FROM `quntiao_picture` WHERE ( `id` = 294 ) LIMIT 1   [ RunTime:0.000499s ]
SQL: SELECT `url` FROM `quntiao_picture` WHERE ( `id` = 293 ) LIMIT 1   [ RunTime:0.000276s ]
SQL: SELECT `url` FROM `quntiao_picture` WHERE ( `id` = 292 ) LIMIT 1   [ RunTime:0.000216s ]
SQL: SELECT `url` FROM `quntiao_picture` WHERE ( `id` = 290 ) LIMIT 1   [ RunTime:0.000284s ]
INFO: Run Behavior\ParseTemplateBehavior [ RunTime:0.009459s ]
INFO: [ view_parse ] --END-- [ RunTime:-0.232097s ]
INFO: [ view_filter ] --START--
INFO: Run Behavior\WriteHtmlCacheBehavior [ RunTime:0.000011s ]
INFO: [ view_filter ] --END-- [ RunTime:-0.241071s ]
INFO: [ view_parse ] --START--
INFO: [ template_filter ] --START--
INFO: Run Behavior\ContentReplaceBehavior [ RunTime:0.000032s ]
INFO: [ template_filter ] --END-- [ RunTime:-0.286393s ]
SQL: SELECT `url` FROM `quntiao_picture` WHERE ( `id` = 298 ) LIMIT 1   [ RunTime:0.000305s ]
SQL: SELECT `url` FROM `quntiao_picture` WHERE ( `id` = 297 ) LIMIT 1   [ RunTime:0.000223s ]
SQL: SELECT `url` FROM `quntiao_picture` WHERE ( `id` = 296 ) LIMIT 1   [ RunTime:0.000210s ]
SQL: SELECT `url` FROM `quntiao_picture` WHERE ( `id` = 295 ) LIMIT 1   [ RunTime:0.000234s ]
SQL: SELECT `url` FROM `quntiao_picture` WHERE ( `id` = 294 ) LIMIT 1   [ RunTime:0.000205s ]
SQL: SELECT `url` FROM `quntiao_picture` WHERE ( `id` = 293 ) LIMIT 1   [ RunTime:0.000183s ]
SQL: SELECT `url` FROM `quntiao_picture` WHERE ( `id` = 292 ) LIMIT 1   [ RunTime:0.000192s ]
SQL: SELECT `url` FROM `quntiao_picture` WHERE ( `id` = 290 ) LIMIT 1   [ RunTime:0.000196s ]
INFO: Run Behavior\ParseTemplateBehavior [ RunTime:0.007088s ]
INFO: [ view_parse ] --END-- [ RunTime:-0.241898s ]
INFO: [ view_filter ] --START--
INFO: Run Behavior\WriteHtmlCacheBehavior [ RunTime:0.000012s ]
INFO: [ view_filter ] --END-- [ RunTime:-0.248515s ]
SQL: SELECT `id` FROM `quntiao_match_game` WHERE ( `status` = 1 ) AND ( `game_status` < 2 ) ORDER BY id desc LIMIT 4   [ RunTime:0.000384s ]
NOTIC: [8] Undefined variable: cacheList /Applications/XAMPP/xamppfiles/htdocs/quntiao/Application/Home/Model/MatchGameModel.class.php 第 31 行.
NOTIC: [8] Undefined offset: 14 /Applications/XAMPP/xamppfiles/htdocs/quntiao/Application/Home/Model/MatchGameModel.class.php 第 31 行.
SQL: SELECT * FROM `quntiao_match_game` WHERE ( `id` = 14 ) LIMIT 1   [ RunTime:0.000273s ]
NOTIC: [8] Undefined offset: 13 /Applications/XAMPP/xamppfiles/htdocs/quntiao/Application/Home/Model/MatchGameModel.class.php 第 31 行.
SQL: SELECT * FROM `quntiao_match_game` WHERE ( `id` = 13 ) LIMIT 1   [ RunTime:0.000294s ]
NOTIC: [8] Undefined offset: 12 /Applications/XAMPP/xamppfiles/htdocs/quntiao/Application/Home/Model/MatchGameModel.class.php 第 31 行.
SQL: SELECT * FROM `quntiao_match_game` WHERE ( `id` = 12 ) LIMIT 1   [ RunTime:0.000336s ]
INFO: [ view_parse ] --START--
INFO: [ template_filter ] --START--
INFO: Run Behavior\ContentReplaceBehavior [ RunTime:0.000061s ]
INFO: [ template_filter ] --END-- [ RunTime:-0.300385s ]
SQL: SELECT `cover` FROM `quntiao_team` WHERE ( `id` = 3 ) LIMIT 1   [ RunTime:0.000684s ]
SQL: SELECT `url` FROM `quntiao_picture` WHERE ( `id` = 199 ) LIMIT 1   [ RunTime:0.000269s ]
NOTIC: [8] Undefined variable: live /Applications/XAMPP/xamppfiles/htdocs/quntiao/Runtime/Cache/Home/7c2e051fd11f2ee0450c7a70191797e3.php 第 10 行.
SQL: SELECT `cover` FROM `quntiao_team` WHERE ( `id` = 19 ) LIMIT 1   [ RunTime:0.000371s ]
SQL: SELECT `url` FROM `quntiao_picture` WHERE ( `id` = 215 ) LIMIT 1   [ RunTime:0.000244s ]
NOTIC: [8] Undefined variable: live /Applications/XAMPP/xamppfiles/htdocs/quntiao/Runtime/Cache/Home/7c2e051fd11f2ee0450c7a70191797e3.php 第 20 行.
SQL: SELECT `name` FROM `quntiao_team` WHERE ( `id` = 3 ) LIMIT 1   [ RunTime:0.000249s ]
SQL: SELECT `name` FROM `quntiao_team` WHERE ( `id` = 19 ) LIMIT 1   [ RunTime:0.000194s ]
SQL: SELECT `title` FROM `quntiao_match` WHERE ( `id` = 4 ) LIMIT 1   [ RunTime:0.000221s ]
SQL: SELECT `cover` FROM `quntiao_team` WHERE ( `id` = 4 ) LIMIT 1   [ RunTime:0.000273s ]
SQL: SELECT `url` FROM `quntiao_picture` WHERE ( `id` = 200 ) LIMIT 1   [ RunTime:0.000258s ]
NOTIC: [8] Undefined variable: live /Applications/XAMPP/xamppfiles/htdocs/quntiao/Runtime/Cache/Home/7c2e051fd11f2ee0450c7a70191797e3.php 第 10 行.
SQL: SELECT `name` FROM `quntiao_team` WHERE ( `id` = 4 ) LIMIT 1   [ RunTime:0.000283s ]
SQL: SELECT `title` FROM `quntiao_match` WHERE ( `id` = 4 ) LIMIT 1   [ RunTime:0.000523s ]
SQL: SELECT `cover` FROM `quntiao_team` WHERE ( `id` = 10 ) LIMIT 1   [ RunTime:0.003929s ]
SQL: SELECT `url` FROM `quntiao_picture` WHERE ( `id` = 206 ) LIMIT 1   [ RunTime:0.001873s ]
NOTIC: [8] Undefined variable: live /Applications/XAMPP/xamppfiles/htdocs/quntiao/Runtime/Cache/Home/7c2e051fd11f2ee0450c7a70191797e3.php 第 10 行.
SQL: SELECT `cover` FROM `quntiao_team` WHERE ( `id` = 8 ) LIMIT 1   [ RunTime:0.000723s ]
SQL: SELECT `url` FROM `quntiao_picture` WHERE ( `id` = 204 ) LIMIT 1   [ RunTime:0.000289s ]
NOTIC: [8] Undefined variable: live /Applications/XAMPP/xamppfiles/htdocs/quntiao/Runtime/Cache/Home/7c2e051fd11f2ee0450c7a70191797e3.php 第 20 行.
SQL: SELECT `name` FROM `quntiao_team` WHERE ( `id` = 10 ) LIMIT 1   [ RunTime:0.000279s ]
SQL: SELECT `name` FROM `quntiao_team` WHERE ( `id` = 8 ) LIMIT 1   [ RunTime:0.000231s ]
SQL: SELECT `title` FROM `quntiao_match` WHERE ( `id` = 4 ) LIMIT 1   [ RunTime:0.000195s ]
SQL: SELECT `cover` FROM `quntiao_team` WHERE ( `id` = 22 ) LIMIT 1   [ RunTime:0.000203s ]
SQL: SELECT `url` FROM `quntiao_picture` WHERE ( `id` = 229 ) LIMIT 1   [ RunTime:0.000199s ]
NOTIC: [8] Undefined variable: live /Applications/XAMPP/xamppfiles/htdocs/quntiao/Runtime/Cache/Home/7c2e051fd11f2ee0450c7a70191797e3.php 第 10 行.
SQL: SELECT `cover` FROM `quntiao_team` WHERE ( `id` = 6 ) LIMIT 1   [ RunTime:0.000745s ]
SQL: SELECT `url` FROM `quntiao_picture` WHERE ( `id` = 202 ) LIMIT 1   [ RunTime:0.000327s ]
NOTIC: [8] Undefined variable: live /Applications/XAMPP/xamppfiles/htdocs/quntiao/Runtime/Cache/Home/7c2e051fd11f2ee0450c7a70191797e3.php 第 20 行.
SQL: SELECT `name` FROM `quntiao_team` WHERE ( `id` = 22 ) LIMIT 1   [ RunTime:0.000345s ]
SQL: SELECT `name` FROM `quntiao_team` WHERE ( `id` = 6 ) LIMIT 1   [ RunTime:0.000347s ]
SQL: SELECT `title` FROM `quntiao_match` WHERE ( `id` = 4 ) LIMIT 1   [ RunTime:0.000246s ]
INFO: Run Behavior\ParseTemplateBehavior [ RunTime:0.040234s ]
INFO: [ view_parse ] --END-- [ RunTime:-0.254291s ]
INFO: [ view_filter ] --START--
INFO: Run Behavior\WriteHtmlCacheBehavior [ RunTime:0.000016s ]
INFO: [ view_filter ] --END-- [ RunTime:-0.294073s ]
SQL: SELECT `id` FROM `quntiao_live` WHERE ( `status` = 1 ) ORDER BY follows desc LIMIT 9   [ RunTime:0.000471s ]
NOTIC: [8] Undefined variable: cacheList /Applications/XAMPP/xamppfiles/htdocs/quntiao/Application/Home/Model/LiveModel.class.php 第 71 行.
NOTIC: [8] Undefined offset: 9 /Applications/XAMPP/xamppfiles/htdocs/quntiao/Application/Home/Model/LiveModel.class.php 第 71 行.
SQL: SELECT * FROM `quntiao_live` WHERE ( `id` = 9 ) LIMIT 1   [ RunTime:0.000424s ]
NOTIC: [8] Undefined offset: 8 /Applications/XAMPP/xamppfiles/htdocs/quntiao/Application/Home/Model/LiveModel.class.php 第 71 行.
SQL: SELECT * FROM `quntiao_live` WHERE ( `id` = 8 ) LIMIT 1   [ RunTime:0.000354s ]
NOTIC: [8] Undefined offset: 7 /Applications/XAMPP/xamppfiles/htdocs/quntiao/Application/Home/Model/LiveModel.class.php 第 71 行.
SQL: SELECT * FROM `quntiao_live` WHERE ( `id` = 7 ) LIMIT 1   [ RunTime:0.000253s ]
NOTIC: [8] Undefined offset: 6 /Applications/XAMPP/xamppfiles/htdocs/quntiao/Application/Home/Model/LiveModel.class.php 第 71 行.
SQL: SELECT * FROM `quntiao_live` WHERE ( `id` = 6 ) LIMIT 1   [ RunTime:0.000312s ]
NOTIC: [8] Undefined offset: 5 /Applications/XAMPP/xamppfiles/htdocs/quntiao/Application/Home/Model/LiveModel.class.php 第 71 行.
SQL: SELECT * FROM `quntiao_live` WHERE ( `id` = 5 ) LIMIT 1   [ RunTime:0.000316s ]
NOTIC: [8] Undefined offset: 4 /Applications/XAMPP/xamppfiles/htdocs/quntiao/Application/Home/Model/LiveModel.class.php 第 71 行.
SQL: SELECT * FROM `quntiao_live` WHERE ( `id` = 4 ) LIMIT 1   [ RunTime:0.000527s ]
NOTIC: [8] Undefined offset: 3 /Applications/XAMPP/xamppfiles/htdocs/quntiao/Application/Home/Model/LiveModel.class.php 第 71 行.
SQL: SELECT * FROM `quntiao_live` WHERE ( `id` = 3 ) LIMIT 1   [ RunTime:0.000405s ]
NOTIC: [8] Undefined offset: 2 /Applications/XAMPP/xamppfiles/htdocs/quntiao/Application/Home/Model/LiveModel.class.php 第 71 行.
SQL: SELECT * FROM `quntiao_live` WHERE ( `id` = 2 ) LIMIT 1   [ RunTime:0.000289s ]
INFO: [ view_parse ] --START--
INFO: [ template_filter ] --START--
INFO: Run Behavior\ContentReplaceBehavior [ RunTime:0.000055s ]
INFO: [ template_filter ] --END-- [ RunTime:-0.353502s ]
SQL: SHOW COLUMNS FROM `quntiao_member` [ RunTime:0.001698s ]
SQL: SHOW COLUMNS FROM `quntiao_ucenter_member` [ RunTime:0.002564s ]
NOTIC: D方法实例化没找到模型类Home\Model\MemberModel
SQL: SHOW COLUMNS FROM `quntiao_member` [ RunTime:0.001291s ]
SQL: SELECT `username` FROM `quntiao_member` WHERE ( `uid` = 1 ) LIMIT 1   [ RunTime:0.000573s ]
SQL: SHOW COLUMNS FROM `quntiao_ucenter_member` [ RunTime:0.001470s ]
SQL: SELECT `username` FROM `quntiao_ucenter_member` WHERE ( `id` = 1 ) LIMIT 1   [ RunTime:0.000729s ]
SQL: SHOW COLUMNS FROM `quntiao_avatar` [ RunTime:0.002726s ]
SQL: SELECT `url` FROM `quntiao_avatar` WHERE ( `uid` = 1 ) LIMIT 1   [ RunTime:0.000521s ]
SQL: SELECT `username` FROM `quntiao_member` WHERE ( `uid` = 9 ) LIMIT 1   [ RunTime:0.000299s ]
SQL: SELECT `username` FROM `quntiao_ucenter_member` WHERE ( `id` = 9 ) LIMIT 1   [ RunTime:0.000208s ]
SQL: SELECT `url` FROM `quntiao_avatar` WHERE ( `uid` = 9 ) LIMIT 1   [ RunTime:0.000172s ]
SQL: SELECT `username` FROM `quntiao_member` WHERE ( `uid` = 8 ) LIMIT 1   [ RunTime:0.000286s ]
SQL: SELECT `username` FROM `quntiao_ucenter_member` WHERE ( `id` = 8 ) LIMIT 1   [ RunTime:0.000206s ]
SQL: SELECT `url` FROM `quntiao_avatar` WHERE ( `uid` = 8 ) LIMIT 1   [ RunTime:0.000164s ]
SQL: SELECT `username` FROM `quntiao_member` WHERE ( `uid` = 7 ) LIMIT 1   [ RunTime:0.000210s ]
SQL: SELECT `username` FROM `quntiao_ucenter_member` WHERE ( `id` = 7 ) LIMIT 1   [ RunTime:0.000227s ]
SQL: SELECT `url` FROM `quntiao_avatar` WHERE ( `uid` = 7 ) LIMIT 1   [ RunTime:0.000194s ]
SQL: SELECT `username` FROM `quntiao_member` WHERE ( `uid` = 6 ) LIMIT 1   [ RunTime:0.000406s ]
SQL: SELECT `username` FROM `quntiao_ucenter_member` WHERE ( `id` = 6 ) LIMIT 1   [ RunTime:0.000237s ]
SQL: SELECT `url` FROM `quntiao_avatar` WHERE ( `uid` = 6 ) LIMIT 1   [ RunTime:0.000231s ]
SQL: SELECT `username` FROM `quntiao_member` WHERE ( `uid` = 5 ) LIMIT 1   [ RunTime:0.000328s ]
SQL: SELECT `username` FROM `quntiao_ucenter_member` WHERE ( `id` = 5 ) LIMIT 1   [ RunTime:0.000223s ]
SQL: SELECT `url` FROM `quntiao_avatar` WHERE ( `uid` = 5 ) LIMIT 1   [ RunTime:0.000211s ]
SQL: SELECT `username` FROM `quntiao_member` WHERE ( `uid` = 4 ) LIMIT 1   [ RunTime:0.000372s ]
SQL: SELECT `username` FROM `quntiao_ucenter_member` WHERE ( `id` = 4 ) LIMIT 1   [ RunTime:0.000212s ]
SQL: SELECT `url` FROM `quntiao_avatar` WHERE ( `uid` = 4 ) LIMIT 1   [ RunTime:0.000188s ]
SQL: SELECT `username` FROM `quntiao_member` WHERE ( `uid` = 3 ) LIMIT 1   [ RunTime:0.000289s ]
SQL: SELECT `username` FROM `quntiao_ucenter_member` WHERE ( `id` = 3 ) LIMIT 1   [ RunTime:0.000250s ]
SQL: SELECT `url` FROM `quntiao_avatar` WHERE ( `uid` = 3 ) LIMIT 1   [ RunTime:0.000165s ]
SQL: SELECT `username` FROM `quntiao_member` WHERE ( `uid` = 2 ) LIMIT 1   [ RunTime:0.000280s ]
SQL: SELECT `username` FROM `quntiao_ucenter_member` WHERE ( `id` = 2 ) LIMIT 1   [ RunTime:0.000221s ]
SQL: SELECT `url` FROM `quntiao_avatar` WHERE ( `uid` = 2 ) LIMIT 1   [ RunTime:0.000168s ]
INFO: Run Behavior\ParseTemplateBehavior [ RunTime:0.045526s ]
INFO: [ view_parse ] --END-- [ RunTime:-0.308603s ]
INFO: [ view_filter ] --START--
INFO: Run Behavior\WriteHtmlCacheBehavior [ RunTime:0.000015s ]
INFO: [ view_filter ] --END-- [ RunTime:-0.353667s ]
SQL: SHOW COLUMNS FROM `quntiao_fight` [ RunTime:0.003091s ]
SQL: SELECT `id` FROM `quntiao_fight` WHERE ( `status` = 1 ) ORDER BY id desc LIMIT 5   [ RunTime:0.000747s ]
NOTIC: [8] Undefined variable: cacheList /Applications/XAMPP/xamppfiles/htdocs/quntiao/Application/Home/Model/FightModel.class.php 第 31 行.
SQL: SELECT * FROM `quntiao_fight` WHERE ( `id` = 12 ) LIMIT 1   [ RunTime:0.000274s ]
NOTIC: [8] Undefined offset: 11 /Applications/XAMPP/xamppfiles/htdocs/quntiao/Application/Home/Model/FightModel.class.php 第 31 行.
SQL: SELECT * FROM `quntiao_fight` WHERE ( `id` = 11 ) LIMIT 1   [ RunTime:0.000285s ]
NOTIC: [8] Undefined offset: 10 /Applications/XAMPP/xamppfiles/htdocs/quntiao/Application/Home/Model/FightModel.class.php 第 31 行.
SQL: SELECT * FROM `quntiao_fight` WHERE ( `id` = 10 ) LIMIT 1   [ RunTime:0.000232s ]
NOTIC: [8] Undefined offset: 9 /Applications/XAMPP/xamppfiles/htdocs/quntiao/Application/Home/Model/FightModel.class.php 第 31 行.
SQL: SELECT * FROM `quntiao_fight` WHERE ( `id` = 9 ) LIMIT 1   [ RunTime:0.000230s ]
NOTIC: [8] Undefined offset: 8 /Applications/XAMPP/xamppfiles/htdocs/quntiao/Application/Home/Model/FightModel.class.php 第 31 行.
SQL: SELECT * FROM `quntiao_fight` WHERE ( `id` = 8 ) LIMIT 1   [ RunTime:0.000310s ]
INFO: [ view_parse ] --START--
INFO: [ template_filter ] --START--
INFO: Run Behavior\ContentReplaceBehavior [ RunTime:0.000031s ]
INFO: [ template_filter ] --END-- [ RunTime:-0.411784s ]
INFO: Run Behavior\ParseTemplateBehavior [ RunTime:0.004807s ]
INFO: [ view_parse ] --END-- [ RunTime:-0.366195s ]
INFO: [ view_filter ] --START--
INFO: Run Behavior\WriteHtmlCacheBehavior [ RunTime:0.000012s ]
INFO: [ view_filter ] --END-- [ RunTime:-0.370534s ]
SQL: SHOW COLUMNS FROM `quntiao_video_album` [ RunTime:0.002806s ]
SQL: SELECT `id` FROM `quntiao_video_album` WHERE ( `status` = 1 ) ORDER BY id desc LIMIT 12   [ RunTime:0.000544s ]
NOTIC: [8] Undefined variable: cacheList /Applications/XAMPP/xamppfiles/htdocs/quntiao/Application/Home/Model/VideoAlbumModel.class.php 第 110 行.
SQL: SELECT * FROM `quntiao_video_album` WHERE ( `id` = 13 ) LIMIT 1   [ RunTime:0.000287s ]
SQL: SHOW COLUMNS FROM `quntiao_picture` [ RunTime:0.002283s ]
SQL: SELECT `url` FROM `quntiao_picture` WHERE ( `id` = 169 ) LIMIT 1   [ RunTime:0.000580s ]
NOTIC: [8] Undefined offset: 12 /Applications/XAMPP/xamppfiles/htdocs/quntiao/Application/Home/Model/VideoAlbumModel.class.php 第 110 行.
SQL: SELECT * FROM `quntiao_video_album` WHERE ( `id` = 12 ) LIMIT 1   [ RunTime:0.000383s ]
SQL: SELECT `url` FROM `quntiao_picture` WHERE ( `id` = 155 ) LIMIT 1   [ RunTime:0.000237s ]
NOTIC: [8] Undefined offset: 11 /Applications/XAMPP/xamppfiles/htdocs/quntiao/Application/Home/Model/VideoAlbumModel.class.php 第 110 行.
SQL: SELECT * FROM `quntiao_video_album` WHERE ( `id` = 11 ) LIMIT 1   [ RunTime:0.000335s ]
SQL: SELECT `url` FROM `quntiao_picture` WHERE ( `id` = 154 ) LIMIT 1   [ RunTime:0.000213s ]
NOTIC: [8] Undefined offset: 10 /Applications/XAMPP/xamppfiles/htdocs/quntiao/Application/Home/Model/VideoAlbumModel.class.php 第 110 行.
SQL: SELECT * FROM `quntiao_video_album` WHERE ( `id` = 10 ) LIMIT 1   [ RunTime:0.000301s ]
SQL: SELECT `url` FROM `quntiao_picture` WHERE ( `id` = 153 ) LIMIT 1   [ RunTime:0.000183s ]
NOTIC: [8] Undefined offset: 9 /Applications/XAMPP/xamppfiles/htdocs/quntiao/Application/Home/Model/VideoAlbumModel.class.php 第 110 行.
SQL: SELECT * FROM `quntiao_video_album` WHERE ( `id` = 9 ) LIMIT 1   [ RunTime:0.000308s ]
SQL: SELECT `url` FROM `quntiao_picture` WHERE ( `id` = 132 ) LIMIT 1   [ RunTime:0.000547s ]
NOTIC: [8] Undefined offset: 8 /Applications/XAMPP/xamppfiles/htdocs/quntiao/Application/Home/Model/VideoAlbumModel.class.php 第 110 行.
SQL: SELECT * FROM `quntiao_video_album` WHERE ( `id` = 8 ) LIMIT 1   [ RunTime:0.000330s ]
SQL: SELECT `url` FROM `quntiao_picture` WHERE ( `id` = 131 ) LIMIT 1   [ RunTime:0.000175s ]
NOTIC: [8] Undefined offset: 7 /Applications/XAMPP/xamppfiles/htdocs/quntiao/Application/Home/Model/VideoAlbumModel.class.php 第 110 行.
SQL: SELECT * FROM `quntiao_video_album` WHERE ( `id` = 7 ) LIMIT 1   [ RunTime:0.000277s ]
SQL: SELECT `url` FROM `quntiao_picture` WHERE ( `id` = 130 ) LIMIT 1   [ RunTime:0.000161s ]
NOTIC: [8] Undefined offset: 6 /Applications/XAMPP/xamppfiles/htdocs/quntiao/Application/Home/Model/VideoAlbumModel.class.php 第 110 行.
SQL: SELECT * FROM `quntiao_video_album` WHERE ( `id` = 6 ) LIMIT 1   [ RunTime:0.000427s ]
SQL: SELECT `url` FROM `quntiao_picture` WHERE ( `id` = 129 ) LIMIT 1   [ RunTime:0.000242s ]
NOTIC: [8] Undefined offset: 5 /Applications/XAMPP/xamppfiles/htdocs/quntiao/Application/Home/Model/VideoAlbumModel.class.php 第 110 行.
SQL: SELECT * FROM `quntiao_video_album` WHERE ( `id` = 5 ) LIMIT 1   [ RunTime:0.000308s ]
SQL: SELECT `url` FROM `quntiao_picture` WHERE ( `id` = 127 ) LIMIT 1   [ RunTime:0.000216s ]
NOTIC: [8] Undefined offset: 4 /Applications/XAMPP/xamppfiles/htdocs/quntiao/Application/Home/Model/VideoAlbumModel.class.php 第 110 行.
SQL: SELECT * FROM `quntiao_video_album` WHERE ( `id` = 4 ) LIMIT 1   [ RunTime:0.000288s ]
SQL: SELECT `url` FROM `quntiao_picture` WHERE ( `id` = 127 ) LIMIT 1   [ RunTime:0.000168s ]
NOTIC: [8] Undefined offset: 3 /Applications/XAMPP/xamppfiles/htdocs/quntiao/Application/Home/Model/VideoAlbumModel.class.php 第 110 行.
SQL: SELECT * FROM `quntiao_video_album` WHERE ( `id` = 3 ) LIMIT 1   [ RunTime:0.000271s ]
SQL: SELECT `url` FROM `quntiao_picture` WHERE ( `id` = 126 ) LIMIT 1   [ RunTime:0.000169s ]
NOTIC: [8] Undefined offset: 2 /Applications/XAMPP/xamppfiles/htdocs/quntiao/Application/Home/Model/VideoAlbumModel.class.php 第 110 行.
SQL: SELECT * FROM `quntiao_video_album` WHERE ( `id` = 2 ) LIMIT 1   [ RunTime:0.000272s ]
SQL: SELECT `url` FROM `quntiao_picture` WHERE ( `id` = 126 ) LIMIT 1   [ RunTime:0.000164s ]
INFO: [ view_parse ] --START--
INFO: [ template_filter ] --START--
INFO: Run Behavior\ContentReplaceBehavior [ RunTime:0.000027s ]
INFO: [ template_filter ] --END-- [ RunTime:-0.445774s ]
INFO: Run Behavior\ParseTemplateBehavior [ RunTime:0.002266s ]
INFO: [ view_parse ] --END-- [ RunTime:-0.401344s ]
INFO: [ view_filter ] --START--
INFO: Run Behavior\WriteHtmlCacheBehavior [ RunTime:0.000008s ]
INFO: [ view_filter ] --END-- [ RunTime:-0.403139s ]
SQL: SHOW COLUMNS FROM `quntiao_commentator` [ RunTime:0.002857s ]
SQL: SELECT `id` FROM `quntiao_commentator` WHERE ( `status` = 1 ) ORDER BY id desc LIMIT 12   [ RunTime:0.000513s ]
NOTIC: [8] Undefined variable: cacheList /Applications/XAMPP/xamppfiles/htdocs/quntiao/Application/Home/Model/CommentatorModel.class.php 第 31 行.
NOTIC: [8] Undefined variable: commentator /Applications/XAMPP/xamppfiles/htdocs/quntiao/Application/Home/Model/CommentatorModel.class.php 第 18 行.
SQL: SELECT * FROM `quntiao_commentator` WHERE ( `id` = 12 ) LIMIT 1   [ RunTime:0.000314s ]
NOTIC: [8] Undefined offset: 11 /Applications/XAMPP/xamppfiles/htdocs/quntiao/Application/Home/Model/CommentatorModel.class.php 第 31 行.
NOTIC: [8] Undefined variable: commentator /Applications/XAMPP/xamppfiles/htdocs/quntiao/Application/Home/Model/CommentatorModel.class.php 第 18 行.
SQL: SELECT * FROM `quntiao_commentator` WHERE ( `id` = 11 ) LIMIT 1   [ RunTime:0.000372s ]
NOTIC: [8] Undefined offset: 10 /Applications/XAMPP/xamppfiles/htdocs/quntiao/Application/Home/Model/CommentatorModel.class.php 第 31 行.
NOTIC: [8] Undefined variable: commentator /Applications/XAMPP/xamppfiles/htdocs/quntiao/Application/Home/Model/CommentatorModel.class.php 第 18 行.
SQL: SELECT * FROM `quntiao_commentator` WHERE ( `id` = 10 ) LIMIT 1   [ RunTime:0.000787s ]
NOTIC: [8] Undefined offset: 9 /Applications/XAMPP/xamppfiles/htdocs/quntiao/Application/Home/Model/CommentatorModel.class.php 第 31 行.
NOTIC: [8] Undefined variable: commentator /Applications/XAMPP/xamppfiles/htdocs/quntiao/Application/Home/Model/CommentatorModel.class.php 第 18 行.
SQL: SELECT * FROM `quntiao_commentator` WHERE ( `id` = 9 ) LIMIT 1   [ RunTime:0.000569s ]
NOTIC: [8] Undefined offset: 8 /Applications/XAMPP/xamppfiles/htdocs/quntiao/Application/Home/Model/CommentatorModel.class.php 第 31 行.
NOTIC: [8] Undefined variable: commentator /Applications/XAMPP/xamppfiles/htdocs/quntiao/Application/Home/Model/CommentatorModel.class.php 第 18 行.
SQL: SELECT * FROM `quntiao_commentator` WHERE ( `id` = 8 ) LIMIT 1   [ RunTime:0.000383s ]
NOTIC: [8] Undefined offset: 7 /Applications/XAMPP/xamppfiles/htdocs/quntiao/Application/Home/Model/CommentatorModel.class.php 第 31 行.
NOTIC: [8] Undefined variable: commentator /Applications/XAMPP/xamppfiles/htdocs/quntiao/Application/Home/Model/CommentatorModel.class.php 第 18 行.
SQL: SELECT * FROM `quntiao_commentator` WHERE ( `id` = 7 ) LIMIT 1   [ RunTime:0.000320s ]
NOTIC: [8] Undefined offset: 6 /Applications/XAMPP/xamppfiles/htdocs/quntiao/Application/Home/Model/CommentatorModel.class.php 第 31 行.
NOTIC: [8] Undefined variable: commentator /Applications/XAMPP/xamppfiles/htdocs/quntiao/Application/Home/Model/CommentatorModel.class.php 第 18 行.
SQL: SELECT * FROM `quntiao_commentator` WHERE ( `id` = 6 ) LIMIT 1   [ RunTime:0.000336s ]
NOTIC: [8] Undefined offset: 5 /Applications/XAMPP/xamppfiles/htdocs/quntiao/Application/Home/Model/CommentatorModel.class.php 第 31 行.
NOTIC: [8] Undefined variable: commentator /Applications/XAMPP/xamppfiles/htdocs/quntiao/Application/Home/Model/CommentatorModel.class.php 第 18 行.
SQL: SELECT * FROM `quntiao_commentator` WHERE ( `id` = 5 ) LIMIT 1   [ RunTime:0.000255s ]
NOTIC: [8] Undefined offset: 4 /Applications/XAMPP/xamppfiles/htdocs/quntiao/Application/Home/Model/CommentatorModel.class.php 第 31 行.
NOTIC: [8] Undefined variable: commentator /Applications/XAMPP/xamppfiles/htdocs/quntiao/Application/Home/Model/CommentatorModel.class.php 第 18 行.
SQL: SELECT * FROM `quntiao_commentator` WHERE ( `id` = 4 ) LIMIT 1   [ RunTime:0.000217s ]
NOTIC: [8] Undefined offset: 3 /Applications/XAMPP/xamppfiles/htdocs/quntiao/Application/Home/Model/CommentatorModel.class.php 第 31 行.
NOTIC: [8] Undefined variable: commentator /Applications/XAMPP/xamppfiles/htdocs/quntiao/Application/Home/Model/CommentatorModel.class.php 第 18 行.
SQL: SELECT * FROM `quntiao_commentator` WHERE ( `id` = 3 ) LIMIT 1   [ RunTime:0.000210s ]
NOTIC: [8] Undefined offset: 2 /Applications/XAMPP/xamppfiles/htdocs/quntiao/Application/Home/Model/CommentatorModel.class.php 第 31 行.
NOTIC: [8] Undefined variable: commentator /Applications/XAMPP/xamppfiles/htdocs/quntiao/Application/Home/Model/CommentatorModel.class.php 第 18 行.
SQL: SELECT * FROM `quntiao_commentator` WHERE ( `id` = 2 ) LIMIT 1   [ RunTime:0.000218s ]
NOTIC: [8] Undefined offset: 1 /Applications/XAMPP/xamppfiles/htdocs/quntiao/Application/Home/Model/CommentatorModel.class.php 第 31 行.
NOTIC: [8] Undefined variable: commentator /Applications/XAMPP/xamppfiles/htdocs/quntiao/Application/Home/Model/CommentatorModel.class.php 第 18 行.
SQL: SELECT * FROM `quntiao_commentator` WHERE ( `id` = 1 ) LIMIT 1   [ RunTime:0.000322s ]
INFO: [ view_parse ] --START--
INFO: [ template_filter ] --START--
INFO: Run Behavior\ContentReplaceBehavior [ RunTime:0.000051s ]
INFO: [ template_filter ] --END-- [ RunTime:-0.465910s ]
SQL: SELECT `username` FROM `quntiao_member` WHERE ( `uid` = 12 ) LIMIT 1   [ RunTime:0.000448s ]
SQL: SELECT `username` FROM `quntiao_ucenter_member` WHERE ( `id` = 12 ) LIMIT 1   [ RunTime:0.000242s ]
SQL: SELECT `url` FROM `quntiao_avatar` WHERE ( `uid` = 12 ) LIMIT 1   [ RunTime:0.000184s ]
SQL: SELECT `username` FROM `quntiao_member` WHERE ( `uid` = 11 ) LIMIT 1   [ RunTime:0.000315s ]
SQL: SELECT `username` FROM `quntiao_ucenter_member` WHERE ( `id` = 11 ) LIMIT 1   [ RunTime:0.000268s ]
SQL: SELECT `url` FROM `quntiao_avatar` WHERE ( `uid` = 11 ) LIMIT 1   [ RunTime:0.000311s ]
INFO: Run Behavior\ParseTemplateBehavior [ RunTime:0.010578s ]
INFO: [ view_parse ] --END-- [ RunTime:-0.420747s ]
INFO: [ view_filter ] --START--
INFO: Run Behavior\WriteHtmlCacheBehavior [ RunTime:0.000011s ]
INFO: [ view_filter ] --END-- [ RunTime:-0.430876s ]
INFO: Run Behavior\ParseTemplateBehavior [ RunTime:0.010766s ]
INFO: [ view_parse ] --END-- [ RunTime:-0.420747s ]
INFO: [ view_filter ] --START--
INFO: Run Behavior\WriteHtmlCacheBehavior [ RunTime:0.000007s ]
INFO: [ view_filter ] --END-- [ RunTime:-0.431070s ]
INFO: [ app_end ] --START--
INFO: Run Behavior\ShowPageTraceBehavior [ RunTime:0.001086s ]
INFO: [ app_end ] --END-- [ RunTime:0.001173s ]

[ 2014-09-25T20:36:52+08:00 ] 127.0.0.1 /index.php?s=/Usercenter/Public/getInformation.html
INFO: [ app_begin ] --START--
INFO: Run Behavior\ReadHtmlCacheBehavior [ RunTime:0.000691s ]
INFO: [ app_begin ] --END-- [ RunTime:0.001216s ]
SQL: SHOW COLUMNS FROM `quntiao_message` [ RunTime:0.002880s ]
SQL: SHOW COLUMNS FROM `quntiao_message` [ RunTime:0.001334s ]
SQL: SELECT * FROM `quntiao_message` WHERE ( to_uid=0 and  is_read=0  and last_toast=0 ) ORDER BY id desc LIMIT 99999   [ RunTime:0.000738s ]
NOTIC: [2] Invalid argument supplied for foreach() /Applications/XAMPP/xamppfiles/htdocs/quntiao/Application/Common/Model/MessageModel.class.php 第 16 行.
SQL: UPDATE `quntiao_message` SET `last_toast`=1411648612 WHERE ( to_uid=0 and  is_read=0 and last_toast=0 ) [ RunTime:0.002369s ]
SQL: SHOW COLUMNS FROM `quntiao_talk_push` [ RunTime:0.003129s ]
SQL: SELECT * FROM `quntiao_talk_push` WHERE ( `uid` = 0 ) AND ( `status` = 0 )  [ RunTime:0.000322s ]
NOTIC: [2] Invalid argument supplied for foreach() /Applications/XAMPP/xamppfiles/htdocs/quntiao/Application/Common/Model/TalkPushModel.class.php 第 11 行.
SQL: UPDATE `quntiao_talk_push` SET `status`=1 WHERE ( `uid` = 0 ) AND ( `status` = 0 ) [ RunTime:0.000227s ]
SQL: SHOW COLUMNS FROM `quntiao_talk_message_push` [ RunTime:0.003140s ]
SQL: SELECT * FROM `quntiao_talk_message_push` WHERE ( `uid` = 0 ) AND ( `status` = 0 )  [ RunTime:0.000319s ]
NOTIC: [2] Invalid argument supplied for foreach() /Applications/XAMPP/xamppfiles/htdocs/quntiao/Application/Common/Model/TalkMessagePushModel.class.php 第 15 行.
SQL: UPDATE `quntiao_talk_message_push` SET `status`=1 WHERE ( `uid` = 0 ) AND ( `status` = 0 ) [ RunTime:0.000247s ]
NOTIC: [2] Invalid argument supplied for foreach() /Applications/XAMPP/xamppfiles/htdocs/quntiao/Application/Usercenter/Controller/PublicController.class.php 第 84 行.

