[ 2014-08-11T14:57:50+08:00 ] 127.0.0.1 /
INFO: [ view_parse ] --START--
INFO: [ template_filter ] --START--
INFO: Run Behavior\ContentReplaceBehavior [ RunTime:0.000099s ]
INFO: [ template_filter ] --END-- [ RunTime:0.000149s ]
SQL: SHOW COLUMNS FROM `quntiao_seo_rule` [ RunTime:0.003680s ]
NOTIC: [2] Invalid argument supplied for foreach() /Applications/XAMPP/xamppfiles/htdocs/quntiao/Application/Common/Common/seo.php 第 10 行.
SQL: SHOW COLUMNS FROM `quntiao_ad` [ RunTime:0.004758s ]
SQL: SELECT `id` FROM `quntiao_ad` WHERE ( `status` = 1 ) AND ( `module` = 'home' ) AND ( `place` = 0 ) ORDER BY id desc LIMIT 5   [ RunTime:0.000770s ]
NOTIC: [8] Undefined variable: cacheList /Applications/XAMPP/xamppfiles/htdocs/quntiao/Application/Home/Model/AdModel.class.php 第 31 行.
SQL: SELECT * FROM `quntiao_ad` WHERE ( `id` = 2 ) LIMIT 1   [ RunTime:0.000323s ]
NOTIC: [8] Undefined offset: 1 /Applications/XAMPP/xamppfiles/htdocs/quntiao/Application/Home/Model/AdModel.class.php 第 31 行.
SQL: SELECT * FROM `quntiao_ad` WHERE ( `id` = 1 ) LIMIT 1   [ RunTime:0.000307s ]
SQL: SELECT `id` FROM `quntiao_ad` WHERE ( `status` = 1 ) AND ( `module` = 'home' ) AND ( `place` = 1 ) ORDER BY id desc LIMIT 2   [ RunTime:0.000399s ]
NOTIC: [8] Undefined variable: cacheList /Applications/XAMPP/xamppfiles/htdocs/quntiao/Application/Home/Model/AdModel.class.php 第 31 行.
SQL: SELECT * FROM `quntiao_ad` WHERE ( `id` = 4 ) LIMIT 1   [ RunTime:0.000319s ]
NOTIC: [8] Undefined offset: 3 /Applications/XAMPP/xamppfiles/htdocs/quntiao/Application/Home/Model/AdModel.class.php 第 31 行.
SQL: SELECT * FROM `quntiao_ad` WHERE ( `id` = 3 ) LIMIT 1   [ RunTime:0.000276s ]
INFO: [ view_parse ] --START--
INFO: [ template_filter ] --START--
INFO: Run Behavior\ContentReplaceBehavior [ RunTime:0.000034s ]
INFO: [ template_filter ] --END-- [ RunTime:-0.033165s ]
SQL: SHOW COLUMNS FROM `quntiao_picture` [ RunTime:0.003753s ]
SQL: SELECT `url` FROM `quntiao_picture` WHERE ( `id` = 150 ) LIMIT 1   [ RunTime:0.000552s ]
SQL: SELECT `url` FROM `quntiao_picture` WHERE ( `id` = 149 ) LIMIT 1   [ RunTime:0.000240s ]
SQL: SELECT `url` FROM `quntiao_picture` WHERE ( `id` = 152 ) LIMIT 1   [ RunTime:0.000276s ]
SQL: SELECT `url` FROM `quntiao_picture` WHERE ( `id` = 151 ) LIMIT 1   [ RunTime:0.000245s ]
INFO: Run Behavior\ParseTemplateBehavior [ RunTime:0.013473s ]
INFO: [ view_parse ] --END-- [ RunTime:0.013532s ]
INFO: [ view_filter ] --START--
INFO: Run Behavior\WriteHtmlCacheBehavior [ RunTime:0.000534s ]
INFO: [ view_filter ] --END-- [ RunTime:0.000578s ]
SQL: SHOW COLUMNS FROM `quntiao_match_game` [ RunTime:0.006877s ]
SQL: SELECT `id` FROM `quntiao_match_game` WHERE ( `status` = 1 ) AND ( `game_status` < 2 ) ORDER BY follows desc LIMIT 3   [ RunTime:0.000719s ]
NOTIC: [8] Undefined variable: cacheList /Applications/XAMPP/xamppfiles/htdocs/quntiao/Application/Home/Model/MatchGameModel.class.php 第 31 行.
SQL: SELECT * FROM `quntiao_match_game` WHERE ( `id` = 15 ) LIMIT 1   [ RunTime:0.000309s ]
NOTIC: [8] Undefined offset: 5 /Applications/XAMPP/xamppfiles/htdocs/quntiao/Application/Home/Model/MatchGameModel.class.php 第 31 行.
SQL: SELECT * FROM `quntiao_match_game` WHERE ( `id` = 5 ) LIMIT 1   [ RunTime:0.000410s ]
NOTIC: [8] Undefined offset: 7 /Applications/XAMPP/xamppfiles/htdocs/quntiao/Application/Home/Model/MatchGameModel.class.php 第 31 行.
SQL: SELECT * FROM `quntiao_match_game` WHERE ( `id` = 7 ) LIMIT 1   [ RunTime:0.000402s ]
INFO: [ view_parse ] --START--
INFO: [ template_filter ] --START--
INFO: Run Behavior\ContentReplaceBehavior [ RunTime:0.000032s ]
INFO: [ template_filter ] --END-- [ RunTime:-0.065541s ]
SQL: SHOW COLUMNS FROM `quntiao_team` [ RunTime:0.005500s ]
SQL: SELECT `cover` FROM `quntiao_team` WHERE ( `id` = 3 ) LIMIT 1   [ RunTime:0.000659s ]
SQL: SELECT `url` FROM `quntiao_picture` WHERE ( `id` = 199 ) LIMIT 1   [ RunTime:0.000579s ]
NOTIC: [8] Undefined variable: live /Applications/XAMPP/xamppfiles/htdocs/quntiao/Runtime/Cache/Home/aeaedd05c0fa32bda704dea494569ccb.php 第 10 行.
SQL: SELECT `cover` FROM `quntiao_team` WHERE ( `id` = 19 ) LIMIT 1   [ RunTime:0.000531s ]
SQL: SELECT `url` FROM `quntiao_picture` WHERE ( `id` = 215 ) LIMIT 1   [ RunTime:0.000550s ]
NOTIC: [8] Undefined variable: live /Applications/XAMPP/xamppfiles/htdocs/quntiao/Runtime/Cache/Home/aeaedd05c0fa32bda704dea494569ccb.php 第 20 行.
SQL: SELECT `name` FROM `quntiao_team` WHERE ( `id` = 3 ) LIMIT 1   [ RunTime:0.000218s ]
SQL: SELECT `name` FROM `quntiao_team` WHERE ( `id` = 19 ) LIMIT 1   [ RunTime:0.000592s ]
SQL: SHOW COLUMNS FROM `quntiao_match` [ RunTime:0.004683s ]
SQL: SELECT `title` FROM `quntiao_match` WHERE ( `id` = 4 ) LIMIT 1   [ RunTime:0.000563s ]
SQL: SELECT `cover` FROM `quntiao_team` WHERE ( `id` = 26 ) LIMIT 1   [ RunTime:0.000547s ]
SQL: SELECT `url` FROM `quntiao_picture` WHERE ( `id` = 223 ) LIMIT 1   [ RunTime:0.000263s ]
NOTIC: [8] Undefined variable: live /Applications/XAMPP/xamppfiles/htdocs/quntiao/Runtime/Cache/Home/aeaedd05c0fa32bda704dea494569ccb.php 第 10 行.
SQL: SELECT `cover` FROM `quntiao_team` WHERE ( `id` = 15 ) LIMIT 1   [ RunTime:0.000265s ]
SQL: SELECT `url` FROM `quntiao_picture` WHERE ( `id` = 211 ) LIMIT 1   [ RunTime:0.000250s ]
NOTIC: [8] Undefined variable: live /Applications/XAMPP/xamppfiles/htdocs/quntiao/Runtime/Cache/Home/aeaedd05c0fa32bda704dea494569ccb.php 第 20 行.
SQL: SELECT `name` FROM `quntiao_team` WHERE ( `id` = 26 ) LIMIT 1   [ RunTime:0.000260s ]
SQL: SELECT `name` FROM `quntiao_team` WHERE ( `id` = 15 ) LIMIT 1   [ RunTime:0.000221s ]
SQL: SELECT `title` FROM `quntiao_match` WHERE ( `id` = 4 ) LIMIT 1   [ RunTime:0.000249s ]
SQL: SELECT `cover` FROM `quntiao_team` WHERE ( `id` = 27 ) LIMIT 1   [ RunTime:0.000260s ]
SQL: SELECT `url` FROM `quntiao_picture` WHERE ( `id` = 224 ) LIMIT 1   [ RunTime:0.000228s ]
NOTIC: [8] Undefined variable: live /Applications/XAMPP/xamppfiles/htdocs/quntiao/Runtime/Cache/Home/aeaedd05c0fa32bda704dea494569ccb.php 第 10 行.
SQL: SELECT `cover` FROM `quntiao_team` WHERE ( `id` = 28 ) LIMIT 1   [ RunTime:0.000338s ]
SQL: SELECT `url` FROM `quntiao_picture` WHERE ( `id` = 225 ) LIMIT 1   [ RunTime:0.000300s ]
NOTIC: [8] Undefined variable: live /Applications/XAMPP/xamppfiles/htdocs/quntiao/Runtime/Cache/Home/aeaedd05c0fa32bda704dea494569ccb.php 第 20 行.
SQL: SELECT `name` FROM `quntiao_team` WHERE ( `id` = 27 ) LIMIT 1   [ RunTime:0.000390s ]
SQL: SELECT `name` FROM `quntiao_team` WHERE ( `id` = 28 ) LIMIT 1   [ RunTime:0.000232s ]
SQL: SELECT `title` FROM `quntiao_match` WHERE ( `id` = 4 ) LIMIT 1   [ RunTime:0.000240s ]
INFO: Run Behavior\ParseTemplateBehavior [ RunTime:0.090031s ]
INFO: [ view_parse ] --END-- [ RunTime:-0.018071s ]
INFO: [ view_filter ] --START--
INFO: Run Behavior\WriteHtmlCacheBehavior [ RunTime:0.000015s ]
INFO: [ view_filter ] --END-- [ RunTime:-0.107585s ]
SQL: SHOW COLUMNS FROM `quntiao_game` [ RunTime:0.003418s ]
SQL: SELECT `id` FROM `quntiao_game` WHERE ( `pid` = 1 ) ORDER BY sort asc LIMIT 5   [ RunTime:0.000716s ]
NOTIC: [8] Undefined variable: cacheList /Applications/XAMPP/xamppfiles/htdocs/quntiao/Application/Home/Model/GameModel.class.php 第 75 行.
SQL: SELECT * FROM `quntiao_game` WHERE ( `id` = 10005 ) LIMIT 1   [ RunTime:0.000301s ]
NOTIC: [8] Undefined offset: 10007 /Applications/XAMPP/xamppfiles/htdocs/quntiao/Application/Home/Model/GameModel.class.php 第 75 行.
SQL: SELECT * FROM `quntiao_game` WHERE ( `id` = 10007 ) LIMIT 1   [ RunTime:0.000280s ]
NOTIC: [8] Undefined offset: 10006 /Applications/XAMPP/xamppfiles/htdocs/quntiao/Application/Home/Model/GameModel.class.php 第 75 行.
SQL: SELECT * FROM `quntiao_game` WHERE ( `id` = 10006 ) LIMIT 1   [ RunTime:0.000239s ]
NOTIC: [8] Undefined offset: 10008 /Applications/XAMPP/xamppfiles/htdocs/quntiao/Application/Home/Model/GameModel.class.php 第 75 行.
SQL: SELECT * FROM `quntiao_game` WHERE ( `id` = 10008 ) LIMIT 1   [ RunTime:0.000320s ]
NOTIC: [8] Undefined offset: 10009 /Applications/XAMPP/xamppfiles/htdocs/quntiao/Application/Home/Model/GameModel.class.php 第 75 行.
SQL: SELECT * FROM `quntiao_game` WHERE ( `id` = 10009 ) LIMIT 1   [ RunTime:0.000338s ]
INFO: [ view_parse ] --START--
INFO: [ template_filter ] --START--
INFO: Run Behavior\ContentReplaceBehavior [ RunTime:0.000033s ]
INFO: [ template_filter ] --END-- [ RunTime:-0.170212s ]
SQL: SELECT `url` FROM `quntiao_picture` WHERE ( `id` = 36 ) LIMIT 1   [ RunTime:0.000644s ]
SQL: SELECT `url` FROM `quntiao_picture` WHERE ( `id` = 44 ) LIMIT 1   [ RunTime:0.000305s ]
SQL: SELECT `url` FROM `quntiao_picture` WHERE ( `id` = 42 ) LIMIT 1   [ RunTime:0.000224s ]
SQL: SELECT `url` FROM `quntiao_picture` WHERE ( `id` = 45 ) LIMIT 1   [ RunTime:0.000237s ]
SQL: SELECT `url` FROM `quntiao_picture` WHERE ( `id` = 46 ) LIMIT 1   [ RunTime:0.000249s ]
INFO: Run Behavior\ParseTemplateBehavior [ RunTime:0.012836s ]
INFO: [ view_parse ] --END-- [ RunTime:-0.123759s ]
INFO: [ view_filter ] --START--
INFO: Run Behavior\WriteHtmlCacheBehavior [ RunTime:0.000016s ]
INFO: [ view_filter ] --END-- [ RunTime:-0.136080s ]
SQL: SHOW COLUMNS FROM `quntiao_live` [ RunTime:0.002596s ]
SQL: SELECT `id` FROM `quntiao_live` WHERE ( `status` = 1 ) ORDER BY id desc LIMIT 8   [ RunTime:0.000801s ]
NOTIC: [8] Undefined variable: cacheList /Applications/XAMPP/xamppfiles/htdocs/quntiao/Application/Home/Model/LiveModel.class.php 第 71 行.
SQL: SELECT * FROM `quntiao_live` WHERE ( `id` = 21 ) LIMIT 1   [ RunTime:0.000340s ]
NOTIC: [8] Undefined offset: 20 /Applications/XAMPP/xamppfiles/htdocs/quntiao/Application/Home/Model/LiveModel.class.php 第 71 行.
SQL: SELECT * FROM `quntiao_live` WHERE ( `id` = 20 ) LIMIT 1   [ RunTime:0.000297s ]
NOTIC: [8] Undefined offset: 19 /Applications/XAMPP/xamppfiles/htdocs/quntiao/Application/Home/Model/LiveModel.class.php 第 71 行.
SQL: SELECT * FROM `quntiao_live` WHERE ( `id` = 19 ) LIMIT 1   [ RunTime:0.000295s ]
NOTIC: [8] Undefined offset: 18 /Applications/XAMPP/xamppfiles/htdocs/quntiao/Application/Home/Model/LiveModel.class.php 第 71 行.
SQL: SELECT * FROM `quntiao_live` WHERE ( `id` = 18 ) LIMIT 1   [ RunTime:0.000341s ]
NOTIC: [8] Undefined offset: 17 /Applications/XAMPP/xamppfiles/htdocs/quntiao/Application/Home/Model/LiveModel.class.php 第 71 行.
SQL: SELECT * FROM `quntiao_live` WHERE ( `id` = 17 ) LIMIT 1   [ RunTime:0.000317s ]
NOTIC: [8] Undefined offset: 16 /Applications/XAMPP/xamppfiles/htdocs/quntiao/Application/Home/Model/LiveModel.class.php 第 71 行.
SQL: SELECT * FROM `quntiao_live` WHERE ( `id` = 16 ) LIMIT 1   [ RunTime:0.000284s ]
NOTIC: [8] Undefined offset: 15 /Applications/XAMPP/xamppfiles/htdocs/quntiao/Application/Home/Model/LiveModel.class.php 第 71 行.
SQL: SELECT * FROM `quntiao_live` WHERE ( `id` = 15 ) LIMIT 1   [ RunTime:0.000265s ]
NOTIC: [8] Undefined offset: 14 /Applications/XAMPP/xamppfiles/htdocs/quntiao/Application/Home/Model/LiveModel.class.php 第 71 行.
SQL: SELECT * FROM `quntiao_live` WHERE ( `id` = 14 ) LIMIT 1   [ RunTime:0.000289s ]
INFO: [ view_parse ] --START--
INFO: [ template_filter ] --START--
INFO: Run Behavior\ContentReplaceBehavior [ RunTime:0.000044s ]
INFO: [ template_filter ] --END-- [ RunTime:-0.202347s ]
SQL: SELECT `url` FROM `quntiao_picture` WHERE ( `id` = 298 ) LIMIT 1   [ RunTime:0.000587s ]
SQL: SELECT `url` FROM `quntiao_picture` WHERE ( `id` = 297 ) LIMIT 1   [ RunTime:0.000267s ]
SQL: SELECT `url` FROM `quntiao_picture` WHERE ( `id` = 296 ) LIMIT 1   [ RunTime:0.000232s ]
SQL: SELECT `url` FROM `quntiao_picture` WHERE ( `id` = 295 ) LIMIT 1   [ RunTime:0.000301s ]
SQL: SELECT `url` FROM `quntiao_picture` WHERE ( `id` = 294 ) LIMIT 1   [ RunTime:0.000242s ]
SQL: SELECT `url` FROM `quntiao_picture` WHERE ( `id` = 293 ) LIMIT 1   [ RunTime:0.000217s ]
SQL: SELECT `url` FROM `quntiao_picture` WHERE ( `id` = 292 ) LIMIT 1   [ RunTime:0.000231s ]
SQL: SELECT `url` FROM `quntiao_picture` WHERE ( `id` = 290 ) LIMIT 1   [ RunTime:0.000477s ]
INFO: Run Behavior\ParseTemplateBehavior [ RunTime:0.014970s ]
INFO: [ view_parse ] --END-- [ RunTime:-0.155542s ]
INFO: [ view_filter ] --START--
INFO: Run Behavior\WriteHtmlCacheBehavior [ RunTime:0.000011s ]
INFO: [ view_filter ] --END-- [ RunTime:-0.169991s ]
SQL: SHOW COLUMNS FROM `quntiao_video` [ RunTime:0.003234s ]
SQL: SELECT `id` FROM `quntiao_video` WHERE ( `status` = 1 ) ORDER BY id desc LIMIT 12   [ RunTime:0.000651s ]
NOTIC: [8] Undefined variable: cacheList /Applications/XAMPP/xamppfiles/htdocs/quntiao/Application/Home/Model/VideoModel.class.php 第 290 行.
SQL: SELECT * FROM `quntiao_video` WHERE ( `id` = 47 ) LIMIT 1   [ RunTime:0.000322s ]
NOTIC: [8] Undefined offset: 46 /Applications/XAMPP/xamppfiles/htdocs/quntiao/Application/Home/Model/VideoModel.class.php 第 290 行.
SQL: SELECT * FROM `quntiao_video` WHERE ( `id` = 46 ) LIMIT 1   [ RunTime:0.000236s ]
NOTIC: [8] Undefined offset: 45 /Applications/XAMPP/xamppfiles/htdocs/quntiao/Application/Home/Model/VideoModel.class.php 第 290 行.
SQL: SELECT * FROM `quntiao_video` WHERE ( `id` = 45 ) LIMIT 1   [ RunTime:0.000235s ]
NOTIC: [8] Undefined offset: 44 /Applications/XAMPP/xamppfiles/htdocs/quntiao/Application/Home/Model/VideoModel.class.php 第 290 行.
SQL: SELECT * FROM `quntiao_video` WHERE ( `id` = 44 ) LIMIT 1   [ RunTime:0.000251s ]
NOTIC: [8] Undefined offset: 43 /Applications/XAMPP/xamppfiles/htdocs/quntiao/Application/Home/Model/VideoModel.class.php 第 290 行.
SQL: SELECT * FROM `quntiao_video` WHERE ( `id` = 43 ) LIMIT 1   [ RunTime:0.000236s ]
NOTIC: [8] Undefined offset: 42 /Applications/XAMPP/xamppfiles/htdocs/quntiao/Application/Home/Model/VideoModel.class.php 第 290 行.
SQL: SELECT * FROM `quntiao_video` WHERE ( `id` = 42 ) LIMIT 1   [ RunTime:0.000259s ]
NOTIC: [8] Undefined offset: 41 /Applications/XAMPP/xamppfiles/htdocs/quntiao/Application/Home/Model/VideoModel.class.php 第 290 行.
SQL: SELECT * FROM `quntiao_video` WHERE ( `id` = 41 ) LIMIT 1   [ RunTime:0.000316s ]
NOTIC: [8] Undefined offset: 40 /Applications/XAMPP/xamppfiles/htdocs/quntiao/Application/Home/Model/VideoModel.class.php 第 290 行.
SQL: SELECT * FROM `quntiao_video` WHERE ( `id` = 40 ) LIMIT 1   [ RunTime:0.000338s ]
NOTIC: [8] Undefined offset: 39 /Applications/XAMPP/xamppfiles/htdocs/quntiao/Application/Home/Model/VideoModel.class.php 第 290 行.
SQL: SELECT * FROM `quntiao_video` WHERE ( `id` = 39 ) LIMIT 1   [ RunTime:0.000313s ]
NOTIC: [8] Undefined offset: 38 /Applications/XAMPP/xamppfiles/htdocs/quntiao/Application/Home/Model/VideoModel.class.php 第 290 行.
SQL: SELECT * FROM `quntiao_video` WHERE ( `id` = 38 ) LIMIT 1   [ RunTime:0.000268s ]
NOTIC: [8] Undefined offset: 37 /Applications/XAMPP/xamppfiles/htdocs/quntiao/Application/Home/Model/VideoModel.class.php 第 290 行.
SQL: SELECT * FROM `quntiao_video` WHERE ( `id` = 37 ) LIMIT 1   [ RunTime:0.000335s ]
NOTIC: [8] Undefined offset: 36 /Applications/XAMPP/xamppfiles/htdocs/quntiao/Application/Home/Model/VideoModel.class.php 第 290 行.
SQL: SELECT * FROM `quntiao_video` WHERE ( `id` = 36 ) LIMIT 1   [ RunTime:0.000282s ]
SQL: SELECT `id` FROM `quntiao_video` WHERE ( `status` = 1 ) AND ( `edit_status` = 1 ) ORDER BY id desc LIMIT 2   [ RunTime:0.000266s ]
NOTIC: [8] Undefined variable: cacheList /Applications/XAMPP/xamppfiles/htdocs/quntiao/Application/Home/Model/VideoModel.class.php 第 290 行.
NOTIC: [8] Undefined offset: 46 /Applications/XAMPP/xamppfiles/htdocs/quntiao/Application/Home/Model/VideoModel.class.php 第 290 行.
INFO: [ view_parse ] --START--
INFO: [ template_filter ] --START--
INFO: Run Behavior\ContentReplaceBehavior [ RunTime:0.000035s ]
INFO: [ template_filter ] --END-- [ RunTime:-0.247375s ]
SQL: SELECT `url` FROM `quntiao_picture` WHERE ( `id` = 275 ) LIMIT 1   [ RunTime:0.000384s ]
SQL: SELECT `url` FROM `quntiao_picture` WHERE ( `id` = 274 ) LIMIT 1   [ RunTime:0.000328s ]
SQL: SELECT `url` FROM `quntiao_picture` WHERE ( `id` = 275 ) LIMIT 1   [ RunTime:0.000244s ]
SQL: SELECT `url` FROM `quntiao_picture` WHERE ( `id` = 274 ) LIMIT 1   [ RunTime:0.000203s ]
SQL: SELECT `url` FROM `quntiao_picture` WHERE ( `id` = 273 ) LIMIT 1   [ RunTime:0.000187s ]
SQL: SELECT `url` FROM `quntiao_picture` WHERE ( `id` = 272 ) LIMIT 1   [ RunTime:0.000200s ]
SQL: SELECT `url` FROM `quntiao_picture` WHERE ( `id` = 271 ) LIMIT 1   [ RunTime:0.000294s ]
SQL: SELECT `url` FROM `quntiao_picture` WHERE ( `id` = 270 ) LIMIT 1   [ RunTime:0.000508s ]
SQL: SELECT `url` FROM `quntiao_picture` WHERE ( `id` = 269 ) LIMIT 1   [ RunTime:0.000227s ]
SQL: SELECT `url` FROM `quntiao_picture` WHERE ( `id` = 268 ) LIMIT 1   [ RunTime:0.000469s ]
SQL: SELECT `url` FROM `quntiao_picture` WHERE ( `id` = 267 ) LIMIT 1   [ RunTime:0.000290s ]
SQL: SELECT `url` FROM `quntiao_picture` WHERE ( `id` = 266 ) LIMIT 1   [ RunTime:0.000212s ]
SQL: SELECT `url` FROM `quntiao_picture` WHERE ( `id` = 265 ) LIMIT 1   [ RunTime:0.000198s ]
SQL: SELECT `url` FROM `quntiao_picture` WHERE ( `id` = 264 ) LIMIT 1   [ RunTime:0.000202s ]
INFO: Run Behavior\ParseTemplateBehavior [ RunTime:0.020728s ]
INFO: [ view_parse ] --END-- [ RunTime:-0.199868s ]
INFO: [ view_filter ] --START--
INFO: Run Behavior\WriteHtmlCacheBehavior [ RunTime:0.000011s ]
INFO: [ view_filter ] --END-- [ RunTime:-0.220070s ]
SQL: SHOW COLUMNS FROM `quntiao_team` [ RunTime:0.001776s ]
SQL: SELECT `id` FROM `quntiao_team` ORDER BY id desc LIMIT 10   [ RunTime:0.000229s ]
NOTIC: [8] Undefined variable: cacheList /Applications/XAMPP/xamppfiles/htdocs/quntiao/Application/Home/Model/TeamModel.class.php 第 80 行.
SQL: SELECT * FROM `quntiao_team` WHERE ( `id` = 32 ) LIMIT 1   [ RunTime:0.000334s ]
NOTIC: [8] Undefined offset: 31 /Applications/XAMPP/xamppfiles/htdocs/quntiao/Application/Home/Model/TeamModel.class.php 第 80 行.
SQL: SELECT * FROM `quntiao_team` WHERE ( `id` = 31 ) LIMIT 1   [ RunTime:0.000403s ]
NOTIC: [8] Undefined offset: 30 /Applications/XAMPP/xamppfiles/htdocs/quntiao/Application/Home/Model/TeamModel.class.php 第 80 行.
SQL: SELECT * FROM `quntiao_team` WHERE ( `id` = 30 ) LIMIT 1   [ RunTime:0.000287s ]
NOTIC: [8] Undefined offset: 29 /Applications/XAMPP/xamppfiles/htdocs/quntiao/Application/Home/Model/TeamModel.class.php 第 80 行.
SQL: SELECT * FROM `quntiao_team` WHERE ( `id` = 29 ) LIMIT 1   [ RunTime:0.000245s ]
NOTIC: [8] Undefined offset: 28 /Applications/XAMPP/xamppfiles/htdocs/quntiao/Application/Home/Model/TeamModel.class.php 第 80 行.
SQL: SELECT * FROM `quntiao_team` WHERE ( `id` = 28 ) LIMIT 1   [ RunTime:0.000287s ]
NOTIC: [8] Undefined offset: 27 /Applications/XAMPP/xamppfiles/htdocs/quntiao/Application/Home/Model/TeamModel.class.php 第 80 行.
SQL: SELECT * FROM `quntiao_team` WHERE ( `id` = 27 ) LIMIT 1   [ RunTime:0.000239s ]
NOTIC: [8] Undefined offset: 26 /Applications/XAMPP/xamppfiles/htdocs/quntiao/Application/Home/Model/TeamModel.class.php 第 80 行.
SQL: SELECT * FROM `quntiao_team` WHERE ( `id` = 26 ) LIMIT 1   [ RunTime:0.000238s ]
NOTIC: [8] Undefined offset: 25 /Applications/XAMPP/xamppfiles/htdocs/quntiao/Application/Home/Model/TeamModel.class.php 第 80 行.
SQL: SELECT * FROM `quntiao_team` WHERE ( `id` = 25 ) LIMIT 1   [ RunTime:0.000247s ]
NOTIC: [8] Undefined offset: 24 /Applications/XAMPP/xamppfiles/htdocs/quntiao/Application/Home/Model/TeamModel.class.php 第 80 行.
SQL: SELECT * FROM `quntiao_team` WHERE ( `id` = 24 ) LIMIT 1   [ RunTime:0.000237s ]
NOTIC: [8] Undefined offset: 23 /Applications/XAMPP/xamppfiles/htdocs/quntiao/Application/Home/Model/TeamModel.class.php 第 80 行.
SQL: SELECT * FROM `quntiao_team` WHERE ( `id` = 23 ) LIMIT 1   [ RunTime:0.000231s ]
INFO: [ view_parse ] --START--
INFO: [ template_filter ] --START--
INFO: Run Behavior\ContentReplaceBehavior [ RunTime:0.000029s ]
INFO: [ template_filter ] --END-- [ RunTime:-0.284576s ]
SQL: SELECT `url` FROM `quntiao_picture` WHERE ( `id` = 231 ) LIMIT 1   [ RunTime:0.000324s ]
SQL: SELECT `url` FROM `quntiao_picture` WHERE ( `id` = 228 ) LIMIT 1   [ RunTime:0.000350s ]
SQL: SELECT `url` FROM `quntiao_picture` WHERE ( `id` = 227 ) LIMIT 1   [ RunTime:0.000251s ]
SQL: SELECT `url` FROM `quntiao_picture` WHERE ( `id` = 226 ) LIMIT 1   [ RunTime:0.000208s ]
SQL: SELECT `url` FROM `quntiao_picture` WHERE ( `id` = 225 ) LIMIT 1   [ RunTime:0.000181s ]
SQL: SELECT `url` FROM `quntiao_picture` WHERE ( `id` = 224 ) LIMIT 1   [ RunTime:0.000280s ]
SQL: SELECT `url` FROM `quntiao_picture` WHERE ( `id` = 223 ) LIMIT 1   [ RunTime:0.000314s ]
SQL: SELECT `url` FROM `quntiao_picture` WHERE ( `id` = 222 ) LIMIT 1   [ RunTime:0.000236s ]
SQL: SELECT `url` FROM `quntiao_picture` WHERE ( `id` = 221 ) LIMIT 1   [ RunTime:0.000236s ]
SQL: SELECT `url` FROM `quntiao_picture` WHERE ( `id` = 219 ) LIMIT 1   [ RunTime:0.000221s ]
INFO: Run Behavior\ParseTemplateBehavior [ RunTime:0.012765s ]
INFO: [ view_parse ] --END-- [ RunTime:-0.238141s ]
INFO: [ view_filter ] --START--
INFO: Run Behavior\WriteHtmlCacheBehavior [ RunTime:0.000011s ]
INFO: [ view_filter ] --END-- [ RunTime:-0.250381s ]
INFO: [ view_parse ] --START--
INFO: [ template_filter ] --START--
INFO: Run Behavior\ContentReplaceBehavior [ RunTime:0.000042s ]
INFO: [ template_filter ] --END-- [ RunTime:-0.297402s ]
SQL: SELECT `url` FROM `quntiao_picture` WHERE ( `id` = 298 ) LIMIT 1   [ RunTime:0.000284s ]
SQL: SELECT `url` FROM `quntiao_picture` WHERE ( `id` = 297 ) LIMIT 1   [ RunTime:0.000237s ]
SQL: SELECT `url` FROM `quntiao_picture` WHERE ( `id` = 296 ) LIMIT 1   [ RunTime:0.000198s ]
SQL: SELECT `url` FROM `quntiao_picture` WHERE ( `id` = 295 ) LIMIT 1   [ RunTime:0.000181s ]
SQL: SELECT `url` FROM `quntiao_picture` WHERE ( `id` = 294 ) LIMIT 1   [ RunTime:0.000244s ]
SQL: SELECT `url` FROM `quntiao_picture` WHERE ( `id` = 293 ) LIMIT 1   [ RunTime:0.000212s ]
SQL: SELECT `url` FROM `quntiao_picture` WHERE ( `id` = 292 ) LIMIT 1   [ RunTime:0.000181s ]
SQL: SELECT `url` FROM `quntiao_picture` WHERE ( `id` = 290 ) LIMIT 1   [ RunTime:0.000197s ]
INFO: Run Behavior\ParseTemplateBehavior [ RunTime:0.007114s ]
INFO: [ view_parse ] --END-- [ RunTime:-0.251272s ]
INFO: [ view_filter ] --START--
INFO: Run Behavior\WriteHtmlCacheBehavior [ RunTime:0.000010s ]
INFO: [ view_filter ] --END-- [ RunTime:-0.257829s ]
INFO: [ view_parse ] --START--
INFO: [ template_filter ] --START--
INFO: Run Behavior\ContentReplaceBehavior [ RunTime:0.000032s ]
INFO: [ template_filter ] --END-- [ RunTime:-0.305108s ]
SQL: SELECT `url` FROM `quntiao_picture` WHERE ( `id` = 298 ) LIMIT 1   [ RunTime:0.000325s ]
SQL: SELECT `url` FROM `quntiao_picture` WHERE ( `id` = 297 ) LIMIT 1   [ RunTime:0.000217s ]
SQL: SELECT `url` FROM `quntiao_picture` WHERE ( `id` = 296 ) LIMIT 1   [ RunTime:0.000186s ]
SQL: SELECT `url` FROM `quntiao_picture` WHERE ( `id` = 295 ) LIMIT 1   [ RunTime:0.000200s ]
SQL: SELECT `url` FROM `quntiao_picture` WHERE ( `id` = 294 ) LIMIT 1   [ RunTime:0.000179s ]
SQL: SELECT `url` FROM `quntiao_picture` WHERE ( `id` = 293 ) LIMIT 1   [ RunTime:0.000186s ]
SQL: SELECT `url` FROM `quntiao_picture` WHERE ( `id` = 292 ) LIMIT 1   [ RunTime:0.000221s ]
SQL: SELECT `url` FROM `quntiao_picture` WHERE ( `id` = 290 ) LIMIT 1   [ RunTime:0.000260s ]
INFO: Run Behavior\ParseTemplateBehavior [ RunTime:0.007348s ]
INFO: [ view_parse ] --END-- [ RunTime:-0.258741s ]
INFO: [ view_filter ] --START--
INFO: Run Behavior\WriteHtmlCacheBehavior [ RunTime:0.000015s ]
INFO: [ view_filter ] --END-- [ RunTime:-0.265563s ]
SQL: SELECT `id` FROM `quntiao_match_game` WHERE ( `status` = 1 ) AND ( `game_status` < 2 ) ORDER BY id desc LIMIT 4   [ RunTime:0.000382s ]
NOTIC: [8] Undefined variable: cacheList /Applications/XAMPP/xamppfiles/htdocs/quntiao/Application/Home/Model/MatchGameModel.class.php 第 31 行.
NOTIC: [8] Undefined offset: 14 /Applications/XAMPP/xamppfiles/htdocs/quntiao/Application/Home/Model/MatchGameModel.class.php 第 31 行.
SQL: SELECT * FROM `quntiao_match_game` WHERE ( `id` = 14 ) LIMIT 1   [ RunTime:0.000231s ]
NOTIC: [8] Undefined offset: 13 /Applications/XAMPP/xamppfiles/htdocs/quntiao/Application/Home/Model/MatchGameModel.class.php 第 31 行.
SQL: SELECT * FROM `quntiao_match_game` WHERE ( `id` = 13 ) LIMIT 1   [ RunTime:0.000224s ]
NOTIC: [8] Undefined offset: 12 /Applications/XAMPP/xamppfiles/htdocs/quntiao/Application/Home/Model/MatchGameModel.class.php 第 31 行.
SQL: SELECT * FROM `quntiao_match_game` WHERE ( `id` = 12 ) LIMIT 1   [ RunTime:0.000306s ]
INFO: [ view_parse ] --START--
INFO: [ template_filter ] --START--
INFO: Run Behavior\ContentReplaceBehavior [ RunTime:0.000039s ]
INFO: [ template_filter ] --END-- [ RunTime:-0.320471s ]
SQL: SELECT `cover` FROM `quntiao_team` WHERE ( `id` = 3 ) LIMIT 1   [ RunTime:0.000299s ]
SQL: SELECT `url` FROM `quntiao_picture` WHERE ( `id` = 199 ) LIMIT 1   [ RunTime:0.000200s ]
NOTIC: [8] Undefined variable: live /Applications/XAMPP/xamppfiles/htdocs/quntiao/Runtime/Cache/Home/7c2e051fd11f2ee0450c7a70191797e3.php 第 10 行.
SQL: SELECT `cover` FROM `quntiao_team` WHERE ( `id` = 19 ) LIMIT 1   [ RunTime:0.000189s ]
SQL: SELECT `url` FROM `quntiao_picture` WHERE ( `id` = 215 ) LIMIT 1   [ RunTime:0.000178s ]
NOTIC: [8] Undefined variable: live /Applications/XAMPP/xamppfiles/htdocs/quntiao/Runtime/Cache/Home/7c2e051fd11f2ee0450c7a70191797e3.php 第 20 行.
SQL: SELECT `name` FROM `quntiao_team` WHERE ( `id` = 3 ) LIMIT 1   [ RunTime:0.000203s ]
SQL: SELECT `name` FROM `quntiao_team` WHERE ( `id` = 19 ) LIMIT 1   [ RunTime:0.000192s ]
SQL: SELECT `title` FROM `quntiao_match` WHERE ( `id` = 4 ) LIMIT 1   [ RunTime:0.000223s ]
SQL: SELECT `cover` FROM `quntiao_team` WHERE ( `id` = 4 ) LIMIT 1   [ RunTime:0.000233s ]
SQL: SELECT `url` FROM `quntiao_picture` WHERE ( `id` = 200 ) LIMIT 1   [ RunTime:0.000269s ]
NOTIC: [8] Undefined variable: live /Applications/XAMPP/xamppfiles/htdocs/quntiao/Runtime/Cache/Home/7c2e051fd11f2ee0450c7a70191797e3.php 第 10 行.
SQL: SELECT `name` FROM `quntiao_team` WHERE ( `id` = 4 ) LIMIT 1   [ RunTime:0.000234s ]
SQL: SELECT `title` FROM `quntiao_match` WHERE ( `id` = 4 ) LIMIT 1   [ RunTime:0.000228s ]
SQL: SELECT `cover` FROM `quntiao_team` WHERE ( `id` = 10 ) LIMIT 1   [ RunTime:0.000237s ]
SQL: SELECT `url` FROM `quntiao_picture` WHERE ( `id` = 206 ) LIMIT 1   [ RunTime:0.000188s ]
NOTIC: [8] Undefined variable: live /Applications/XAMPP/xamppfiles/htdocs/quntiao/Runtime/Cache/Home/7c2e051fd11f2ee0450c7a70191797e3.php 第 10 行.
SQL: SELECT `cover` FROM `quntiao_team` WHERE ( `id` = 8 ) LIMIT 1   [ RunTime:0.000230s ]
SQL: SELECT `url` FROM `quntiao_picture` WHERE ( `id` = 204 ) LIMIT 1   [ RunTime:0.000316s ]
NOTIC: [8] Undefined variable: live /Applications/XAMPP/xamppfiles/htdocs/quntiao/Runtime/Cache/Home/7c2e051fd11f2ee0450c7a70191797e3.php 第 20 行.
SQL: SELECT `name` FROM `quntiao_team` WHERE ( `id` = 10 ) LIMIT 1   [ RunTime:0.000230s ]
SQL: SELECT `name` FROM `quntiao_team` WHERE ( `id` = 8 ) LIMIT 1   [ RunTime:0.000231s ]
SQL: SELECT `title` FROM `quntiao_match` WHERE ( `id` = 4 ) LIMIT 1   [ RunTime:0.000204s ]
SQL: SELECT `cover` FROM `quntiao_team` WHERE ( `id` = 22 ) LIMIT 1   [ RunTime:0.000380s ]
SQL: SELECT `url` FROM `quntiao_picture` WHERE ( `id` = 229 ) LIMIT 1   [ RunTime:0.000276s ]
NOTIC: [8] Undefined variable: live /Applications/XAMPP/xamppfiles/htdocs/quntiao/Runtime/Cache/Home/7c2e051fd11f2ee0450c7a70191797e3.php 第 10 行.
SQL: SELECT `cover` FROM `quntiao_team` WHERE ( `id` = 6 ) LIMIT 1   [ RunTime:0.000296s ]
SQL: SELECT `url` FROM `quntiao_picture` WHERE ( `id` = 202 ) LIMIT 1   [ RunTime:0.000208s ]
NOTIC: [8] Undefined variable: live /Applications/XAMPP/xamppfiles/htdocs/quntiao/Runtime/Cache/Home/7c2e051fd11f2ee0450c7a70191797e3.php 第 20 行.
SQL: SELECT `name` FROM `quntiao_team` WHERE ( `id` = 22 ) LIMIT 1   [ RunTime:0.000250s ]
SQL: SELECT `name` FROM `quntiao_team` WHERE ( `id` = 6 ) LIMIT 1   [ RunTime:0.000222s ]
SQL: SELECT `title` FROM `quntiao_match` WHERE ( `id` = 4 ) LIMIT 1   [ RunTime:0.000266s ]
INFO: Run Behavior\ParseTemplateBehavior [ RunTime:0.030334s ]
INFO: [ view_parse ] --END-- [ RunTime:-0.272268s ]
INFO: [ view_filter ] --START--
INFO: Run Behavior\WriteHtmlCacheBehavior [ RunTime:0.000011s ]
INFO: [ view_filter ] --END-- [ RunTime:-0.302072s ]
SQL: SELECT `id` FROM `quntiao_live` WHERE ( `status` = 1 ) ORDER BY follows desc LIMIT 9   [ RunTime:0.000289s ]
NOTIC: [8] Undefined variable: cacheList /Applications/XAMPP/xamppfiles/htdocs/quntiao/Application/Home/Model/LiveModel.class.php 第 71 行.
NOTIC: [8] Undefined offset: 9 /Applications/XAMPP/xamppfiles/htdocs/quntiao/Application/Home/Model/LiveModel.class.php 第 71 行.
SQL: SELECT * FROM `quntiao_live` WHERE ( `id` = 9 ) LIMIT 1   [ RunTime:0.000243s ]
NOTIC: [8] Undefined offset: 8 /Applications/XAMPP/xamppfiles/htdocs/quntiao/Application/Home/Model/LiveModel.class.php 第 71 行.
SQL: SELECT * FROM `quntiao_live` WHERE ( `id` = 8 ) LIMIT 1   [ RunTime:0.000301s ]
NOTIC: [8] Undefined offset: 7 /Applications/XAMPP/xamppfiles/htdocs/quntiao/Application/Home/Model/LiveModel.class.php 第 71 行.
SQL: SELECT * FROM `quntiao_live` WHERE ( `id` = 7 ) LIMIT 1   [ RunTime:0.000260s ]
NOTIC: [8] Undefined offset: 6 /Applications/XAMPP/xamppfiles/htdocs/quntiao/Application/Home/Model/LiveModel.class.php 第 71 行.
SQL: SELECT * FROM `quntiao_live` WHERE ( `id` = 6 ) LIMIT 1   [ RunTime:0.000370s ]
NOTIC: [8] Undefined offset: 5 /Applications/XAMPP/xamppfiles/htdocs/quntiao/Application/Home/Model/LiveModel.class.php 第 71 行.
SQL: SELECT * FROM `quntiao_live` WHERE ( `id` = 5 ) LIMIT 1   [ RunTime:0.000307s ]
NOTIC: [8] Undefined offset: 4 /Applications/XAMPP/xamppfiles/htdocs/quntiao/Application/Home/Model/LiveModel.class.php 第 71 行.
SQL: SELECT * FROM `quntiao_live` WHERE ( `id` = 4 ) LIMIT 1   [ RunTime:0.000272s ]
NOTIC: [8] Undefined offset: 3 /Applications/XAMPP/xamppfiles/htdocs/quntiao/Application/Home/Model/LiveModel.class.php 第 71 行.
SQL: SELECT * FROM `quntiao_live` WHERE ( `id` = 3 ) LIMIT 1   [ RunTime:0.000254s ]
NOTIC: [8] Undefined offset: 2 /Applications/XAMPP/xamppfiles/htdocs/quntiao/Application/Home/Model/LiveModel.class.php 第 71 行.
SQL: SELECT * FROM `quntiao_live` WHERE ( `id` = 2 ) LIMIT 1   [ RunTime:0.000283s ]
INFO: [ view_parse ] --START--
INFO: [ template_filter ] --START--
INFO: Run Behavior\ContentReplaceBehavior [ RunTime:0.000032s ]
INFO: [ template_filter ] --END-- [ RunTime:-0.360683s ]
SQL: SHOW COLUMNS FROM `quntiao_member` [ RunTime:0.003545s ]
SQL: SHOW COLUMNS FROM `quntiao_ucenter_member` [ RunTime:0.003264s ]
NOTIC: D方法实例化没找到模型类Home\Model\MemberModel
SQL: SHOW COLUMNS FROM `quntiao_member` [ RunTime:0.001818s ]
SQL: SELECT `username` FROM `quntiao_member` WHERE ( `uid` = 1 ) LIMIT 1   [ RunTime:0.000714s ]
SQL: SHOW COLUMNS FROM `quntiao_ucenter_member` [ RunTime:0.001816s ]
SQL: SELECT `username` FROM `quntiao_ucenter_member` WHERE ( `id` = 1 ) LIMIT 1   [ RunTime:0.000751s ]
SQL: SHOW COLUMNS FROM `quntiao_avatar` [ RunTime:0.002126s ]
SQL: SELECT `url` FROM `quntiao_avatar` WHERE ( `uid` = 1 ) LIMIT 1   [ RunTime:0.000485s ]
SQL: SELECT `username` FROM `quntiao_member` WHERE ( `uid` = 9 ) LIMIT 1   [ RunTime:0.000393s ]
SQL: SELECT `username` FROM `quntiao_ucenter_member` WHERE ( `id` = 9 ) LIMIT 1   [ RunTime:0.000225s ]
SQL: SELECT `url` FROM `quntiao_avatar` WHERE ( `uid` = 9 ) LIMIT 1   [ RunTime:0.000149s ]
SQL: SELECT `username` FROM `quntiao_member` WHERE ( `uid` = 8 ) LIMIT 1   [ RunTime:0.000291s ]
SQL: SELECT `username` FROM `quntiao_ucenter_member` WHERE ( `id` = 8 ) LIMIT 1   [ RunTime:0.000185s ]
SQL: SELECT `url` FROM `quntiao_avatar` WHERE ( `uid` = 8 ) LIMIT 1   [ RunTime:0.000142s ]
SQL: SELECT `username` FROM `quntiao_member` WHERE ( `uid` = 7 ) LIMIT 1   [ RunTime:0.000223s ]
SQL: SELECT `username` FROM `quntiao_ucenter_member` WHERE ( `id` = 7 ) LIMIT 1   [ RunTime:0.000198s ]
SQL: SELECT `url` FROM `quntiao_avatar` WHERE ( `uid` = 7 ) LIMIT 1   [ RunTime:0.000143s ]
SQL: SELECT `username` FROM `quntiao_member` WHERE ( `uid` = 6 ) LIMIT 1   [ RunTime:0.000264s ]
SQL: SELECT `username` FROM `quntiao_ucenter_member` WHERE ( `id` = 6 ) LIMIT 1   [ RunTime:0.000188s ]
SQL: SELECT `url` FROM `quntiao_avatar` WHERE ( `uid` = 6 ) LIMIT 1   [ RunTime:0.000159s ]
SQL: SELECT `username` FROM `quntiao_member` WHERE ( `uid` = 5 ) LIMIT 1   [ RunTime:0.000259s ]
SQL: SELECT `username` FROM `quntiao_ucenter_member` WHERE ( `id` = 5 ) LIMIT 1   [ RunTime:0.000184s ]
SQL: SELECT `url` FROM `quntiao_avatar` WHERE ( `uid` = 5 ) LIMIT 1   [ RunTime:0.000239s ]
SQL: SELECT `username` FROM `quntiao_member` WHERE ( `uid` = 4 ) LIMIT 1   [ RunTime:0.000255s ]
SQL: SELECT `username` FROM `quntiao_ucenter_member` WHERE ( `id` = 4 ) LIMIT 1   [ RunTime:0.000199s ]
SQL: SELECT `url` FROM `quntiao_avatar` WHERE ( `uid` = 4 ) LIMIT 1   [ RunTime:0.000144s ]
SQL: SELECT `username` FROM `quntiao_member` WHERE ( `uid` = 3 ) LIMIT 1   [ RunTime:0.000211s ]
SQL: SELECT `username` FROM `quntiao_ucenter_member` WHERE ( `id` = 3 ) LIMIT 1   [ RunTime:0.000174s ]
SQL: SELECT `url` FROM `quntiao_avatar` WHERE ( `uid` = 3 ) LIMIT 1   [ RunTime:0.000165s ]
SQL: SELECT `username` FROM `quntiao_member` WHERE ( `uid` = 2 ) LIMIT 1   [ RunTime:0.000278s ]
SQL: SELECT `username` FROM `quntiao_ucenter_member` WHERE ( `id` = 2 ) LIMIT 1   [ RunTime:0.000189s ]
SQL: SELECT `url` FROM `quntiao_avatar` WHERE ( `uid` = 2 ) LIMIT 1   [ RunTime:0.000158s ]
INFO: Run Behavior\ParseTemplateBehavior [ RunTime:0.047647s ]
INFO: [ view_parse ] --END-- [ RunTime:-0.314340s ]
INFO: [ view_filter ] --START--
INFO: Run Behavior\WriteHtmlCacheBehavior [ RunTime:0.000011s ]
INFO: [ view_filter ] --END-- [ RunTime:-0.361440s ]
SQL: SHOW COLUMNS FROM `quntiao_fight` [ RunTime:0.005158s ]
SQL: SELECT `id` FROM `quntiao_fight` WHERE ( `status` = 1 ) ORDER BY id desc LIMIT 5   [ RunTime:0.000525s ]
NOTIC: [8] Undefined variable: cacheList /Applications/XAMPP/xamppfiles/htdocs/quntiao/Application/Home/Model/FightModel.class.php 第 31 行.
SQL: SELECT * FROM `quntiao_fight` WHERE ( `id` = 12 ) LIMIT 1   [ RunTime:0.000257s ]
NOTIC: [8] Undefined offset: 11 /Applications/XAMPP/xamppfiles/htdocs/quntiao/Application/Home/Model/FightModel.class.php 第 31 行.
SQL: SELECT * FROM `quntiao_fight` WHERE ( `id` = 11 ) LIMIT 1   [ RunTime:0.000237s ]
NOTIC: [8] Undefined offset: 10 /Applications/XAMPP/xamppfiles/htdocs/quntiao/Application/Home/Model/FightModel.class.php 第 31 行.
SQL: SELECT * FROM `quntiao_fight` WHERE ( `id` = 10 ) LIMIT 1   [ RunTime:0.000252s ]
NOTIC: [8] Undefined offset: 9 /Applications/XAMPP/xamppfiles/htdocs/quntiao/Application/Home/Model/FightModel.class.php 第 31 行.
SQL: SELECT * FROM `quntiao_fight` WHERE ( `id` = 9 ) LIMIT 1   [ RunTime:0.000256s ]
NOTIC: [8] Undefined offset: 8 /Applications/XAMPP/xamppfiles/htdocs/quntiao/Application/Home/Model/FightModel.class.php 第 31 行.
SQL: SELECT * FROM `quntiao_fight` WHERE ( `id` = 8 ) LIMIT 1   [ RunTime:0.000307s ]
INFO: [ view_parse ] --START--
INFO: [ template_filter ] --START--
INFO: Run Behavior\ContentReplaceBehavior [ RunTime:0.000034s ]
INFO: [ template_filter ] --END-- [ RunTime:-0.423478s ]
INFO: Run Behavior\ParseTemplateBehavior [ RunTime:0.004354s ]
INFO: [ view_parse ] --END-- [ RunTime:-0.376397s ]
INFO: [ view_filter ] --START--
INFO: Run Behavior\WriteHtmlCacheBehavior [ RunTime:0.000008s ]
INFO: [ view_filter ] --END-- [ RunTime:-0.380208s ]
SQL: SHOW COLUMNS FROM `quntiao_video_album` [ RunTime:0.004387s ]
SQL: SELECT `id` FROM `quntiao_video_album` WHERE ( `status` = 1 ) ORDER BY id desc LIMIT 12   [ RunTime:0.000549s ]
NOTIC: [8] Undefined variable: cacheList /Applications/XAMPP/xamppfiles/htdocs/quntiao/Application/Home/Model/VideoAlbumModel.class.php 第 110 行.
SQL: SELECT * FROM `quntiao_video_album` WHERE ( `id` = 13 ) LIMIT 1   [ RunTime:0.000244s ]
SQL: SHOW COLUMNS FROM `quntiao_picture` [ RunTime:0.001384s ]
SQL: SELECT `url` FROM `quntiao_picture` WHERE ( `id` = 169 ) LIMIT 1   [ RunTime:0.000508s ]
NOTIC: [8] Undefined offset: 12 /Applications/XAMPP/xamppfiles/htdocs/quntiao/Application/Home/Model/VideoAlbumModel.class.php 第 110 行.
SQL: SELECT * FROM `quntiao_video_album` WHERE ( `id` = 12 ) LIMIT 1   [ RunTime:0.000303s ]
SQL: SELECT `url` FROM `quntiao_picture` WHERE ( `id` = 155 ) LIMIT 1   [ RunTime:0.000188s ]
NOTIC: [8] Undefined offset: 11 /Applications/XAMPP/xamppfiles/htdocs/quntiao/Application/Home/Model/VideoAlbumModel.class.php 第 110 行.
SQL: SELECT * FROM `quntiao_video_album` WHERE ( `id` = 11 ) LIMIT 1   [ RunTime:0.000275s ]
SQL: SELECT `url` FROM `quntiao_picture` WHERE ( `id` = 154 ) LIMIT 1   [ RunTime:0.000168s ]
NOTIC: [8] Undefined offset: 10 /Applications/XAMPP/xamppfiles/htdocs/quntiao/Application/Home/Model/VideoAlbumModel.class.php 第 110 行.
SQL: SELECT * FROM `quntiao_video_album` WHERE ( `id` = 10 ) LIMIT 1   [ RunTime:0.000227s ]
SQL: SELECT `url` FROM `quntiao_picture` WHERE ( `id` = 153 ) LIMIT 1   [ RunTime:0.000209s ]
NOTIC: [8] Undefined offset: 9 /Applications/XAMPP/xamppfiles/htdocs/quntiao/Application/Home/Model/VideoAlbumModel.class.php 第 110 行.
SQL: SELECT * FROM `quntiao_video_album` WHERE ( `id` = 9 ) LIMIT 1   [ RunTime:0.000273s ]
SQL: SELECT `url` FROM `quntiao_picture` WHERE ( `id` = 132 ) LIMIT 1   [ RunTime:0.000436s ]
NOTIC: [8] Undefined offset: 8 /Applications/XAMPP/xamppfiles/htdocs/quntiao/Application/Home/Model/VideoAlbumModel.class.php 第 110 行.
SQL: SELECT * FROM `quntiao_video_album` WHERE ( `id` = 8 ) LIMIT 1   [ RunTime:0.000242s ]
SQL: SELECT `url` FROM `quntiao_picture` WHERE ( `id` = 131 ) LIMIT 1   [ RunTime:0.000161s ]
NOTIC: [8] Undefined offset: 7 /Applications/XAMPP/xamppfiles/htdocs/quntiao/Application/Home/Model/VideoAlbumModel.class.php 第 110 行.
SQL: SELECT * FROM `quntiao_video_album` WHERE ( `id` = 7 ) LIMIT 1   [ RunTime:0.000221s ]
SQL: SELECT `url` FROM `quntiao_picture` WHERE ( `id` = 130 ) LIMIT 1   [ RunTime:0.000200s ]
NOTIC: [8] Undefined offset: 6 /Applications/XAMPP/xamppfiles/htdocs/quntiao/Application/Home/Model/VideoAlbumModel.class.php 第 110 行.
SQL: SELECT * FROM `quntiao_video_album` WHERE ( `id` = 6 ) LIMIT 1   [ RunTime:0.000425s ]
SQL: SELECT `url` FROM `quntiao_picture` WHERE ( `id` = 129 ) LIMIT 1   [ RunTime:0.000191s ]
NOTIC: [8] Undefined offset: 5 /Applications/XAMPP/xamppfiles/htdocs/quntiao/Application/Home/Model/VideoAlbumModel.class.php 第 110 行.
SQL: SELECT * FROM `quntiao_video_album` WHERE ( `id` = 5 ) LIMIT 1   [ RunTime:0.000261s ]
SQL: SELECT `url` FROM `quntiao_picture` WHERE ( `id` = 127 ) LIMIT 1   [ RunTime:0.000164s ]
NOTIC: [8] Undefined offset: 4 /Applications/XAMPP/xamppfiles/htdocs/quntiao/Application/Home/Model/VideoAlbumModel.class.php 第 110 行.
SQL: SELECT * FROM `quntiao_video_album` WHERE ( `id` = 4 ) LIMIT 1   [ RunTime:0.000252s ]
SQL: SELECT `url` FROM `quntiao_picture` WHERE ( `id` = 127 ) LIMIT 1   [ RunTime:0.000188s ]
NOTIC: [8] Undefined offset: 3 /Applications/XAMPP/xamppfiles/htdocs/quntiao/Application/Home/Model/VideoAlbumModel.class.php 第 110 行.
SQL: SELECT * FROM `quntiao_video_album` WHERE ( `id` = 3 ) LIMIT 1   [ RunTime:0.000232s ]
SQL: SELECT `url` FROM `quntiao_picture` WHERE ( `id` = 126 ) LIMIT 1   [ RunTime:0.000233s ]
NOTIC: [8] Undefined offset: 2 /Applications/XAMPP/xamppfiles/htdocs/quntiao/Application/Home/Model/VideoAlbumModel.class.php 第 110 行.
SQL: SELECT * FROM `quntiao_video_album` WHERE ( `id` = 2 ) LIMIT 1   [ RunTime:0.000234s ]
SQL: SELECT `url` FROM `quntiao_picture` WHERE ( `id` = 126 ) LIMIT 1   [ RunTime:0.000176s ]
INFO: [ view_parse ] --START--
INFO: [ template_filter ] --START--
INFO: Run Behavior\ContentReplaceBehavior [ RunTime:0.000038s ]
INFO: [ template_filter ] --END-- [ RunTime:-0.458188s ]
INFO: Run Behavior\ParseTemplateBehavior [ RunTime:0.002549s ]
INFO: [ view_parse ] --END-- [ RunTime:-0.412024s ]
INFO: [ view_filter ] --START--
INFO: Run Behavior\WriteHtmlCacheBehavior [ RunTime:0.000009s ]
INFO: [ view_filter ] --END-- [ RunTime:-0.414028s ]
SQL: SHOW COLUMNS FROM `quntiao_commentator` [ RunTime:0.004757s ]
SQL: SELECT `id` FROM `quntiao_commentator` WHERE ( `status` = 1 ) ORDER BY id desc LIMIT 12   [ RunTime:0.000546s ]
NOTIC: [8] Undefined variable: cacheList /Applications/XAMPP/xamppfiles/htdocs/quntiao/Application/Home/Model/CommentatorModel.class.php 第 31 行.
NOTIC: [8] Undefined variable: commentator /Applications/XAMPP/xamppfiles/htdocs/quntiao/Application/Home/Model/CommentatorModel.class.php 第 18 行.
SQL: SELECT * FROM `quntiao_commentator` WHERE ( `id` = 12 ) LIMIT 1   [ RunTime:0.000250s ]
NOTIC: [8] Undefined offset: 11 /Applications/XAMPP/xamppfiles/htdocs/quntiao/Application/Home/Model/CommentatorModel.class.php 第 31 行.
NOTIC: [8] Undefined variable: commentator /Applications/XAMPP/xamppfiles/htdocs/quntiao/Application/Home/Model/CommentatorModel.class.php 第 18 行.
SQL: SELECT * FROM `quntiao_commentator` WHERE ( `id` = 11 ) LIMIT 1   [ RunTime:0.000256s ]
NOTIC: [8] Undefined offset: 10 /Applications/XAMPP/xamppfiles/htdocs/quntiao/Application/Home/Model/CommentatorModel.class.php 第 31 行.
NOTIC: [8] Undefined variable: commentator /Applications/XAMPP/xamppfiles/htdocs/quntiao/Application/Home/Model/CommentatorModel.class.php 第 18 行.
SQL: SELECT * FROM `quntiao_commentator` WHERE ( `id` = 10 ) LIMIT 1   [ RunTime:0.000235s ]
NOTIC: [8] Undefined offset: 9 /Applications/XAMPP/xamppfiles/htdocs/quntiao/Application/Home/Model/CommentatorModel.class.php 第 31 行.
NOTIC: [8] Undefined variable: commentator /Applications/XAMPP/xamppfiles/htdocs/quntiao/Application/Home/Model/CommentatorModel.class.php 第 18 行.
SQL: SELECT * FROM `quntiao_commentator` WHERE ( `id` = 9 ) LIMIT 1   [ RunTime:0.000216s ]
NOTIC: [8] Undefined offset: 8 /Applications/XAMPP/xamppfiles/htdocs/quntiao/Application/Home/Model/CommentatorModel.class.php 第 31 行.
NOTIC: [8] Undefined variable: commentator /Applications/XAMPP/xamppfiles/htdocs/quntiao/Application/Home/Model/CommentatorModel.class.php 第 18 行.
SQL: SELECT * FROM `quntiao_commentator` WHERE ( `id` = 8 ) LIMIT 1   [ RunTime:0.000227s ]
NOTIC: [8] Undefined offset: 7 /Applications/XAMPP/xamppfiles/htdocs/quntiao/Application/Home/Model/CommentatorModel.class.php 第 31 行.
NOTIC: [8] Undefined variable: commentator /Applications/XAMPP/xamppfiles/htdocs/quntiao/Application/Home/Model/CommentatorModel.class.php 第 18 行.
SQL: SELECT * FROM `quntiao_commentator` WHERE ( `id` = 7 ) LIMIT 1   [ RunTime:0.000272s ]
NOTIC: [8] Undefined offset: 6 /Applications/XAMPP/xamppfiles/htdocs/quntiao/Application/Home/Model/CommentatorModel.class.php 第 31 行.
NOTIC: [8] Undefined variable: commentator /Applications/XAMPP/xamppfiles/htdocs/quntiao/Application/Home/Model/CommentatorModel.class.php 第 18 行.
SQL: SELECT * FROM `quntiao_commentator` WHERE ( `id` = 6 ) LIMIT 1   [ RunTime:0.000486s ]
NOTIC: [8] Undefined offset: 5 /Applications/XAMPP/xamppfiles/htdocs/quntiao/Application/Home/Model/CommentatorModel.class.php 第 31 行.
NOTIC: [8] Undefined variable: commentator /Applications/XAMPP/xamppfiles/htdocs/quntiao/Application/Home/Model/CommentatorModel.class.php 第 18 行.
SQL: SELECT * FROM `quntiao_commentator` WHERE ( `id` = 5 ) LIMIT 1   [ RunTime:0.000314s ]
NOTIC: [8] Undefined offset: 4 /Applications/XAMPP/xamppfiles/htdocs/quntiao/Application/Home/Model/CommentatorModel.class.php 第 31 行.
NOTIC: [8] Undefined variable: commentator /Applications/XAMPP/xamppfiles/htdocs/quntiao/Application/Home/Model/CommentatorModel.class.php 第 18 行.
SQL: SELECT * FROM `quntiao_commentator` WHERE ( `id` = 4 ) LIMIT 1   [ RunTime:0.000374s ]
NOTIC: [8] Undefined offset: 3 /Applications/XAMPP/xamppfiles/htdocs/quntiao/Application/Home/Model/CommentatorModel.class.php 第 31 行.
NOTIC: [8] Undefined variable: commentator /Applications/XAMPP/xamppfiles/htdocs/quntiao/Application/Home/Model/CommentatorModel.class.php 第 18 行.
SQL: SELECT * FROM `quntiao_commentator` WHERE ( `id` = 3 ) LIMIT 1   [ RunTime:0.000345s ]
NOTIC: [8] Undefined offset: 2 /Applications/XAMPP/xamppfiles/htdocs/quntiao/Application/Home/Model/CommentatorModel.class.php 第 31 行.
NOTIC: [8] Undefined variable: commentator /Applications/XAMPP/xamppfiles/htdocs/quntiao/Application/Home/Model/CommentatorModel.class.php 第 18 行.
SQL: SELECT * FROM `quntiao_commentator` WHERE ( `id` = 2 ) LIMIT 1   [ RunTime:0.000324s ]
NOTIC: [8] Undefined offset: 1 /Applications/XAMPP/xamppfiles/htdocs/quntiao/Application/Home/Model/CommentatorModel.class.php 第 31 行.
NOTIC: [8] Undefined variable: commentator /Applications/XAMPP/xamppfiles/htdocs/quntiao/Application/Home/Model/CommentatorModel.class.php 第 18 行.
SQL: SELECT * FROM `quntiao_commentator` WHERE ( `id` = 1 ) LIMIT 1   [ RunTime:0.000215s ]
INFO: [ view_parse ] --START--
INFO: [ template_filter ] --START--
INFO: Run Behavior\ContentReplaceBehavior [ RunTime:0.000029s ]
INFO: [ template_filter ] --END-- [ RunTime:-0.479321s ]
SQL: SELECT `username` FROM `quntiao_member` WHERE ( `uid` = 12 ) LIMIT 1   [ RunTime:0.000307s ]
SQL: SELECT `username` FROM `quntiao_ucenter_member` WHERE ( `id` = 12 ) LIMIT 1   [ RunTime:0.000204s ]
SQL: SELECT `url` FROM `quntiao_avatar` WHERE ( `uid` = 12 ) LIMIT 1   [ RunTime:0.000147s ]
SQL: SELECT `username` FROM `quntiao_member` WHERE ( `uid` = 11 ) LIMIT 1   [ RunTime:0.000366s ]
SQL: SELECT `username` FROM `quntiao_ucenter_member` WHERE ( `id` = 11 ) LIMIT 1   [ RunTime:0.000209s ]
SQL: SELECT `url` FROM `quntiao_avatar` WHERE ( `uid` = 11 ) LIMIT 1   [ RunTime:0.000148s ]
INFO: Run Behavior\ParseTemplateBehavior [ RunTime:0.009611s ]
INFO: [ view_parse ] --END-- [ RunTime:-0.433114s ]
INFO: [ view_filter ] --START--
INFO: Run Behavior\WriteHtmlCacheBehavior [ RunTime:0.000012s ]
INFO: [ view_filter ] --END-- [ RunTime:-0.442195s ]
INFO: Run Behavior\ParseTemplateBehavior [ RunTime:0.009791s ]
INFO: [ view_parse ] --END-- [ RunTime:-0.433114s ]
INFO: [ view_filter ] --START--
INFO: Run Behavior\WriteHtmlCacheBehavior [ RunTime:0.000006s ]
INFO: [ view_filter ] --END-- [ RunTime:-0.442382s ]
INFO: [ app_end ] --START--
INFO: Run Behavior\ShowPageTraceBehavior [ RunTime:0.000958s ]
INFO: [ app_end ] --END-- [ RunTime:0.001028s ]

[ 2014-08-11T14:57:50+08:00 ] 127.0.0.1 /index.php?s=/Usercenter/Public/getInformation.html
INFO: [ app_begin ] --START--
INFO: Run Behavior\ReadHtmlCacheBehavior [ RunTime:0.000326s ]
INFO: [ app_begin ] --END-- [ RunTime:0.000618s ]
SQL: SHOW COLUMNS FROM `quntiao_message` [ RunTime:0.003062s ]
SQL: SHOW COLUMNS FROM `quntiao_message` [ RunTime:0.001729s ]
SQL: SELECT * FROM `quntiao_message` WHERE ( to_uid=0 and  is_read=0  and last_toast=0 ) ORDER BY id desc LIMIT 99999   [ RunTime:0.000828s ]
NOTIC: [2] Invalid argument supplied for foreach() /Applications/XAMPP/xamppfiles/htdocs/quntiao/Application/Common/Model/MessageModel.class.php 第 16 行.
SQL: UPDATE `quntiao_message` SET `last_toast`=1407740270 WHERE ( to_uid=0 and  is_read=0 and last_toast=0 ) [ RunTime:0.000245s ]
SQL: SHOW COLUMNS FROM `quntiao_talk_push` [ RunTime:0.010208s ]
SQL: SELECT * FROM `quntiao_talk_push` WHERE ( `uid` = 0 ) AND ( `status` = 0 )  [ RunTime:0.000531s ]
NOTIC: [2] Invalid argument supplied for foreach() /Applications/XAMPP/xamppfiles/htdocs/quntiao/Application/Common/Model/TalkPushModel.class.php 第 11 行.
SQL: UPDATE `quntiao_talk_push` SET `status`=1 WHERE ( `uid` = 0 ) AND ( `status` = 0 ) [ RunTime:0.000243s ]
SQL: SHOW COLUMNS FROM `quntiao_talk_message_push` [ RunTime:0.002812s ]
SQL: SELECT * FROM `quntiao_talk_message_push` WHERE ( `uid` = 0 ) AND ( `status` = 0 )  [ RunTime:0.000448s ]
NOTIC: [2] Invalid argument supplied for foreach() /Applications/XAMPP/xamppfiles/htdocs/quntiao/Application/Common/Model/TalkMessagePushModel.class.php 第 15 行.
SQL: UPDATE `quntiao_talk_message_push` SET `status`=1 WHERE ( `uid` = 0 ) AND ( `status` = 0 ) [ RunTime:0.000278s ]
NOTIC: [2] Invalid argument supplied for foreach() /Applications/XAMPP/xamppfiles/htdocs/quntiao/Application/Usercenter/Controller/PublicController.class.php 第 84 行.

