[ 2014-08-15T00:41:31+08:00 ] 127.0.0.1 /
INFO: [ view_parse ] --START--
INFO: [ template_filter ] --START--
INFO: Run Behavior\ContentReplaceBehavior [ RunTime:0.000165s ]
INFO: [ template_filter ] --END-- [ RunTime:0.000220s ]
SQL: SHOW COLUMNS FROM `quntiao_seo_rule` [ RunTime:0.003601s ]
NOTIC: [2] Invalid argument supplied for foreach() /Applications/XAMPP/xamppfiles/htdocs/quntiao/Application/Common/Common/seo.php 第 10 行.
SQL: SHOW COLUMNS FROM `quntiao_ad` [ RunTime:0.003440s ]
SQL: SELECT `id` FROM `quntiao_ad` WHERE ( `status` = 1 ) AND ( `module` = 'home' ) AND ( `place` = 0 ) ORDER BY id desc LIMIT 5   [ RunTime:0.003340s ]
NOTIC: [8] Undefined variable: cacheList /Applications/XAMPP/xamppfiles/htdocs/quntiao/Application/Home/Model/AdModel.class.php 第 31 行.
SQL: SELECT * FROM `quntiao_ad` WHERE ( `id` = 2 ) LIMIT 1   [ RunTime:0.000685s ]
NOTIC: [8] Undefined offset: 1 /Applications/XAMPP/xamppfiles/htdocs/quntiao/Application/Home/Model/AdModel.class.php 第 31 行.
SQL: SELECT * FROM `quntiao_ad` WHERE ( `id` = 1 ) LIMIT 1   [ RunTime:0.000401s ]
SQL: SELECT `id` FROM `quntiao_ad` WHERE ( `status` = 1 ) AND ( `module` = 'home' ) AND ( `place` = 1 ) ORDER BY id desc LIMIT 2   [ RunTime:0.000664s ]
NOTIC: [8] Undefined variable: cacheList /Applications/XAMPP/xamppfiles/htdocs/quntiao/Application/Home/Model/AdModel.class.php 第 31 行.
SQL: SELECT * FROM `quntiao_ad` WHERE ( `id` = 4 ) LIMIT 1   [ RunTime:0.000519s ]
NOTIC: [8] Undefined offset: 3 /Applications/XAMPP/xamppfiles/htdocs/quntiao/Application/Home/Model/AdModel.class.php 第 31 行.
SQL: SELECT * FROM `quntiao_ad` WHERE ( `id` = 3 ) LIMIT 1   [ RunTime:0.000359s ]
INFO: [ view_parse ] --START--
INFO: [ template_filter ] --START--
INFO: Run Behavior\ContentReplaceBehavior [ RunTime:0.000037s ]
INFO: [ template_filter ] --END-- [ RunTime:-0.039454s ]
SQL: SHOW COLUMNS FROM `quntiao_picture` [ RunTime:0.001906s ]
SQL: SELECT `url` FROM `quntiao_picture` WHERE ( `id` = 150 ) LIMIT 1   [ RunTime:0.000685s ]
SQL: SELECT `url` FROM `quntiao_picture` WHERE ( `id` = 149 ) LIMIT 1   [ RunTime:0.000527s ]
SQL: SELECT `url` FROM `quntiao_picture` WHERE ( `id` = 152 ) LIMIT 1   [ RunTime:0.000374s ]
SQL: SELECT `url` FROM `quntiao_picture` WHERE ( `id` = 151 ) LIMIT 1   [ RunTime:0.000468s ]
INFO: Run Behavior\ParseTemplateBehavior [ RunTime:0.014337s ]
INFO: [ view_parse ] --END-- [ RunTime:0.014404s ]
INFO: [ view_filter ] --START--
INFO: Run Behavior\WriteHtmlCacheBehavior [ RunTime:0.000507s ]
INFO: [ view_filter ] --END-- [ RunTime:0.000543s ]
SQL: SHOW COLUMNS FROM `quntiao_match_game` [ RunTime:0.002241s ]
SQL: SELECT `id` FROM `quntiao_match_game` WHERE ( `status` = 1 ) AND ( `game_status` < 2 ) ORDER BY follows desc LIMIT 3   [ RunTime:0.000680s ]
NOTIC: [8] Undefined variable: cacheList /Applications/XAMPP/xamppfiles/htdocs/quntiao/Application/Home/Model/MatchGameModel.class.php 第 31 行.
SQL: SELECT * FROM `quntiao_match_game` WHERE ( `id` = 15 ) LIMIT 1   [ RunTime:0.000894s ]
NOTIC: [8] Undefined offset: 5 /Applications/XAMPP/xamppfiles/htdocs/quntiao/Application/Home/Model/MatchGameModel.class.php 第 31 行.
SQL: SELECT * FROM `quntiao_match_game` WHERE ( `id` = 5 ) LIMIT 1   [ RunTime:0.000449s ]
NOTIC: [8] Undefined offset: 7 /Applications/XAMPP/xamppfiles/htdocs/quntiao/Application/Home/Model/MatchGameModel.class.php 第 31 行.
SQL: SELECT * FROM `quntiao_match_game` WHERE ( `id` = 7 ) LIMIT 1   [ RunTime:0.000596s ]
INFO: [ view_parse ] --START--
INFO: [ template_filter ] --START--
INFO: Run Behavior\ContentReplaceBehavior [ RunTime:0.000039s ]
INFO: [ template_filter ] --END-- [ RunTime:-0.130632s ]
SQL: SHOW COLUMNS FROM `quntiao_team` [ RunTime:0.002480s ]
SQL: SELECT `cover` FROM `quntiao_team` WHERE ( `id` = 3 ) LIMIT 1   [ RunTime:0.000605s ]
SQL: SELECT `url` FROM `quntiao_picture` WHERE ( `id` = 199 ) LIMIT 1   [ RunTime:0.000610s ]
NOTIC: [8] Undefined variable: live /Applications/XAMPP/xamppfiles/htdocs/quntiao/Runtime/Cache/Home/aeaedd05c0fa32bda704dea494569ccb.php 第 10 行.
SQL: SELECT `cover` FROM `quntiao_team` WHERE ( `id` = 19 ) LIMIT 1   [ RunTime:0.001231s ]
SQL: SELECT `url` FROM `quntiao_picture` WHERE ( `id` = 215 ) LIMIT 1   [ RunTime:0.000520s ]
NOTIC: [8] Undefined variable: live /Applications/XAMPP/xamppfiles/htdocs/quntiao/Runtime/Cache/Home/aeaedd05c0fa32bda704dea494569ccb.php 第 20 行.
SQL: SELECT `name` FROM `quntiao_team` WHERE ( `id` = 3 ) LIMIT 1   [ RunTime:0.005314s ]
SQL: SELECT `name` FROM `quntiao_team` WHERE ( `id` = 19 ) LIMIT 1   [ RunTime:0.000428s ]
SQL: SHOW COLUMNS FROM `quntiao_match` [ RunTime:0.005767s ]
SQL: SELECT `title` FROM `quntiao_match` WHERE ( `id` = 4 ) LIMIT 1   [ RunTime:0.001154s ]
SQL: SELECT `cover` FROM `quntiao_team` WHERE ( `id` = 26 ) LIMIT 1   [ RunTime:0.001338s ]
SQL: SELECT `url` FROM `quntiao_picture` WHERE ( `id` = 223 ) LIMIT 1   [ RunTime:0.001087s ]
NOTIC: [8] Undefined variable: live /Applications/XAMPP/xamppfiles/htdocs/quntiao/Runtime/Cache/Home/aeaedd05c0fa32bda704dea494569ccb.php 第 10 行.
SQL: SELECT `cover` FROM `quntiao_team` WHERE ( `id` = 15 ) LIMIT 1   [ RunTime:0.001967s ]
SQL: SELECT `url` FROM `quntiao_picture` WHERE ( `id` = 211 ) LIMIT 1   [ RunTime:0.000440s ]
NOTIC: [8] Undefined variable: live /Applications/XAMPP/xamppfiles/htdocs/quntiao/Runtime/Cache/Home/aeaedd05c0fa32bda704dea494569ccb.php 第 20 行.
SQL: SELECT `name` FROM `quntiao_team` WHERE ( `id` = 26 ) LIMIT 1   [ RunTime:0.001880s ]
SQL: SELECT `name` FROM `quntiao_team` WHERE ( `id` = 15 ) LIMIT 1   [ RunTime:0.001286s ]
SQL: SELECT `title` FROM `quntiao_match` WHERE ( `id` = 4 ) LIMIT 1   [ RunTime:0.012200s ]
SQL: SELECT `cover` FROM `quntiao_team` WHERE ( `id` = 27 ) LIMIT 1   [ RunTime:0.003863s ]
SQL: SELECT `url` FROM `quntiao_picture` WHERE ( `id` = 224 ) LIMIT 1   [ RunTime:0.001505s ]
NOTIC: [8] Undefined variable: live /Applications/XAMPP/xamppfiles/htdocs/quntiao/Runtime/Cache/Home/aeaedd05c0fa32bda704dea494569ccb.php 第 10 行.
SQL: SELECT `cover` FROM `quntiao_team` WHERE ( `id` = 28 ) LIMIT 1   [ RunTime:0.001042s ]
SQL: SELECT `url` FROM `quntiao_picture` WHERE ( `id` = 225 ) LIMIT 1   [ RunTime:0.000437s ]
NOTIC: [8] Undefined variable: live /Applications/XAMPP/xamppfiles/htdocs/quntiao/Runtime/Cache/Home/aeaedd05c0fa32bda704dea494569ccb.php 第 20 行.
SQL: SELECT `name` FROM `quntiao_team` WHERE ( `id` = 27 ) LIMIT 1   [ RunTime:0.000429s ]
SQL: SELECT `name` FROM `quntiao_team` WHERE ( `id` = 28 ) LIMIT 1   [ RunTime:0.000295s ]
SQL: SELECT `title` FROM `quntiao_match` WHERE ( `id` = 4 ) LIMIT 1   [ RunTime:0.000315s ]
INFO: Run Behavior\ParseTemplateBehavior [ RunTime:0.091942s ]
INFO: [ view_parse ] --END-- [ RunTime:-0.076287s ]
INFO: [ view_filter ] --START--
INFO: Run Behavior\WriteHtmlCacheBehavior [ RunTime:0.000014s ]
INFO: [ view_filter ] --END-- [ RunTime:-0.168096s ]
SQL: SHOW COLUMNS FROM `quntiao_game` [ RunTime:0.003330s ]
SQL: SELECT `id` FROM `quntiao_game` WHERE ( `pid` = 1 ) ORDER BY sort asc LIMIT 5   [ RunTime:0.001026s ]
NOTIC: [8] Undefined variable: cacheList /Applications/XAMPP/xamppfiles/htdocs/quntiao/Application/Home/Model/GameModel.class.php 第 75 行.
SQL: SELECT * FROM `quntiao_game` WHERE ( `id` = 10005 ) LIMIT 1   [ RunTime:0.000609s ]
NOTIC: [8] Undefined offset: 10007 /Applications/XAMPP/xamppfiles/htdocs/quntiao/Application/Home/Model/GameModel.class.php 第 75 行.
SQL: SELECT * FROM `quntiao_game` WHERE ( `id` = 10007 ) LIMIT 1   [ RunTime:0.000810s ]
NOTIC: [8] Undefined offset: 10006 /Applications/XAMPP/xamppfiles/htdocs/quntiao/Application/Home/Model/GameModel.class.php 第 75 行.
SQL: SELECT * FROM `quntiao_game` WHERE ( `id` = 10006 ) LIMIT 1   [ RunTime:0.000539s ]
NOTIC: [8] Undefined offset: 10008 /Applications/XAMPP/xamppfiles/htdocs/quntiao/Application/Home/Model/GameModel.class.php 第 75 行.
SQL: SELECT * FROM `quntiao_game` WHERE ( `id` = 10008 ) LIMIT 1   [ RunTime:0.000555s ]
NOTIC: [8] Undefined offset: 10009 /Applications/XAMPP/xamppfiles/htdocs/quntiao/Application/Home/Model/GameModel.class.php 第 75 行.
SQL: SELECT * FROM `quntiao_game` WHERE ( `id` = 10009 ) LIMIT 1   [ RunTime:0.000496s ]
INFO: [ view_parse ] --START--
INFO: [ template_filter ] --START--
INFO: Run Behavior\ContentReplaceBehavior [ RunTime:0.000055s ]
INFO: [ template_filter ] --END-- [ RunTime:-0.241411s ]
SQL: SELECT `url` FROM `quntiao_picture` WHERE ( `id` = 36 ) LIMIT 1   [ RunTime:0.000847s ]
SQL: SELECT `url` FROM `quntiao_picture` WHERE ( `id` = 44 ) LIMIT 1   [ RunTime:0.000858s ]
SQL: SELECT `url` FROM `quntiao_picture` WHERE ( `id` = 42 ) LIMIT 1   [ RunTime:0.000371s ]
SQL: SELECT `url` FROM `quntiao_picture` WHERE ( `id` = 45 ) LIMIT 1   [ RunTime:0.000985s ]
SQL: SELECT `url` FROM `quntiao_picture` WHERE ( `id` = 46 ) LIMIT 1   [ RunTime:0.006366s ]
INFO: Run Behavior\ParseTemplateBehavior [ RunTime:0.024090s ]
INFO: [ view_parse ] --END-- [ RunTime:-0.187928s ]
INFO: [ view_filter ] --START--
INFO: Run Behavior\WriteHtmlCacheBehavior [ RunTime:0.000015s ]
INFO: [ view_filter ] --END-- [ RunTime:-0.211567s ]
SQL: SHOW COLUMNS FROM `quntiao_live` [ RunTime:0.005511s ]
SQL: SELECT `id` FROM `quntiao_live` WHERE ( `status` = 1 ) ORDER BY id desc LIMIT 8   [ RunTime:0.001715s ]
NOTIC: [8] Undefined variable: cacheList /Applications/XAMPP/xamppfiles/htdocs/quntiao/Application/Home/Model/LiveModel.class.php 第 71 行.
SQL: SELECT * FROM `quntiao_live` WHERE ( `id` = 21 ) LIMIT 1   [ RunTime:0.000662s ]
NOTIC: [8] Undefined offset: 20 /Applications/XAMPP/xamppfiles/htdocs/quntiao/Application/Home/Model/LiveModel.class.php 第 71 行.
SQL: SELECT * FROM `quntiao_live` WHERE ( `id` = 20 ) LIMIT 1   [ RunTime:0.000428s ]
NOTIC: [8] Undefined offset: 19 /Applications/XAMPP/xamppfiles/htdocs/quntiao/Application/Home/Model/LiveModel.class.php 第 71 行.
SQL: SELECT * FROM `quntiao_live` WHERE ( `id` = 19 ) LIMIT 1   [ RunTime:0.000388s ]
NOTIC: [8] Undefined offset: 18 /Applications/XAMPP/xamppfiles/htdocs/quntiao/Application/Home/Model/LiveModel.class.php 第 71 行.
SQL: SELECT * FROM `quntiao_live` WHERE ( `id` = 18 ) LIMIT 1   [ RunTime:0.000779s ]
NOTIC: [8] Undefined offset: 17 /Applications/XAMPP/xamppfiles/htdocs/quntiao/Application/Home/Model/LiveModel.class.php 第 71 行.
SQL: SELECT * FROM `quntiao_live` WHERE ( `id` = 17 ) LIMIT 1   [ RunTime:0.000361s ]
NOTIC: [8] Undefined offset: 16 /Applications/XAMPP/xamppfiles/htdocs/quntiao/Application/Home/Model/LiveModel.class.php 第 71 行.
SQL: SELECT * FROM `quntiao_live` WHERE ( `id` = 16 ) LIMIT 1   [ RunTime:0.000377s ]
NOTIC: [8] Undefined offset: 15 /Applications/XAMPP/xamppfiles/htdocs/quntiao/Application/Home/Model/LiveModel.class.php 第 71 行.
SQL: SELECT * FROM `quntiao_live` WHERE ( `id` = 15 ) LIMIT 1   [ RunTime:0.000405s ]
NOTIC: [8] Undefined offset: 14 /Applications/XAMPP/xamppfiles/htdocs/quntiao/Application/Home/Model/LiveModel.class.php 第 71 行.
SQL: SELECT * FROM `quntiao_live` WHERE ( `id` = 14 ) LIMIT 1   [ RunTime:0.000384s ]
INFO: [ view_parse ] --START--
INFO: [ template_filter ] --START--
INFO: Run Behavior\ContentReplaceBehavior [ RunTime:0.000038s ]
INFO: [ template_filter ] --END-- [ RunTime:-0.296043s ]
SQL: SELECT `url` FROM `quntiao_picture` WHERE ( `id` = 298 ) LIMIT 1   [ RunTime:0.000529s ]
SQL: SELECT `url` FROM `quntiao_picture` WHERE ( `id` = 297 ) LIMIT 1   [ RunTime:0.000339s ]
SQL: SELECT `url` FROM `quntiao_picture` WHERE ( `id` = 296 ) LIMIT 1   [ RunTime:0.000303s ]
SQL: SELECT `url` FROM `quntiao_picture` WHERE ( `id` = 295 ) LIMIT 1   [ RunTime:0.000245s ]
SQL: SELECT `url` FROM `quntiao_picture` WHERE ( `id` = 294 ) LIMIT 1   [ RunTime:0.000269s ]
SQL: SELECT `url` FROM `quntiao_picture` WHERE ( `id` = 293 ) LIMIT 1   [ RunTime:0.000523s ]
SQL: SELECT `url` FROM `quntiao_picture` WHERE ( `id` = 292 ) LIMIT 1   [ RunTime:0.000844s ]
SQL: SELECT `url` FROM `quntiao_picture` WHERE ( `id` = 290 ) LIMIT 1   [ RunTime:0.000627s ]
INFO: Run Behavior\ParseTemplateBehavior [ RunTime:0.016703s ]
INFO: [ view_parse ] --END-- [ RunTime:-0.243260s ]
INFO: [ view_filter ] --START--
INFO: Run Behavior\WriteHtmlCacheBehavior [ RunTime:0.000016s ]
INFO: [ view_filter ] --END-- [ RunTime:-0.259511s ]
SQL: SHOW COLUMNS FROM `quntiao_video` [ RunTime:0.001802s ]
SQL: SELECT `id` FROM `quntiao_video` WHERE ( `status` = 1 ) ORDER BY id desc LIMIT 12   [ RunTime:0.002110s ]
NOTIC: [8] Undefined variable: cacheList /Applications/XAMPP/xamppfiles/htdocs/quntiao/Application/Home/Model/VideoModel.class.php 第 290 行.
SQL: SELECT * FROM `quntiao_video` WHERE ( `id` = 47 ) LIMIT 1   [ RunTime:0.000428s ]
NOTIC: [8] Undefined offset: 46 /Applications/XAMPP/xamppfiles/htdocs/quntiao/Application/Home/Model/VideoModel.class.php 第 290 行.
SQL: SELECT * FROM `quntiao_video` WHERE ( `id` = 46 ) LIMIT 1   [ RunTime:0.000322s ]
NOTIC: [8] Undefined offset: 45 /Applications/XAMPP/xamppfiles/htdocs/quntiao/Application/Home/Model/VideoModel.class.php 第 290 行.
SQL: SELECT * FROM `quntiao_video` WHERE ( `id` = 45 ) LIMIT 1   [ RunTime:0.000396s ]
NOTIC: [8] Undefined offset: 44 /Applications/XAMPP/xamppfiles/htdocs/quntiao/Application/Home/Model/VideoModel.class.php 第 290 行.
SQL: SELECT * FROM `quntiao_video` WHERE ( `id` = 44 ) LIMIT 1   [ RunTime:0.000484s ]
NOTIC: [8] Undefined offset: 43 /Applications/XAMPP/xamppfiles/htdocs/quntiao/Application/Home/Model/VideoModel.class.php 第 290 行.
SQL: SELECT * FROM `quntiao_video` WHERE ( `id` = 43 ) LIMIT 1   [ RunTime:0.000450s ]
NOTIC: [8] Undefined offset: 42 /Applications/XAMPP/xamppfiles/htdocs/quntiao/Application/Home/Model/VideoModel.class.php 第 290 行.
SQL: SELECT * FROM `quntiao_video` WHERE ( `id` = 42 ) LIMIT 1   [ RunTime:0.000468s ]
NOTIC: [8] Undefined offset: 41 /Applications/XAMPP/xamppfiles/htdocs/quntiao/Application/Home/Model/VideoModel.class.php 第 290 行.
SQL: SELECT * FROM `quntiao_video` WHERE ( `id` = 41 ) LIMIT 1   [ RunTime:0.000367s ]
NOTIC: [8] Undefined offset: 40 /Applications/XAMPP/xamppfiles/htdocs/quntiao/Application/Home/Model/VideoModel.class.php 第 290 行.
SQL: SELECT * FROM `quntiao_video` WHERE ( `id` = 40 ) LIMIT 1   [ RunTime:0.000355s ]
NOTIC: [8] Undefined offset: 39 /Applications/XAMPP/xamppfiles/htdocs/quntiao/Application/Home/Model/VideoModel.class.php 第 290 行.
SQL: SELECT * FROM `quntiao_video` WHERE ( `id` = 39 ) LIMIT 1   [ RunTime:0.000328s ]
NOTIC: [8] Undefined offset: 38 /Applications/XAMPP/xamppfiles/htdocs/quntiao/Application/Home/Model/VideoModel.class.php 第 290 行.
SQL: SELECT * FROM `quntiao_video` WHERE ( `id` = 38 ) LIMIT 1   [ RunTime:0.000447s ]
NOTIC: [8] Undefined offset: 37 /Applications/XAMPP/xamppfiles/htdocs/quntiao/Application/Home/Model/VideoModel.class.php 第 290 行.
SQL: SELECT * FROM `quntiao_video` WHERE ( `id` = 37 ) LIMIT 1   [ RunTime:0.000519s ]
NOTIC: [8] Undefined offset: 36 /Applications/XAMPP/xamppfiles/htdocs/quntiao/Application/Home/Model/VideoModel.class.php 第 290 行.
SQL: SELECT * FROM `quntiao_video` WHERE ( `id` = 36 ) LIMIT 1   [ RunTime:0.000405s ]
SQL: SELECT `id` FROM `quntiao_video` WHERE ( `status` = 1 ) AND ( `edit_status` = 1 ) ORDER BY id desc LIMIT 2   [ RunTime:0.000382s ]
NOTIC: [8] Undefined variable: cacheList /Applications/XAMPP/xamppfiles/htdocs/quntiao/Application/Home/Model/VideoModel.class.php 第 290 行.
NOTIC: [8] Undefined offset: 46 /Applications/XAMPP/xamppfiles/htdocs/quntiao/Application/Home/Model/VideoModel.class.php 第 290 行.
INFO: [ view_parse ] --START--
INFO: [ template_filter ] --START--
INFO: Run Behavior\ContentReplaceBehavior [ RunTime:0.000062s ]
INFO: [ template_filter ] --END-- [ RunTime:-0.344395s ]
SQL: SELECT `url` FROM `quntiao_picture` WHERE ( `id` = 275 ) LIMIT 1   [ RunTime:0.000597s ]
SQL: SELECT `url` FROM `quntiao_picture` WHERE ( `id` = 274 ) LIMIT 1   [ RunTime:0.000337s ]
SQL: SELECT `url` FROM `quntiao_picture` WHERE ( `id` = 275 ) LIMIT 1   [ RunTime:0.000303s ]
SQL: SELECT `url` FROM `quntiao_picture` WHERE ( `id` = 274 ) LIMIT 1   [ RunTime:0.000342s ]
SQL: SELECT `url` FROM `quntiao_picture` WHERE ( `id` = 273 ) LIMIT 1   [ RunTime:0.000300s ]
SQL: SELECT `url` FROM `quntiao_picture` WHERE ( `id` = 272 ) LIMIT 1   [ RunTime:0.000313s ]
SQL: SELECT `url` FROM `quntiao_picture` WHERE ( `id` = 271 ) LIMIT 1   [ RunTime:0.000328s ]
SQL: SELECT `url` FROM `quntiao_picture` WHERE ( `id` = 270 ) LIMIT 1   [ RunTime:0.000646s ]
SQL: SELECT `url` FROM `quntiao_picture` WHERE ( `id` = 269 ) LIMIT 1   [ RunTime:0.000427s ]
SQL: SELECT `url` FROM `quntiao_picture` WHERE ( `id` = 268 ) LIMIT 1   [ RunTime:0.000391s ]
SQL: SELECT `url` FROM `quntiao_picture` WHERE ( `id` = 267 ) LIMIT 1   [ RunTime:0.000328s ]
SQL: SELECT `url` FROM `quntiao_picture` WHERE ( `id` = 266 ) LIMIT 1   [ RunTime:0.000322s ]
SQL: SELECT `url` FROM `quntiao_picture` WHERE ( `id` = 265 ) LIMIT 1   [ RunTime:0.000822s ]
SQL: SELECT `url` FROM `quntiao_picture` WHERE ( `id` = 264 ) LIMIT 1   [ RunTime:0.000637s ]
INFO: Run Behavior\ParseTemplateBehavior [ RunTime:0.028614s ]
INFO: [ view_parse ] --END-- [ RunTime:-0.288909s ]
INFO: [ view_filter ] --START--
INFO: Run Behavior\WriteHtmlCacheBehavior [ RunTime:0.000013s ]
INFO: [ view_filter ] --END-- [ RunTime:-0.317076s ]
SQL: SHOW COLUMNS FROM `quntiao_team` [ RunTime:0.002137s ]
SQL: SELECT `id` FROM `quntiao_team` ORDER BY id desc LIMIT 10   [ RunTime:0.000448s ]
NOTIC: [8] Undefined variable: cacheList /Applications/XAMPP/xamppfiles/htdocs/quntiao/Application/Home/Model/TeamModel.class.php 第 80 行.
SQL: SELECT * FROM `quntiao_team` WHERE ( `id` = 32 ) LIMIT 1   [ RunTime:0.000379s ]
NOTIC: [8] Undefined offset: 31 /Applications/XAMPP/xamppfiles/htdocs/quntiao/Application/Home/Model/TeamModel.class.php 第 80 行.
SQL: SELECT * FROM `quntiao_team` WHERE ( `id` = 31 ) LIMIT 1   [ RunTime:0.000400s ]
NOTIC: [8] Undefined offset: 30 /Applications/XAMPP/xamppfiles/htdocs/quntiao/Application/Home/Model/TeamModel.class.php 第 80 行.
SQL: SELECT * FROM `quntiao_team` WHERE ( `id` = 30 ) LIMIT 1   [ RunTime:0.000375s ]
NOTIC: [8] Undefined offset: 29 /Applications/XAMPP/xamppfiles/htdocs/quntiao/Application/Home/Model/TeamModel.class.php 第 80 行.
SQL: SELECT * FROM `quntiao_team` WHERE ( `id` = 29 ) LIMIT 1   [ RunTime:0.000409s ]
NOTIC: [8] Undefined offset: 28 /Applications/XAMPP/xamppfiles/htdocs/quntiao/Application/Home/Model/TeamModel.class.php 第 80 行.
SQL: SELECT * FROM `quntiao_team` WHERE ( `id` = 28 ) LIMIT 1   [ RunTime:0.000378s ]
NOTIC: [8] Undefined offset: 27 /Applications/XAMPP/xamppfiles/htdocs/quntiao/Application/Home/Model/TeamModel.class.php 第 80 行.
SQL: SELECT * FROM `quntiao_team` WHERE ( `id` = 27 ) LIMIT 1   [ RunTime:0.000313s ]
NOTIC: [8] Undefined offset: 26 /Applications/XAMPP/xamppfiles/htdocs/quntiao/Application/Home/Model/TeamModel.class.php 第 80 行.
SQL: SELECT * FROM `quntiao_team` WHERE ( `id` = 26 ) LIMIT 1   [ RunTime:0.000366s ]
NOTIC: [8] Undefined offset: 25 /Applications/XAMPP/xamppfiles/htdocs/quntiao/Application/Home/Model/TeamModel.class.php 第 80 行.
SQL: SELECT * FROM `quntiao_team` WHERE ( `id` = 25 ) LIMIT 1   [ RunTime:0.000421s ]
NOTIC: [8] Undefined offset: 24 /Applications/XAMPP/xamppfiles/htdocs/quntiao/Application/Home/Model/TeamModel.class.php 第 80 行.
SQL: SELECT * FROM `quntiao_team` WHERE ( `id` = 24 ) LIMIT 1   [ RunTime:0.000562s ]
NOTIC: [8] Undefined offset: 23 /Applications/XAMPP/xamppfiles/htdocs/quntiao/Application/Home/Model/TeamModel.class.php 第 80 行.
SQL: SELECT * FROM `quntiao_team` WHERE ( `id` = 23 ) LIMIT 1   [ RunTime:0.000527s ]
INFO: [ view_parse ] --START--
INFO: [ template_filter ] --START--
INFO: Run Behavior\ContentReplaceBehavior [ RunTime:0.000032s ]
INFO: [ template_filter ] --END-- [ RunTime:-0.394734s ]
SQL: SELECT `url` FROM `quntiao_picture` WHERE ( `id` = 231 ) LIMIT 1   [ RunTime:0.000418s ]
SQL: SELECT `url` FROM `quntiao_picture` WHERE ( `id` = 228 ) LIMIT 1   [ RunTime:0.000494s ]
SQL: SELECT `url` FROM `quntiao_picture` WHERE ( `id` = 227 ) LIMIT 1   [ RunTime:0.000507s ]
SQL: SELECT `url` FROM `quntiao_picture` WHERE ( `id` = 226 ) LIMIT 1   [ RunTime:0.000533s ]
SQL: SELECT `url` FROM `quntiao_picture` WHERE ( `id` = 225 ) LIMIT 1   [ RunTime:0.000397s ]
SQL: SELECT `url` FROM `quntiao_picture` WHERE ( `id` = 224 ) LIMIT 1   [ RunTime:0.000927s ]
SQL: SELECT `url` FROM `quntiao_picture` WHERE ( `id` = 223 ) LIMIT 1   [ RunTime:0.002150s ]
SQL: SELECT `url` FROM `quntiao_picture` WHERE ( `id` = 222 ) LIMIT 1   [ RunTime:0.000892s ]
SQL: SELECT `url` FROM `quntiao_picture` WHERE ( `id` = 221 ) LIMIT 1   [ RunTime:0.000618s ]
SQL: SELECT `url` FROM `quntiao_picture` WHERE ( `id` = 219 ) LIMIT 1   [ RunTime:0.000530s ]
INFO: Run Behavior\ParseTemplateBehavior [ RunTime:0.022415s ]
INFO: [ view_parse ] --END-- [ RunTime:-0.342073s ]
INFO: [ view_filter ] --START--
INFO: Run Behavior\WriteHtmlCacheBehavior [ RunTime:0.000017s ]
INFO: [ view_filter ] --END-- [ RunTime:-0.364074s ]
INFO: [ view_parse ] --START--
INFO: [ template_filter ] --START--
INFO: Run Behavior\ContentReplaceBehavior [ RunTime:0.000059s ]
INFO: [ template_filter ] --END-- [ RunTime:-0.421793s ]
SQL: SELECT `url` FROM `quntiao_picture` WHERE ( `id` = 298 ) LIMIT 1   [ RunTime:0.000709s ]
SQL: SELECT `url` FROM `quntiao_picture` WHERE ( `id` = 297 ) LIMIT 1   [ RunTime:0.000423s ]
SQL: SELECT `url` FROM `quntiao_picture` WHERE ( `id` = 296 ) LIMIT 1   [ RunTime:0.000391s ]
SQL: SELECT `url` FROM `quntiao_picture` WHERE ( `id` = 295 ) LIMIT 1   [ RunTime:0.000383s ]
SQL: SELECT `url` FROM `quntiao_picture` WHERE ( `id` = 294 ) LIMIT 1   [ RunTime:0.000541s ]
SQL: SELECT `url` FROM `quntiao_picture` WHERE ( `id` = 293 ) LIMIT 1   [ RunTime:0.000347s ]
SQL: SELECT `url` FROM `quntiao_picture` WHERE ( `id` = 292 ) LIMIT 1   [ RunTime:0.000454s ]
SQL: SELECT `url` FROM `quntiao_picture` WHERE ( `id` = 290 ) LIMIT 1   [ RunTime:0.000433s ]
INFO: Run Behavior\ParseTemplateBehavior [ RunTime:0.018998s ]
INFO: [ view_parse ] --END-- [ RunTime:-0.365284s ]
INFO: [ view_filter ] --START--
INFO: Run Behavior\WriteHtmlCacheBehavior [ RunTime:0.000016s ]
INFO: [ view_filter ] --END-- [ RunTime:-0.383821s ]
INFO: [ view_parse ] --START--
INFO: [ template_filter ] --START--
INFO: Run Behavior\ContentReplaceBehavior [ RunTime:0.000053s ]
INFO: [ template_filter ] --END-- [ RunTime:-0.438143s ]
SQL: SELECT `url` FROM `quntiao_picture` WHERE ( `id` = 298 ) LIMIT 1   [ RunTime:0.000514s ]
SQL: SELECT `url` FROM `quntiao_picture` WHERE ( `id` = 297 ) LIMIT 1   [ RunTime:0.000309s ]
SQL: SELECT `url` FROM `quntiao_picture` WHERE ( `id` = 296 ) LIMIT 1   [ RunTime:0.000917s ]
SQL: SELECT `url` FROM `quntiao_picture` WHERE ( `id` = 295 ) LIMIT 1   [ RunTime:0.000596s ]
SQL: SELECT `url` FROM `quntiao_picture` WHERE ( `id` = 294 ) LIMIT 1   [ RunTime:0.000410s ]
SQL: SELECT `url` FROM `quntiao_picture` WHERE ( `id` = 293 ) LIMIT 1   [ RunTime:0.000480s ]
SQL: SELECT `url` FROM `quntiao_picture` WHERE ( `id` = 292 ) LIMIT 1   [ RunTime:0.000392s ]
SQL: SELECT `url` FROM `quntiao_picture` WHERE ( `id` = 290 ) LIMIT 1   [ RunTime:0.000332s ]
INFO: Run Behavior\ParseTemplateBehavior [ RunTime:0.013100s ]
INFO: [ view_parse ] --END-- [ RunTime:-0.384824s ]
INFO: [ view_filter ] --START--
INFO: Run Behavior\WriteHtmlCacheBehavior [ RunTime:0.000016s ]
INFO: [ view_filter ] --END-- [ RunTime:-0.397451s ]
SQL: SELECT `id` FROM `quntiao_match_game` WHERE ( `status` = 1 ) AND ( `game_status` < 2 ) ORDER BY id desc LIMIT 4   [ RunTime:0.000507s ]
NOTIC: [8] Undefined variable: cacheList /Applications/XAMPP/xamppfiles/htdocs/quntiao/Application/Home/Model/MatchGameModel.class.php 第 31 行.
NOTIC: [8] Undefined offset: 14 /Applications/XAMPP/xamppfiles/htdocs/quntiao/Application/Home/Model/MatchGameModel.class.php 第 31 行.
SQL: SELECT * FROM `quntiao_match_game` WHERE ( `id` = 14 ) LIMIT 1   [ RunTime:0.000414s ]
NOTIC: [8] Undefined offset: 13 /Applications/XAMPP/xamppfiles/htdocs/quntiao/Application/Home/Model/MatchGameModel.class.php 第 31 行.
SQL: SELECT * FROM `quntiao_match_game` WHERE ( `id` = 13 ) LIMIT 1   [ RunTime:0.000409s ]
NOTIC: [8] Undefined offset: 12 /Applications/XAMPP/xamppfiles/htdocs/quntiao/Application/Home/Model/MatchGameModel.class.php 第 31 行.
SQL: SELECT * FROM `quntiao_match_game` WHERE ( `id` = 12 ) LIMIT 1   [ RunTime:0.000391s ]
INFO: [ view_parse ] --START--
INFO: [ template_filter ] --START--
INFO: Run Behavior\ContentReplaceBehavior [ RunTime:0.000043s ]
INFO: [ template_filter ] --END-- [ RunTime:-0.459712s ]
SQL: SELECT `cover` FROM `quntiao_team` WHERE ( `id` = 3 ) LIMIT 1   [ RunTime:0.000316s ]
SQL: SELECT `url` FROM `quntiao_picture` WHERE ( `id` = 199 ) LIMIT 1   [ RunTime:0.000250s ]
NOTIC: [8] Undefined variable: live /Applications/XAMPP/xamppfiles/htdocs/quntiao/Runtime/Cache/Home/7c2e051fd11f2ee0450c7a70191797e3.php 第 10 行.
SQL: SELECT `cover` FROM `quntiao_team` WHERE ( `id` = 19 ) LIMIT 1   [ RunTime:0.000216s ]
SQL: SELECT `url` FROM `quntiao_picture` WHERE ( `id` = 215 ) LIMIT 1   [ RunTime:0.000332s ]
NOTIC: [8] Undefined variable: live /Applications/XAMPP/xamppfiles/htdocs/quntiao/Runtime/Cache/Home/7c2e051fd11f2ee0450c7a70191797e3.php 第 20 行.
SQL: SELECT `name` FROM `quntiao_team` WHERE ( `id` = 3 ) LIMIT 1   [ RunTime:0.000376s ]
SQL: SELECT `name` FROM `quntiao_team` WHERE ( `id` = 19 ) LIMIT 1   [ RunTime:0.000301s ]
SQL: SELECT `title` FROM `quntiao_match` WHERE ( `id` = 4 ) LIMIT 1   [ RunTime:0.000330s ]
SQL: SELECT `cover` FROM `quntiao_team` WHERE ( `id` = 4 ) LIMIT 1   [ RunTime:0.000402s ]
SQL: SELECT `url` FROM `quntiao_picture` WHERE ( `id` = 200 ) LIMIT 1   [ RunTime:0.000316s ]
NOTIC: [8] Undefined variable: live /Applications/XAMPP/xamppfiles/htdocs/quntiao/Runtime/Cache/Home/7c2e051fd11f2ee0450c7a70191797e3.php 第 10 行.
SQL: SELECT `name` FROM `quntiao_team` WHERE ( `id` = 4 ) LIMIT 1   [ RunTime:0.000338s ]
SQL: SELECT `title` FROM `quntiao_match` WHERE ( `id` = 4 ) LIMIT 1   [ RunTime:0.000624s ]
SQL: SELECT `cover` FROM `quntiao_team` WHERE ( `id` = 10 ) LIMIT 1   [ RunTime:0.000359s ]
SQL: SELECT `url` FROM `quntiao_picture` WHERE ( `id` = 206 ) LIMIT 1   [ RunTime:0.000895s ]
NOTIC: [8] Undefined variable: live /Applications/XAMPP/xamppfiles/htdocs/quntiao/Runtime/Cache/Home/7c2e051fd11f2ee0450c7a70191797e3.php 第 10 行.
SQL: SELECT `cover` FROM `quntiao_team` WHERE ( `id` = 8 ) LIMIT 1   [ RunTime:0.000431s ]
SQL: SELECT `url` FROM `quntiao_picture` WHERE ( `id` = 204 ) LIMIT 1   [ RunTime:0.000338s ]
NOTIC: [8] Undefined variable: live /Applications/XAMPP/xamppfiles/htdocs/quntiao/Runtime/Cache/Home/7c2e051fd11f2ee0450c7a70191797e3.php 第 20 行.
SQL: SELECT `name` FROM `quntiao_team` WHERE ( `id` = 10 ) LIMIT 1   [ RunTime:0.000291s ]
SQL: SELECT `name` FROM `quntiao_team` WHERE ( `id` = 8 ) LIMIT 1   [ RunTime:0.000409s ]
SQL: SELECT `title` FROM `quntiao_match` WHERE ( `id` = 4 ) LIMIT 1   [ RunTime:0.000247s ]
SQL: SELECT `cover` FROM `quntiao_team` WHERE ( `id` = 22 ) LIMIT 1   [ RunTime:0.000229s ]
SQL: SELECT `url` FROM `quntiao_picture` WHERE ( `id` = 229 ) LIMIT 1   [ RunTime:0.000247s ]
NOTIC: [8] Undefined variable: live /Applications/XAMPP/xamppfiles/htdocs/quntiao/Runtime/Cache/Home/7c2e051fd11f2ee0450c7a70191797e3.php 第 10 行.
SQL: SELECT `cover` FROM `quntiao_team` WHERE ( `id` = 6 ) LIMIT 1   [ RunTime:0.000249s ]
SQL: SELECT `url` FROM `quntiao_picture` WHERE ( `id` = 202 ) LIMIT 1   [ RunTime:0.000252s ]
NOTIC: [8] Undefined variable: live /Applications/XAMPP/xamppfiles/htdocs/quntiao/Runtime/Cache/Home/7c2e051fd11f2ee0450c7a70191797e3.php 第 20 行.
SQL: SELECT `name` FROM `quntiao_team` WHERE ( `id` = 22 ) LIMIT 1   [ RunTime:0.000475s ]
SQL: SELECT `name` FROM `quntiao_team` WHERE ( `id` = 6 ) LIMIT 1   [ RunTime:0.000610s ]
SQL: SELECT `title` FROM `quntiao_match` WHERE ( `id` = 4 ) LIMIT 1   [ RunTime:0.000387s ]
INFO: Run Behavior\ParseTemplateBehavior [ RunTime:0.037601s ]
INFO: [ view_parse ] --END-- [ RunTime:-0.405131s ]
INFO: [ view_filter ] --START--
INFO: Run Behavior\WriteHtmlCacheBehavior [ RunTime:0.000017s ]
INFO: [ view_filter ] --END-- [ RunTime:-0.442281s ]
SQL: SELECT `id` FROM `quntiao_live` WHERE ( `status` = 1 ) ORDER BY follows desc LIMIT 9   [ RunTime:0.000421s ]
NOTIC: [8] Undefined variable: cacheList /Applications/XAMPP/xamppfiles/htdocs/quntiao/Application/Home/Model/LiveModel.class.php 第 71 行.
NOTIC: [8] Undefined offset: 9 /Applications/XAMPP/xamppfiles/htdocs/quntiao/Application/Home/Model/LiveModel.class.php 第 71 行.
SQL: SELECT * FROM `quntiao_live` WHERE ( `id` = 9 ) LIMIT 1   [ RunTime:0.000336s ]
NOTIC: [8] Undefined offset: 8 /Applications/XAMPP/xamppfiles/htdocs/quntiao/Application/Home/Model/LiveModel.class.php 第 71 行.
SQL: SELECT * FROM `quntiao_live` WHERE ( `id` = 8 ) LIMIT 1   [ RunTime:0.000374s ]
NOTIC: [8] Undefined offset: 7 /Applications/XAMPP/xamppfiles/htdocs/quntiao/Application/Home/Model/LiveModel.class.php 第 71 行.
SQL: SELECT * FROM `quntiao_live` WHERE ( `id` = 7 ) LIMIT 1   [ RunTime:0.000578s ]
NOTIC: [8] Undefined offset: 6 /Applications/XAMPP/xamppfiles/htdocs/quntiao/Application/Home/Model/LiveModel.class.php 第 71 行.
SQL: SELECT * FROM `quntiao_live` WHERE ( `id` = 6 ) LIMIT 1   [ RunTime:0.000421s ]
NOTIC: [8] Undefined offset: 5 /Applications/XAMPP/xamppfiles/htdocs/quntiao/Application/Home/Model/LiveModel.class.php 第 71 行.
SQL: SELECT * FROM `quntiao_live` WHERE ( `id` = 5 ) LIMIT 1   [ RunTime:0.000374s ]
NOTIC: [8] Undefined offset: 4 /Applications/XAMPP/xamppfiles/htdocs/quntiao/Application/Home/Model/LiveModel.class.php 第 71 行.
SQL: SELECT * FROM `quntiao_live` WHERE ( `id` = 4 ) LIMIT 1   [ RunTime:0.000443s ]
NOTIC: [8] Undefined offset: 3 /Applications/XAMPP/xamppfiles/htdocs/quntiao/Application/Home/Model/LiveModel.class.php 第 71 行.
SQL: SELECT * FROM `quntiao_live` WHERE ( `id` = 3 ) LIMIT 1   [ RunTime:0.000383s ]
NOTIC: [8] Undefined offset: 2 /Applications/XAMPP/xamppfiles/htdocs/quntiao/Application/Home/Model/LiveModel.class.php 第 71 行.
SQL: SELECT * FROM `quntiao_live` WHERE ( `id` = 2 ) LIMIT 1   [ RunTime:0.000363s ]
INFO: [ view_parse ] --START--
INFO: [ template_filter ] --START--
INFO: Run Behavior\ContentReplaceBehavior [ RunTime:0.000043s ]
INFO: [ template_filter ] --END-- [ RunTime:-0.511358s ]
SQL: SHOW COLUMNS FROM `quntiao_member` [ RunTime:0.002454s ]
SQL: SHOW COLUMNS FROM `quntiao_ucenter_member` [ RunTime:0.001860s ]
NOTIC: D方法实例化没找到模型类Home\Model\MemberModel
SQL: SHOW COLUMNS FROM `quntiao_member` [ RunTime:0.001676s ]
SQL: SELECT `username` FROM `quntiao_member` WHERE ( `uid` = 1 ) LIMIT 1   [ RunTime:0.000649s ]
SQL: SHOW COLUMNS FROM `quntiao_ucenter_member` [ RunTime:0.002426s ]
SQL: SELECT `username` FROM `quntiao_ucenter_member` WHERE ( `id` = 1 ) LIMIT 1   [ RunTime:0.001198s ]
SQL: SHOW COLUMNS FROM `quntiao_avatar` [ RunTime:0.002760s ]
SQL: SELECT `url` FROM `quntiao_avatar` WHERE ( `uid` = 1 ) LIMIT 1   [ RunTime:0.000598s ]
SQL: SELECT `username` FROM `quntiao_member` WHERE ( `uid` = 9 ) LIMIT 1   [ RunTime:0.000349s ]
SQL: SELECT `username` FROM `quntiao_ucenter_member` WHERE ( `id` = 9 ) LIMIT 1   [ RunTime:0.000500s ]
SQL: SELECT `url` FROM `quntiao_avatar` WHERE ( `uid` = 9 ) LIMIT 1   [ RunTime:0.000267s ]
SQL: SELECT `username` FROM `quntiao_member` WHERE ( `uid` = 8 ) LIMIT 1   [ RunTime:0.000365s ]
SQL: SELECT `username` FROM `quntiao_ucenter_member` WHERE ( `id` = 8 ) LIMIT 1   [ RunTime:0.000269s ]
SQL: SELECT `url` FROM `quntiao_avatar` WHERE ( `uid` = 8 ) LIMIT 1   [ RunTime:0.000239s ]
SQL: SELECT `username` FROM `quntiao_member` WHERE ( `uid` = 7 ) LIMIT 1   [ RunTime:0.000455s ]
SQL: SELECT `username` FROM `quntiao_ucenter_member` WHERE ( `id` = 7 ) LIMIT 1   [ RunTime:0.000315s ]
SQL: SELECT `url` FROM `quntiao_avatar` WHERE ( `uid` = 7 ) LIMIT 1   [ RunTime:0.000247s ]
SQL: SELECT `username` FROM `quntiao_member` WHERE ( `uid` = 6 ) LIMIT 1   [ RunTime:0.000413s ]
SQL: SELECT `username` FROM `quntiao_ucenter_member` WHERE ( `id` = 6 ) LIMIT 1   [ RunTime:0.000265s ]
SQL: SELECT `url` FROM `quntiao_avatar` WHERE ( `uid` = 6 ) LIMIT 1   [ RunTime:0.000219s ]
SQL: SELECT `username` FROM `quntiao_member` WHERE ( `uid` = 5 ) LIMIT 1   [ RunTime:0.000485s ]
SQL: SELECT `username` FROM `quntiao_ucenter_member` WHERE ( `id` = 5 ) LIMIT 1   [ RunTime:0.000282s ]
SQL: SELECT `url` FROM `quntiao_avatar` WHERE ( `uid` = 5 ) LIMIT 1   [ RunTime:0.000296s ]
SQL: SELECT `username` FROM `quntiao_member` WHERE ( `uid` = 4 ) LIMIT 1   [ RunTime:0.000381s ]
SQL: SELECT `username` FROM `quntiao_ucenter_member` WHERE ( `id` = 4 ) LIMIT 1   [ RunTime:0.000244s ]
SQL: SELECT `url` FROM `quntiao_avatar` WHERE ( `uid` = 4 ) LIMIT 1   [ RunTime:0.000170s ]
SQL: SELECT `username` FROM `quntiao_member` WHERE ( `uid` = 3 ) LIMIT 1   [ RunTime:0.000421s ]
SQL: SELECT `username` FROM `quntiao_ucenter_member` WHERE ( `id` = 3 ) LIMIT 1   [ RunTime:0.000313s ]
SQL: SELECT `url` FROM `quntiao_avatar` WHERE ( `uid` = 3 ) LIMIT 1   [ RunTime:0.000381s ]
SQL: SELECT `username` FROM `quntiao_member` WHERE ( `uid` = 2 ) LIMIT 1   [ RunTime:0.000406s ]
SQL: SELECT `username` FROM `quntiao_ucenter_member` WHERE ( `id` = 2 ) LIMIT 1   [ RunTime:0.000278s ]
SQL: SELECT `url` FROM `quntiao_avatar` WHERE ( `uid` = 2 ) LIMIT 1   [ RunTime:0.000393s ]
INFO: Run Behavior\ParseTemplateBehavior [ RunTime:0.059942s ]
INFO: [ view_parse ] --END-- [ RunTime:-0.457946s ]
INFO: [ view_filter ] --START--
INFO: Run Behavior\WriteHtmlCacheBehavior [ RunTime:0.000014s ]
INFO: [ view_filter ] --END-- [ RunTime:-0.517409s ]
SQL: SHOW COLUMNS FROM `quntiao_fight` [ RunTime:0.002140s ]
SQL: SELECT `id` FROM `quntiao_fight` WHERE ( `status` = 1 ) ORDER BY id desc LIMIT 5   [ RunTime:0.000636s ]
NOTIC: [8] Undefined variable: cacheList /Applications/XAMPP/xamppfiles/htdocs/quntiao/Application/Home/Model/FightModel.class.php 第 31 行.
SQL: SELECT * FROM `quntiao_fight` WHERE ( `id` = 12 ) LIMIT 1   [ RunTime:0.000452s ]
NOTIC: [8] Undefined offset: 11 /Applications/XAMPP/xamppfiles/htdocs/quntiao/Application/Home/Model/FightModel.class.php 第 31 行.
SQL: SELECT * FROM `quntiao_fight` WHERE ( `id` = 11 ) LIMIT 1   [ RunTime:0.000466s ]
NOTIC: [8] Undefined offset: 10 /Applications/XAMPP/xamppfiles/htdocs/quntiao/Application/Home/Model/FightModel.class.php 第 31 行.
SQL: SELECT * FROM `quntiao_fight` WHERE ( `id` = 10 ) LIMIT 1   [ RunTime:0.000439s ]
NOTIC: [8] Undefined offset: 9 /Applications/XAMPP/xamppfiles/htdocs/quntiao/Application/Home/Model/FightModel.class.php 第 31 行.
SQL: SELECT * FROM `quntiao_fight` WHERE ( `id` = 9 ) LIMIT 1   [ RunTime:0.000445s ]
NOTIC: [8] Undefined offset: 8 /Applications/XAMPP/xamppfiles/htdocs/quntiao/Application/Home/Model/FightModel.class.php 第 31 行.
SQL: SELECT * FROM `quntiao_fight` WHERE ( `id` = 8 ) LIMIT 1   [ RunTime:0.000367s ]
INFO: [ view_parse ] --START--
INFO: [ template_filter ] --START--
INFO: Run Behavior\ContentReplaceBehavior [ RunTime:0.000058s ]
INFO: [ template_filter ] --END-- [ RunTime:-0.586099s ]
INFO: Run Behavior\ParseTemplateBehavior [ RunTime:0.005998s ]
INFO: [ view_parse ] --END-- [ RunTime:-0.531984s ]
INFO: [ view_filter ] --START--
INFO: Run Behavior\WriteHtmlCacheBehavior [ RunTime:0.000012s ]
INFO: [ view_filter ] --END-- [ RunTime:-0.537525s ]
SQL: SHOW COLUMNS FROM `quntiao_video_album` [ RunTime:0.002242s ]
SQL: SELECT `id` FROM `quntiao_video_album` WHERE ( `status` = 1 ) ORDER BY id desc LIMIT 12   [ RunTime:0.000648s ]
NOTIC: [8] Undefined variable: cacheList /Applications/XAMPP/xamppfiles/htdocs/quntiao/Application/Home/Model/VideoAlbumModel.class.php 第 110 行.
SQL: SELECT * FROM `quntiao_video_album` WHERE ( `id` = 13 ) LIMIT 1   [ RunTime:0.000389s ]
SQL: SHOW COLUMNS FROM `quntiao_picture` [ RunTime:0.001544s ]
SQL: SELECT `url` FROM `quntiao_picture` WHERE ( `id` = 169 ) LIMIT 1   [ RunTime:0.000693s ]
NOTIC: [8] Undefined offset: 12 /Applications/XAMPP/xamppfiles/htdocs/quntiao/Application/Home/Model/VideoAlbumModel.class.php 第 110 行.
SQL: SELECT * FROM `quntiao_video_album` WHERE ( `id` = 12 ) LIMIT 1   [ RunTime:0.000341s ]
SQL: SELECT `url` FROM `quntiao_picture` WHERE ( `id` = 155 ) LIMIT 1   [ RunTime:0.000214s ]
NOTIC: [8] Undefined offset: 11 /Applications/XAMPP/xamppfiles/htdocs/quntiao/Application/Home/Model/VideoAlbumModel.class.php 第 110 行.
SQL: SELECT * FROM `quntiao_video_album` WHERE ( `id` = 11 ) LIMIT 1   [ RunTime:0.000379s ]
SQL: SELECT `url` FROM `quntiao_picture` WHERE ( `id` = 154 ) LIMIT 1   [ RunTime:0.000254s ]
NOTIC: [8] Undefined offset: 10 /Applications/XAMPP/xamppfiles/htdocs/quntiao/Application/Home/Model/VideoAlbumModel.class.php 第 110 行.
SQL: SELECT * FROM `quntiao_video_album` WHERE ( `id` = 10 ) LIMIT 1   [ RunTime:0.000435s ]
SQL: SELECT `url` FROM `quntiao_picture` WHERE ( `id` = 153 ) LIMIT 1   [ RunTime:0.000276s ]
NOTIC: [8] Undefined offset: 9 /Applications/XAMPP/xamppfiles/htdocs/quntiao/Application/Home/Model/VideoAlbumModel.class.php 第 110 行.
SQL: SELECT * FROM `quntiao_video_album` WHERE ( `id` = 9 ) LIMIT 1   [ RunTime:0.000365s ]
SQL: SELECT `url` FROM `quntiao_picture` WHERE ( `id` = 132 ) LIMIT 1   [ RunTime:0.000448s ]
NOTIC: [8] Undefined offset: 8 /Applications/XAMPP/xamppfiles/htdocs/quntiao/Application/Home/Model/VideoAlbumModel.class.php 第 110 行.
SQL: SELECT * FROM `quntiao_video_album` WHERE ( `id` = 8 ) LIMIT 1   [ RunTime:0.000474s ]
SQL: SELECT `url` FROM `quntiao_picture` WHERE ( `id` = 131 ) LIMIT 1   [ RunTime:0.000245s ]
NOTIC: [8] Undefined offset: 7 /Applications/XAMPP/xamppfiles/htdocs/quntiao/Application/Home/Model/VideoAlbumModel.class.php 第 110 行.
SQL: SELECT * FROM `quntiao_video_album` WHERE ( `id` = 7 ) LIMIT 1   [ RunTime:0.000328s ]
SQL: SELECT `url` FROM `quntiao_picture` WHERE ( `id` = 130 ) LIMIT 1   [ RunTime:0.000209s ]
NOTIC: [8] Undefined offset: 6 /Applications/XAMPP/xamppfiles/htdocs/quntiao/Application/Home/Model/VideoAlbumModel.class.php 第 110 行.
SQL: SELECT * FROM `quntiao_video_album` WHERE ( `id` = 6 ) LIMIT 1   [ RunTime:0.000330s ]
SQL: SELECT `url` FROM `quntiao_picture` WHERE ( `id` = 129 ) LIMIT 1   [ RunTime:0.000242s ]
NOTIC: [8] Undefined offset: 5 /Applications/XAMPP/xamppfiles/htdocs/quntiao/Application/Home/Model/VideoAlbumModel.class.php 第 110 行.
SQL: SELECT * FROM `quntiao_video_album` WHERE ( `id` = 5 ) LIMIT 1   [ RunTime:0.000810s ]
SQL: SELECT `url` FROM `quntiao_picture` WHERE ( `id` = 127 ) LIMIT 1   [ RunTime:0.000381s ]
NOTIC: [8] Undefined offset: 4 /Applications/XAMPP/xamppfiles/htdocs/quntiao/Application/Home/Model/VideoAlbumModel.class.php 第 110 行.
SQL: SELECT * FROM `quntiao_video_album` WHERE ( `id` = 4 ) LIMIT 1   [ RunTime:0.000351s ]
SQL: SELECT `url` FROM `quntiao_picture` WHERE ( `id` = 127 ) LIMIT 1   [ RunTime:0.000228s ]
NOTIC: [8] Undefined offset: 3 /Applications/XAMPP/xamppfiles/htdocs/quntiao/Application/Home/Model/VideoAlbumModel.class.php 第 110 行.
SQL: SELECT * FROM `quntiao_video_album` WHERE ( `id` = 3 ) LIMIT 1   [ RunTime:0.000369s ]
SQL: SELECT `url` FROM `quntiao_picture` WHERE ( `id` = 126 ) LIMIT 1   [ RunTime:0.000301s ]
NOTIC: [8] Undefined offset: 2 /Applications/XAMPP/xamppfiles/htdocs/quntiao/Application/Home/Model/VideoAlbumModel.class.php 第 110 行.
SQL: SELECT * FROM `quntiao_video_album` WHERE ( `id` = 2 ) LIMIT 1   [ RunTime:0.000349s ]
SQL: SELECT `url` FROM `quntiao_picture` WHERE ( `id` = 126 ) LIMIT 1   [ RunTime:0.000217s ]
INFO: [ view_parse ] --START--
INFO: [ template_filter ] --START--
INFO: Run Behavior\ContentReplaceBehavior [ RunTime:0.000053s ]
INFO: [ template_filter ] --END-- [ RunTime:-0.626697s ]
INFO: Run Behavior\ParseTemplateBehavior [ RunTime:0.003957s ]
INFO: [ view_parse ] --END-- [ RunTime:-0.573405s ]
INFO: [ view_filter ] --START--
INFO: Run Behavior\WriteHtmlCacheBehavior [ RunTime:0.000016s ]
INFO: [ view_filter ] --END-- [ RunTime:-0.576919s ]
SQL: SHOW COLUMNS FROM `quntiao_commentator` [ RunTime:0.001904s ]
SQL: SELECT `id` FROM `quntiao_commentator` WHERE ( `status` = 1 ) ORDER BY id desc LIMIT 12   [ RunTime:0.000658s ]
NOTIC: [8] Undefined variable: cacheList /Applications/XAMPP/xamppfiles/htdocs/quntiao/Application/Home/Model/CommentatorModel.class.php 第 31 行.
NOTIC: [8] Undefined variable: commentator /Applications/XAMPP/xamppfiles/htdocs/quntiao/Application/Home/Model/CommentatorModel.class.php 第 18 行.
SQL: SELECT * FROM `quntiao_commentator` WHERE ( `id` = 12 ) LIMIT 1   [ RunTime:0.000688s ]
NOTIC: [8] Undefined offset: 11 /Applications/XAMPP/xamppfiles/htdocs/quntiao/Application/Home/Model/CommentatorModel.class.php 第 31 行.
NOTIC: [8] Undefined variable: commentator /Applications/XAMPP/xamppfiles/htdocs/quntiao/Application/Home/Model/CommentatorModel.class.php 第 18 行.
SQL: SELECT * FROM `quntiao_commentator` WHERE ( `id` = 11 ) LIMIT 1   [ RunTime:0.000412s ]
NOTIC: [8] Undefined offset: 10 /Applications/XAMPP/xamppfiles/htdocs/quntiao/Application/Home/Model/CommentatorModel.class.php 第 31 行.
NOTIC: [8] Undefined variable: commentator /Applications/XAMPP/xamppfiles/htdocs/quntiao/Application/Home/Model/CommentatorModel.class.php 第 18 行.
SQL: SELECT * FROM `quntiao_commentator` WHERE ( `id` = 10 ) LIMIT 1   [ RunTime:0.000288s ]
NOTIC: [8] Undefined offset: 9 /Applications/XAMPP/xamppfiles/htdocs/quntiao/Application/Home/Model/CommentatorModel.class.php 第 31 行.
NOTIC: [8] Undefined variable: commentator /Applications/XAMPP/xamppfiles/htdocs/quntiao/Application/Home/Model/CommentatorModel.class.php 第 18 行.
SQL: SELECT * FROM `quntiao_commentator` WHERE ( `id` = 9 ) LIMIT 1   [ RunTime:0.000238s ]
NOTIC: [8] Undefined offset: 8 /Applications/XAMPP/xamppfiles/htdocs/quntiao/Application/Home/Model/CommentatorModel.class.php 第 31 行.
NOTIC: [8] Undefined variable: commentator /Applications/XAMPP/xamppfiles/htdocs/quntiao/Application/Home/Model/CommentatorModel.class.php 第 18 行.
SQL: SELECT * FROM `quntiao_commentator` WHERE ( `id` = 8 ) LIMIT 1   [ RunTime:0.000312s ]
NOTIC: [8] Undefined offset: 7 /Applications/XAMPP/xamppfiles/htdocs/quntiao/Application/Home/Model/CommentatorModel.class.php 第 31 行.
NOTIC: [8] Undefined variable: commentator /Applications/XAMPP/xamppfiles/htdocs/quntiao/Application/Home/Model/CommentatorModel.class.php 第 18 行.
SQL: SELECT * FROM `quntiao_commentator` WHERE ( `id` = 7 ) LIMIT 1   [ RunTime:0.000339s ]
NOTIC: [8] Undefined offset: 6 /Applications/XAMPP/xamppfiles/htdocs/quntiao/Application/Home/Model/CommentatorModel.class.php 第 31 行.
NOTIC: [8] Undefined variable: commentator /Applications/XAMPP/xamppfiles/htdocs/quntiao/Application/Home/Model/CommentatorModel.class.php 第 18 行.
SQL: SELECT * FROM `quntiao_commentator` WHERE ( `id` = 6 ) LIMIT 1   [ RunTime:0.000432s ]
NOTIC: [8] Undefined offset: 5 /Applications/XAMPP/xamppfiles/htdocs/quntiao/Application/Home/Model/CommentatorModel.class.php 第 31 行.
NOTIC: [8] Undefined variable: commentator /Applications/XAMPP/xamppfiles/htdocs/quntiao/Application/Home/Model/CommentatorModel.class.php 第 18 行.
SQL: SELECT * FROM `quntiao_commentator` WHERE ( `id` = 5 ) LIMIT 1   [ RunTime:0.000344s ]
NOTIC: [8] Undefined offset: 4 /Applications/XAMPP/xamppfiles/htdocs/quntiao/Application/Home/Model/CommentatorModel.class.php 第 31 行.
NOTIC: [8] Undefined variable: commentator /Applications/XAMPP/xamppfiles/htdocs/quntiao/Application/Home/Model/CommentatorModel.class.php 第 18 行.
SQL: SELECT * FROM `quntiao_commentator` WHERE ( `id` = 4 ) LIMIT 1   [ RunTime:0.000499s ]
NOTIC: [8] Undefined offset: 3 /Applications/XAMPP/xamppfiles/htdocs/quntiao/Application/Home/Model/CommentatorModel.class.php 第 31 行.
NOTIC: [8] Undefined variable: commentator /Applications/XAMPP/xamppfiles/htdocs/quntiao/Application/Home/Model/CommentatorModel.class.php 第 18 行.
SQL: SELECT * FROM `quntiao_commentator` WHERE ( `id` = 3 ) LIMIT 1   [ RunTime:0.000547s ]
NOTIC: [8] Undefined offset: 2 /Applications/XAMPP/xamppfiles/htdocs/quntiao/Application/Home/Model/CommentatorModel.class.php 第 31 行.
NOTIC: [8] Undefined variable: commentator /Applications/XAMPP/xamppfiles/htdocs/quntiao/Application/Home/Model/CommentatorModel.class.php 第 18 行.
SQL: SELECT * FROM `quntiao_commentator` WHERE ( `id` = 2 ) LIMIT 1   [ RunTime:0.000270s ]
NOTIC: [8] Undefined offset: 1 /Applications/XAMPP/xamppfiles/htdocs/quntiao/Application/Home/Model/CommentatorModel.class.php 第 31 行.
NOTIC: [8] Undefined variable: commentator /Applications/XAMPP/xamppfiles/htdocs/quntiao/Application/Home/Model/CommentatorModel.class.php 第 18 行.
SQL: SELECT * FROM `quntiao_commentator` WHERE ( `id` = 1 ) LIMIT 1   [ RunTime:0.000260s ]
INFO: [ view_parse ] --START--
INFO: [ template_filter ] --START--
INFO: Run Behavior\ContentReplaceBehavior [ RunTime:0.000031s ]
INFO: [ template_filter ] --END-- [ RunTime:-0.647039s ]
SQL: SELECT `username` FROM `quntiao_member` WHERE ( `uid` = 12 ) LIMIT 1   [ RunTime:0.000325s ]
SQL: SELECT `username` FROM `quntiao_ucenter_member` WHERE ( `id` = 12 ) LIMIT 1   [ RunTime:0.000245s ]
SQL: SELECT `url` FROM `quntiao_avatar` WHERE ( `uid` = 12 ) LIMIT 1   [ RunTime:0.000178s ]
SQL: SELECT `username` FROM `quntiao_member` WHERE ( `uid` = 11 ) LIMIT 1   [ RunTime:0.000294s ]
SQL: SELECT `username` FROM `quntiao_ucenter_member` WHERE ( `id` = 11 ) LIMIT 1   [ RunTime:0.000221s ]
SQL: SELECT `url` FROM `quntiao_avatar` WHERE ( `uid` = 11 ) LIMIT 1   [ RunTime:0.000185s ]
INFO: Run Behavior\ParseTemplateBehavior [ RunTime:0.010511s ]
INFO: [ view_parse ] --END-- [ RunTime:-0.594576s ]
INFO: [ view_filter ] --START--
INFO: Run Behavior\WriteHtmlCacheBehavior [ RunTime:0.000010s ]
INFO: [ view_filter ] --END-- [ RunTime:-0.604598s ]
INFO: Run Behavior\ParseTemplateBehavior [ RunTime:0.010709s ]
INFO: [ view_parse ] --END-- [ RunTime:-0.594576s ]
INFO: [ view_filter ] --START--
INFO: Run Behavior\WriteHtmlCacheBehavior [ RunTime:0.000010s ]
INFO: [ view_filter ] --END-- [ RunTime:-0.604847s ]
INFO: [ app_end ] --START--
INFO: Run Behavior\ShowPageTraceBehavior [ RunTime:0.001100s ]
INFO: [ app_end ] --END-- [ RunTime:0.001180s ]

[ 2014-08-15T00:41:32+08:00 ] 127.0.0.1 /index.php?s=/Usercenter/Public/getInformation.html
INFO: [ app_begin ] --START--
INFO: Run Behavior\ReadHtmlCacheBehavior [ RunTime:0.000779s ]
INFO: [ app_begin ] --END-- [ RunTime:0.001352s ]
SQL: SHOW COLUMNS FROM `quntiao_message` [ RunTime:0.002302s ]
SQL: SHOW COLUMNS FROM `quntiao_message` [ RunTime:0.002415s ]
SQL: SELECT * FROM `quntiao_message` WHERE ( to_uid=0 and  is_read=0  and last_toast=0 ) ORDER BY id desc LIMIT 99999   [ RunTime:0.000973s ]
NOTIC: [2] Invalid argument supplied for foreach() /Applications/XAMPP/xamppfiles/htdocs/quntiao/Application/Common/Model/MessageModel.class.php 第 16 行.
SQL: UPDATE `quntiao_message` SET `last_toast`=1408034492 WHERE ( to_uid=0 and  is_read=0 and last_toast=0 ) [ RunTime:0.001652s ]
SQL: SHOW COLUMNS FROM `quntiao_talk_push` [ RunTime:0.006035s ]
SQL: SELECT * FROM `quntiao_talk_push` WHERE ( `uid` = 0 ) AND ( `status` = 0 )  [ RunTime:0.002730s ]
NOTIC: [2] Invalid argument supplied for foreach() /Applications/XAMPP/xamppfiles/htdocs/quntiao/Application/Common/Model/TalkPushModel.class.php 第 11 行.
SQL: UPDATE `quntiao_talk_push` SET `status`=1 WHERE ( `uid` = 0 ) AND ( `status` = 0 ) [ RunTime:0.000469s ]
SQL: SHOW COLUMNS FROM `quntiao_talk_message_push` [ RunTime:0.002456s ]
SQL: SELECT * FROM `quntiao_talk_message_push` WHERE ( `uid` = 0 ) AND ( `status` = 0 )  [ RunTime:0.001822s ]
NOTIC: [2] Invalid argument supplied for foreach() /Applications/XAMPP/xamppfiles/htdocs/quntiao/Application/Common/Model/TalkMessagePushModel.class.php 第 15 行.
SQL: UPDATE `quntiao_talk_message_push` SET `status`=1 WHERE ( `uid` = 0 ) AND ( `status` = 0 ) [ RunTime:0.004344s ]
NOTIC: [2] Invalid argument supplied for foreach() /Applications/XAMPP/xamppfiles/htdocs/quntiao/Application/Usercenter/Controller/PublicController.class.php 第 84 行.

