[ 2014-10-07T14:15:28+08:00 ] 127.0.0.1 /
INFO: [ view_parse ] --START--
INFO: [ template_filter ] --START--
INFO: Run Behavior\ContentReplaceBehavior [ RunTime:0.000112s ]
INFO: [ template_filter ] --END-- [ RunTime:0.000162s ]
SQL: SHOW COLUMNS FROM `quntiao_seo_rule` [ RunTime:0.003478s ]
NOTIC: [2] Invalid argument supplied for foreach() /Applications/XAMPP/xamppfiles/htdocs/quntiao/Application/Common/Common/seo.php 第 10 行.
SQL: SHOW COLUMNS FROM `quntiao_ad` [ RunTime:0.002692s ]
SQL: SELECT `id` FROM `quntiao_ad` WHERE ( `status` = 1 ) AND ( `module` = 'home' ) AND ( `place` = 0 ) ORDER BY id desc LIMIT 5   [ RunTime:0.002355s ]
NOTIC: [8] Undefined variable: cacheList /Applications/XAMPP/xamppfiles/htdocs/quntiao/Application/Home/Model/AdModel.class.php 第 31 行.
SQL: SELECT * FROM `quntiao_ad` WHERE ( `id` = 2 ) LIMIT 1   [ RunTime:0.000346s ]
NOTIC: [8] Undefined offset: 1 /Applications/XAMPP/xamppfiles/htdocs/quntiao/Application/Home/Model/AdModel.class.php 第 31 行.
SQL: SELECT * FROM `quntiao_ad` WHERE ( `id` = 1 ) LIMIT 1   [ RunTime:0.000271s ]
SQL: SELECT `id` FROM `quntiao_ad` WHERE ( `status` = 1 ) AND ( `module` = 'home' ) AND ( `place` = 1 ) ORDER BY id desc LIMIT 2   [ RunTime:0.000496s ]
NOTIC: [8] Undefined variable: cacheList /Applications/XAMPP/xamppfiles/htdocs/quntiao/Application/Home/Model/AdModel.class.php 第 31 行.
SQL: SELECT * FROM `quntiao_ad` WHERE ( `id` = 4 ) LIMIT 1   [ RunTime:0.000297s ]
NOTIC: [8] Undefined offset: 3 /Applications/XAMPP/xamppfiles/htdocs/quntiao/Application/Home/Model/AdModel.class.php 第 31 行.
SQL: SELECT * FROM `quntiao_ad` WHERE ( `id` = 3 ) LIMIT 1   [ RunTime:0.000243s ]
INFO: [ view_parse ] --START--
INFO: [ template_filter ] --START--
INFO: Run Behavior\ContentReplaceBehavior [ RunTime:0.000033s ]
INFO: [ template_filter ] --END-- [ RunTime:-0.029186s ]
SQL: SHOW COLUMNS FROM `quntiao_picture` [ RunTime:0.003961s ]
SQL: SELECT `url` FROM `quntiao_picture` WHERE ( `id` = 150 ) LIMIT 1   [ RunTime:0.000534s ]
SQL: SELECT `url` FROM `quntiao_picture` WHERE ( `id` = 149 ) LIMIT 1   [ RunTime:0.000262s ]
SQL: SELECT `url` FROM `quntiao_picture` WHERE ( `id` = 152 ) LIMIT 1   [ RunTime:0.000236s ]
SQL: SELECT `url` FROM `quntiao_picture` WHERE ( `id` = 151 ) LIMIT 1   [ RunTime:0.000228s ]
INFO: Run Behavior\ParseTemplateBehavior [ RunTime:0.012830s ]
INFO: [ view_parse ] --END-- [ RunTime:0.012873s ]
INFO: [ view_filter ] --START--
INFO: Run Behavior\WriteHtmlCacheBehavior [ RunTime:0.000469s ]
INFO: [ view_filter ] --END-- [ RunTime:0.000512s ]
SQL: SHOW COLUMNS FROM `quntiao_match_game` [ RunTime:0.003241s ]
SQL: SELECT `id` FROM `quntiao_match_game` WHERE ( `status` = 1 ) AND ( `game_status` < 2 ) ORDER BY follows desc LIMIT 3   [ RunTime:0.000736s ]
NOTIC: [8] Undefined variable: cacheList /Applications/XAMPP/xamppfiles/htdocs/quntiao/Application/Home/Model/MatchGameModel.class.php 第 31 行.
SQL: SELECT * FROM `quntiao_match_game` WHERE ( `id` = 15 ) LIMIT 1   [ RunTime:0.000340s ]
NOTIC: [8] Undefined offset: 5 /Applications/XAMPP/xamppfiles/htdocs/quntiao/Application/Home/Model/MatchGameModel.class.php 第 31 行.
SQL: SELECT * FROM `quntiao_match_game` WHERE ( `id` = 5 ) LIMIT 1   [ RunTime:0.000301s ]
NOTIC: [8] Undefined offset: 7 /Applications/XAMPP/xamppfiles/htdocs/quntiao/Application/Home/Model/MatchGameModel.class.php 第 31 行.
SQL: SELECT * FROM `quntiao_match_game` WHERE ( `id` = 7 ) LIMIT 1   [ RunTime:0.000267s ]
INFO: [ view_parse ] --START--
INFO: [ template_filter ] --START--
INFO: Run Behavior\ContentReplaceBehavior [ RunTime:0.000032s ]
INFO: [ template_filter ] --END-- [ RunTime:-0.054705s ]
SQL: SHOW COLUMNS FROM `quntiao_team` [ RunTime:0.006291s ]
SQL: SELECT `cover` FROM `quntiao_team` WHERE ( `id` = 3 ) LIMIT 1   [ RunTime:0.000503s ]
SQL: SELECT `url` FROM `quntiao_picture` WHERE ( `id` = 199 ) LIMIT 1   [ RunTime:0.002983s ]
NOTIC: [8] Undefined variable: live /Applications/XAMPP/xamppfiles/htdocs/quntiao/Runtime/Cache/Home/aeaedd05c0fa32bda704dea494569ccb.php 第 10 行.
SQL: SELECT `cover` FROM `quntiao_team` WHERE ( `id` = 19 ) LIMIT 1   [ RunTime:0.052690s ]
SQL: SELECT `url` FROM `quntiao_picture` WHERE ( `id` = 215 ) LIMIT 1   [ RunTime:0.000556s ]
NOTIC: [8] Undefined variable: live /Applications/XAMPP/xamppfiles/htdocs/quntiao/Runtime/Cache/Home/aeaedd05c0fa32bda704dea494569ccb.php 第 20 行.
SQL: SELECT `name` FROM `quntiao_team` WHERE ( `id` = 3 ) LIMIT 1   [ RunTime:0.000281s ]
SQL: SELECT `name` FROM `quntiao_team` WHERE ( `id` = 19 ) LIMIT 1   [ RunTime:0.000272s ]
SQL: SHOW COLUMNS FROM `quntiao_match` [ RunTime:0.002725s ]
SQL: SELECT `title` FROM `quntiao_match` WHERE ( `id` = 4 ) LIMIT 1   [ RunTime:0.000576s ]
SQL: SELECT `cover` FROM `quntiao_team` WHERE ( `id` = 26 ) LIMIT 1   [ RunTime:0.000449s ]
SQL: SELECT `url` FROM `quntiao_picture` WHERE ( `id` = 223 ) LIMIT 1   [ RunTime:0.000376s ]
NOTIC: [8] Undefined variable: live /Applications/XAMPP/xamppfiles/htdocs/quntiao/Runtime/Cache/Home/aeaedd05c0fa32bda704dea494569ccb.php 第 10 行.
SQL: SELECT `cover` FROM `quntiao_team` WHERE ( `id` = 15 ) LIMIT 1   [ RunTime:0.000343s ]
SQL: SELECT `url` FROM `quntiao_picture` WHERE ( `id` = 211 ) LIMIT 1   [ RunTime:0.000231s ]
NOTIC: [8] Undefined variable: live /Applications/XAMPP/xamppfiles/htdocs/quntiao/Runtime/Cache/Home/aeaedd05c0fa32bda704dea494569ccb.php 第 20 行.
SQL: SELECT `name` FROM `quntiao_team` WHERE ( `id` = 26 ) LIMIT 1   [ RunTime:0.000197s ]
SQL: SELECT `name` FROM `quntiao_team` WHERE ( `id` = 15 ) LIMIT 1   [ RunTime:0.000220s ]
SQL: SELECT `title` FROM `quntiao_match` WHERE ( `id` = 4 ) LIMIT 1   [ RunTime:0.000308s ]
SQL: SELECT `cover` FROM `quntiao_team` WHERE ( `id` = 27 ) LIMIT 1   [ RunTime:0.000267s ]
SQL: SELECT `url` FROM `quntiao_picture` WHERE ( `id` = 224 ) LIMIT 1   [ RunTime:0.000284s ]
NOTIC: [8] Undefined variable: live /Applications/XAMPP/xamppfiles/htdocs/quntiao/Runtime/Cache/Home/aeaedd05c0fa32bda704dea494569ccb.php 第 10 行.
SQL: SELECT `cover` FROM `quntiao_team` WHERE ( `id` = 28 ) LIMIT 1   [ RunTime:0.000264s ]
SQL: SELECT `url` FROM `quntiao_picture` WHERE ( `id` = 225 ) LIMIT 1   [ RunTime:0.000188s ]
NOTIC: [8] Undefined variable: live /Applications/XAMPP/xamppfiles/htdocs/quntiao/Runtime/Cache/Home/aeaedd05c0fa32bda704dea494569ccb.php 第 20 行.
SQL: SELECT `name` FROM `quntiao_team` WHERE ( `id` = 27 ) LIMIT 1   [ RunTime:0.000255s ]
SQL: SELECT `name` FROM `quntiao_team` WHERE ( `id` = 28 ) LIMIT 1   [ RunTime:0.000188s ]
SQL: SELECT `title` FROM `quntiao_match` WHERE ( `id` = 4 ) LIMIT 1   [ RunTime:0.000263s ]
INFO: Run Behavior\ParseTemplateBehavior [ RunTime:0.120542s ]
INFO: [ view_parse ] --END-- [ RunTime:-0.012207s ]
INFO: [ view_filter ] --START--
INFO: Run Behavior\WriteHtmlCacheBehavior [ RunTime:0.000015s ]
INFO: [ view_filter ] --END-- [ RunTime:-0.132294s ]
SQL: SHOW COLUMNS FROM `quntiao_game` [ RunTime:0.028013s ]
SQL: SELECT `id` FROM `quntiao_game` WHERE ( `pid` = 1 ) ORDER BY sort asc LIMIT 5   [ RunTime:0.003471s ]
NOTIC: [8] Undefined variable: cacheList /Applications/XAMPP/xamppfiles/htdocs/quntiao/Application/Home/Model/GameModel.class.php 第 75 行.
SQL: SELECT * FROM `quntiao_game` WHERE ( `id` = 10005 ) LIMIT 1   [ RunTime:0.001296s ]
NOTIC: [8] Undefined offset: 10007 /Applications/XAMPP/xamppfiles/htdocs/quntiao/Application/Home/Model/GameModel.class.php 第 75 行.
SQL: SELECT * FROM `quntiao_game` WHERE ( `id` = 10007 ) LIMIT 1   [ RunTime:0.000416s ]
NOTIC: [8] Undefined offset: 10006 /Applications/XAMPP/xamppfiles/htdocs/quntiao/Application/Home/Model/GameModel.class.php 第 75 行.
SQL: SELECT * FROM `quntiao_game` WHERE ( `id` = 10006 ) LIMIT 1   [ RunTime:0.000356s ]
NOTIC: [8] Undefined offset: 10008 /Applications/XAMPP/xamppfiles/htdocs/quntiao/Application/Home/Model/GameModel.class.php 第 75 行.
SQL: SELECT * FROM `quntiao_game` WHERE ( `id` = 10008 ) LIMIT 1   [ RunTime:0.000306s ]
NOTIC: [8] Undefined offset: 10009 /Applications/XAMPP/xamppfiles/htdocs/quntiao/Application/Home/Model/GameModel.class.php 第 75 行.
SQL: SELECT * FROM `quntiao_game` WHERE ( `id` = 10009 ) LIMIT 1   [ RunTime:0.000327s ]
INFO: [ view_parse ] --START--
INFO: [ template_filter ] --START--
INFO: Run Behavior\ContentReplaceBehavior [ RunTime:0.000030s ]
INFO: [ template_filter ] --END-- [ RunTime:-0.221627s ]
SQL: SELECT `url` FROM `quntiao_picture` WHERE ( `id` = 36 ) LIMIT 1   [ RunTime:0.000650s ]
SQL: SELECT `url` FROM `quntiao_picture` WHERE ( `id` = 44 ) LIMIT 1   [ RunTime:0.000229s ]
SQL: SELECT `url` FROM `quntiao_picture` WHERE ( `id` = 42 ) LIMIT 1   [ RunTime:0.000201s ]
SQL: SELECT `url` FROM `quntiao_picture` WHERE ( `id` = 45 ) LIMIT 1   [ RunTime:0.000377s ]
SQL: SELECT `url` FROM `quntiao_picture` WHERE ( `id` = 46 ) LIMIT 1   [ RunTime:0.000263s ]
INFO: Run Behavior\ParseTemplateBehavior [ RunTime:0.011394s ]
INFO: [ view_parse ] --END-- [ RunTime:-0.179986s ]
INFO: [ view_filter ] --START--
INFO: Run Behavior\WriteHtmlCacheBehavior [ RunTime:0.000010s ]
INFO: [ view_filter ] --END-- [ RunTime:-0.190923s ]
SQL: SHOW COLUMNS FROM `quntiao_live` [ RunTime:0.003626s ]
SQL: SELECT `id` FROM `quntiao_live` WHERE ( `status` = 1 ) ORDER BY id desc LIMIT 8   [ RunTime:0.000549s ]
NOTIC: [8] Undefined variable: cacheList /Applications/XAMPP/xamppfiles/htdocs/quntiao/Application/Home/Model/LiveModel.class.php 第 71 行.
SQL: SELECT * FROM `quntiao_live` WHERE ( `id` = 21 ) LIMIT 1   [ RunTime:0.000255s ]
NOTIC: [8] Undefined offset: 20 /Applications/XAMPP/xamppfiles/htdocs/quntiao/Application/Home/Model/LiveModel.class.php 第 71 行.
SQL: SELECT * FROM `quntiao_live` WHERE ( `id` = 20 ) LIMIT 1   [ RunTime:0.000309s ]
NOTIC: [8] Undefined offset: 19 /Applications/XAMPP/xamppfiles/htdocs/quntiao/Application/Home/Model/LiveModel.class.php 第 71 行.
SQL: SELECT * FROM `quntiao_live` WHERE ( `id` = 19 ) LIMIT 1   [ RunTime:0.000247s ]
NOTIC: [8] Undefined offset: 18 /Applications/XAMPP/xamppfiles/htdocs/quntiao/Application/Home/Model/LiveModel.class.php 第 71 行.
SQL: SELECT * FROM `quntiao_live` WHERE ( `id` = 18 ) LIMIT 1   [ RunTime:0.000233s ]
NOTIC: [8] Undefined offset: 17 /Applications/XAMPP/xamppfiles/htdocs/quntiao/Application/Home/Model/LiveModel.class.php 第 71 行.
SQL: SELECT * FROM `quntiao_live` WHERE ( `id` = 17 ) LIMIT 1   [ RunTime:0.000346s ]
NOTIC: [8] Undefined offset: 16 /Applications/XAMPP/xamppfiles/htdocs/quntiao/Application/Home/Model/LiveModel.class.php 第 71 行.
SQL: SELECT * FROM `quntiao_live` WHERE ( `id` = 16 ) LIMIT 1   [ RunTime:0.000255s ]
NOTIC: [8] Undefined offset: 15 /Applications/XAMPP/xamppfiles/htdocs/quntiao/Application/Home/Model/LiveModel.class.php 第 71 行.
SQL: SELECT * FROM `quntiao_live` WHERE ( `id` = 15 ) LIMIT 1   [ RunTime:0.000297s ]
NOTIC: [8] Undefined offset: 14 /Applications/XAMPP/xamppfiles/htdocs/quntiao/Application/Home/Model/LiveModel.class.php 第 71 行.
SQL: SELECT * FROM `quntiao_live` WHERE ( `id` = 14 ) LIMIT 1   [ RunTime:0.000325s ]
INFO: [ view_parse ] --START--
INFO: [ template_filter ] --START--
INFO: Run Behavior\ContentReplaceBehavior [ RunTime:0.000030s ]
INFO: [ template_filter ] --END-- [ RunTime:-0.250508s ]
SQL: SELECT `url` FROM `quntiao_picture` WHERE ( `id` = 298 ) LIMIT 1   [ RunTime:0.000603s ]
SQL: SELECT `url` FROM `quntiao_picture` WHERE ( `id` = 297 ) LIMIT 1   [ RunTime:0.000296s ]
SQL: SELECT `url` FROM `quntiao_picture` WHERE ( `id` = 296 ) LIMIT 1   [ RunTime:0.000343s ]
SQL: SELECT `url` FROM `quntiao_picture` WHERE ( `id` = 295 ) LIMIT 1   [ RunTime:0.000358s ]
SQL: SELECT `url` FROM `quntiao_picture` WHERE ( `id` = 294 ) LIMIT 1   [ RunTime:0.000292s ]
SQL: SELECT `url` FROM `quntiao_picture` WHERE ( `id` = 293 ) LIMIT 1   [ RunTime:0.000340s ]
SQL: SELECT `url` FROM `quntiao_picture` WHERE ( `id` = 292 ) LIMIT 1   [ RunTime:0.000277s ]
SQL: SELECT `url` FROM `quntiao_picture` WHERE ( `id` = 290 ) LIMIT 1   [ RunTime:0.000573s ]
INFO: Run Behavior\ParseTemplateBehavior [ RunTime:0.017598s ]
INFO: [ view_parse ] --END-- [ RunTime:-0.208953s ]
INFO: [ view_filter ] --START--
INFO: Run Behavior\WriteHtmlCacheBehavior [ RunTime:0.000016s ]
INFO: [ view_filter ] --END-- [ RunTime:-0.226112s ]
SQL: SHOW COLUMNS FROM `quntiao_video` [ RunTime:0.003501s ]
SQL: SELECT `id` FROM `quntiao_video` WHERE ( `status` = 1 ) ORDER BY id desc LIMIT 12   [ RunTime:0.000740s ]
NOTIC: [8] Undefined variable: cacheList /Applications/XAMPP/xamppfiles/htdocs/quntiao/Application/Home/Model/VideoModel.class.php 第 290 行.
SQL: SELECT * FROM `quntiao_video` WHERE ( `id` = 47 ) LIMIT 1   [ RunTime:0.000316s ]
NOTIC: [8] Undefined offset: 46 /Applications/XAMPP/xamppfiles/htdocs/quntiao/Application/Home/Model/VideoModel.class.php 第 290 行.
SQL: SELECT * FROM `quntiao_video` WHERE ( `id` = 46 ) LIMIT 1   [ RunTime:0.000225s ]
NOTIC: [8] Undefined offset: 45 /Applications/XAMPP/xamppfiles/htdocs/quntiao/Application/Home/Model/VideoModel.class.php 第 290 行.
SQL: SELECT * FROM `quntiao_video` WHERE ( `id` = 45 ) LIMIT 1   [ RunTime:0.000266s ]
NOTIC: [8] Undefined offset: 44 /Applications/XAMPP/xamppfiles/htdocs/quntiao/Application/Home/Model/VideoModel.class.php 第 290 行.
SQL: SELECT * FROM `quntiao_video` WHERE ( `id` = 44 ) LIMIT 1   [ RunTime:0.000341s ]
NOTIC: [8] Undefined offset: 43 /Applications/XAMPP/xamppfiles/htdocs/quntiao/Application/Home/Model/VideoModel.class.php 第 290 行.
SQL: SELECT * FROM `quntiao_video` WHERE ( `id` = 43 ) LIMIT 1   [ RunTime:0.000288s ]
NOTIC: [8] Undefined offset: 42 /Applications/XAMPP/xamppfiles/htdocs/quntiao/Application/Home/Model/VideoModel.class.php 第 290 行.
SQL: SELECT * FROM `quntiao_video` WHERE ( `id` = 42 ) LIMIT 1   [ RunTime:0.000273s ]
NOTIC: [8] Undefined offset: 41 /Applications/XAMPP/xamppfiles/htdocs/quntiao/Application/Home/Model/VideoModel.class.php 第 290 行.
SQL: SELECT * FROM `quntiao_video` WHERE ( `id` = 41 ) LIMIT 1   [ RunTime:0.000296s ]
NOTIC: [8] Undefined offset: 40 /Applications/XAMPP/xamppfiles/htdocs/quntiao/Application/Home/Model/VideoModel.class.php 第 290 行.
SQL: SELECT * FROM `quntiao_video` WHERE ( `id` = 40 ) LIMIT 1   [ RunTime:0.000337s ]
NOTIC: [8] Undefined offset: 39 /Applications/XAMPP/xamppfiles/htdocs/quntiao/Application/Home/Model/VideoModel.class.php 第 290 行.
SQL: SELECT * FROM `quntiao_video` WHERE ( `id` = 39 ) LIMIT 1   [ RunTime:0.000481s ]
NOTIC: [8] Undefined offset: 38 /Applications/XAMPP/xamppfiles/htdocs/quntiao/Application/Home/Model/VideoModel.class.php 第 290 行.
SQL: SELECT * FROM `quntiao_video` WHERE ( `id` = 38 ) LIMIT 1   [ RunTime:0.000358s ]
NOTIC: [8] Undefined offset: 37 /Applications/XAMPP/xamppfiles/htdocs/quntiao/Application/Home/Model/VideoModel.class.php 第 290 行.
SQL: SELECT * FROM `quntiao_video` WHERE ( `id` = 37 ) LIMIT 1   [ RunTime:0.000334s ]
NOTIC: [8] Undefined offset: 36 /Applications/XAMPP/xamppfiles/htdocs/quntiao/Application/Home/Model/VideoModel.class.php 第 290 行.
SQL: SELECT * FROM `quntiao_video` WHERE ( `id` = 36 ) LIMIT 1   [ RunTime:0.000240s ]
SQL: SELECT `id` FROM `quntiao_video` WHERE ( `status` = 1 ) AND ( `edit_status` = 1 ) ORDER BY id desc LIMIT 2   [ RunTime:0.000284s ]
NOTIC: [8] Undefined variable: cacheList /Applications/XAMPP/xamppfiles/htdocs/quntiao/Application/Home/Model/VideoModel.class.php 第 290 行.
NOTIC: [8] Undefined offset: 46 /Applications/XAMPP/xamppfiles/htdocs/quntiao/Application/Home/Model/VideoModel.class.php 第 290 行.
INFO: [ view_parse ] --START--
INFO: [ template_filter ] --START--
INFO: Run Behavior\ContentReplaceBehavior [ RunTime:0.000032s ]
INFO: [ template_filter ] --END-- [ RunTime:-0.296054s ]
SQL: SELECT `url` FROM `quntiao_picture` WHERE ( `id` = 275 ) LIMIT 1   [ RunTime:0.000358s ]
SQL: SELECT `url` FROM `quntiao_picture` WHERE ( `id` = 274 ) LIMIT 1   [ RunTime:0.000225s ]
SQL: SELECT `url` FROM `quntiao_picture` WHERE ( `id` = 275 ) LIMIT 1   [ RunTime:0.000241s ]
SQL: SELECT `url` FROM `quntiao_picture` WHERE ( `id` = 274 ) LIMIT 1   [ RunTime:0.000199s ]
SQL: SELECT `url` FROM `quntiao_picture` WHERE ( `id` = 273 ) LIMIT 1   [ RunTime:0.000225s ]
SQL: SELECT `url` FROM `quntiao_picture` WHERE ( `id` = 272 ) LIMIT 1   [ RunTime:0.000224s ]
SQL: SELECT `url` FROM `quntiao_picture` WHERE ( `id` = 271 ) LIMIT 1   [ RunTime:0.000225s ]
SQL: SELECT `url` FROM `quntiao_picture` WHERE ( `id` = 270 ) LIMIT 1   [ RunTime:0.000460s ]
SQL: SELECT `url` FROM `quntiao_picture` WHERE ( `id` = 269 ) LIMIT 1   [ RunTime:0.000201s ]
SQL: SELECT `url` FROM `quntiao_picture` WHERE ( `id` = 268 ) LIMIT 1   [ RunTime:0.000364s ]
SQL: SELECT `url` FROM `quntiao_picture` WHERE ( `id` = 267 ) LIMIT 1   [ RunTime:0.000270s ]
SQL: SELECT `url` FROM `quntiao_picture` WHERE ( `id` = 266 ) LIMIT 1   [ RunTime:0.000279s ]
SQL: SELECT `url` FROM `quntiao_picture` WHERE ( `id` = 265 ) LIMIT 1   [ RunTime:0.000289s ]
SQL: SELECT `url` FROM `quntiao_picture` WHERE ( `id` = 264 ) LIMIT 1   [ RunTime:0.000248s ]
INFO: Run Behavior\ParseTemplateBehavior [ RunTime:0.022252s ]
INFO: [ view_parse ] --END-- [ RunTime:-0.253288s ]
INFO: [ view_filter ] --START--
INFO: Run Behavior\WriteHtmlCacheBehavior [ RunTime:0.000011s ]
INFO: [ view_filter ] --END-- [ RunTime:-0.275074s ]
SQL: SHOW COLUMNS FROM `quntiao_team` [ RunTime:0.001671s ]
SQL: SELECT `id` FROM `quntiao_team` ORDER BY id desc LIMIT 10   [ RunTime:0.000219s ]
NOTIC: [8] Undefined variable: cacheList /Applications/XAMPP/xamppfiles/htdocs/quntiao/Application/Home/Model/TeamModel.class.php 第 80 行.
SQL: SELECT * FROM `quntiao_team` WHERE ( `id` = 32 ) LIMIT 1   [ RunTime:0.000243s ]
NOTIC: [8] Undefined offset: 31 /Applications/XAMPP/xamppfiles/htdocs/quntiao/Application/Home/Model/TeamModel.class.php 第 80 行.
SQL: SELECT * FROM `quntiao_team` WHERE ( `id` = 31 ) LIMIT 1   [ RunTime:0.000397s ]
NOTIC: [8] Undefined offset: 30 /Applications/XAMPP/xamppfiles/htdocs/quntiao/Application/Home/Model/TeamModel.class.php 第 80 行.
SQL: SELECT * FROM `quntiao_team` WHERE ( `id` = 30 ) LIMIT 1   [ RunTime:0.000407s ]
NOTIC: [8] Undefined offset: 29 /Applications/XAMPP/xamppfiles/htdocs/quntiao/Application/Home/Model/TeamModel.class.php 第 80 行.
SQL: SELECT * FROM `quntiao_team` WHERE ( `id` = 29 ) LIMIT 1   [ RunTime:0.000263s ]
NOTIC: [8] Undefined offset: 28 /Applications/XAMPP/xamppfiles/htdocs/quntiao/Application/Home/Model/TeamModel.class.php 第 80 行.
SQL: SELECT * FROM `quntiao_team` WHERE ( `id` = 28 ) LIMIT 1   [ RunTime:0.000242s ]
NOTIC: [8] Undefined offset: 27 /Applications/XAMPP/xamppfiles/htdocs/quntiao/Application/Home/Model/TeamModel.class.php 第 80 行.
SQL: SELECT * FROM `quntiao_team` WHERE ( `id` = 27 ) LIMIT 1   [ RunTime:0.000210s ]
NOTIC: [8] Undefined offset: 26 /Applications/XAMPP/xamppfiles/htdocs/quntiao/Application/Home/Model/TeamModel.class.php 第 80 行.
SQL: SELECT * FROM `quntiao_team` WHERE ( `id` = 26 ) LIMIT 1   [ RunTime:0.000240s ]
NOTIC: [8] Undefined offset: 25 /Applications/XAMPP/xamppfiles/htdocs/quntiao/Application/Home/Model/TeamModel.class.php 第 80 行.
SQL: SELECT * FROM `quntiao_team` WHERE ( `id` = 25 ) LIMIT 1   [ RunTime:0.000401s ]
NOTIC: [8] Undefined offset: 24 /Applications/XAMPP/xamppfiles/htdocs/quntiao/Application/Home/Model/TeamModel.class.php 第 80 行.
SQL: SELECT * FROM `quntiao_team` WHERE ( `id` = 24 ) LIMIT 1   [ RunTime:0.000290s ]
NOTIC: [8] Undefined offset: 23 /Applications/XAMPP/xamppfiles/htdocs/quntiao/Application/Home/Model/TeamModel.class.php 第 80 行.
SQL: SELECT * FROM `quntiao_team` WHERE ( `id` = 23 ) LIMIT 1   [ RunTime:0.000355s ]
INFO: [ view_parse ] --START--
INFO: [ template_filter ] --START--
INFO: Run Behavior\ContentReplaceBehavior [ RunTime:0.000039s ]
INFO: [ template_filter ] --END-- [ RunTime:-0.336218s ]
SQL: SELECT `url` FROM `quntiao_picture` WHERE ( `id` = 231 ) LIMIT 1   [ RunTime:0.000355s ]
SQL: SELECT `url` FROM `quntiao_picture` WHERE ( `id` = 228 ) LIMIT 1   [ RunTime:0.000295s ]
SQL: SELECT `url` FROM `quntiao_picture` WHERE ( `id` = 227 ) LIMIT 1   [ RunTime:0.000449s ]
SQL: SELECT `url` FROM `quntiao_picture` WHERE ( `id` = 226 ) LIMIT 1   [ RunTime:0.000337s ]
SQL: SELECT `url` FROM `quntiao_picture` WHERE ( `id` = 225 ) LIMIT 1   [ RunTime:0.000356s ]
SQL: SELECT `url` FROM `quntiao_picture` WHERE ( `id` = 224 ) LIMIT 1   [ RunTime:0.000384s ]
SQL: SELECT `url` FROM `quntiao_picture` WHERE ( `id` = 223 ) LIMIT 1   [ RunTime:0.000491s ]
SQL: SELECT `url` FROM `quntiao_picture` WHERE ( `id` = 222 ) LIMIT 1   [ RunTime:0.000657s ]
SQL: SELECT `url` FROM `quntiao_picture` WHERE ( `id` = 221 ) LIMIT 1   [ RunTime:0.000273s ]
SQL: SELECT `url` FROM `quntiao_picture` WHERE ( `id` = 219 ) LIMIT 1   [ RunTime:0.000217s ]
INFO: Run Behavior\ParseTemplateBehavior [ RunTime:0.016681s ]
INFO: [ view_parse ] --END-- [ RunTime:-0.294694s ]
INFO: [ view_filter ] --START--
INFO: Run Behavior\WriteHtmlCacheBehavior [ RunTime:0.000015s ]
INFO: [ view_filter ] --END-- [ RunTime:-0.310945s ]
INFO: [ view_parse ] --START--
INFO: [ template_filter ] --START--
INFO: Run Behavior\ContentReplaceBehavior [ RunTime:0.000058s ]
INFO: [ template_filter ] --END-- [ RunTime:-0.353394s ]
SQL: SELECT `url` FROM `quntiao_picture` WHERE ( `id` = 298 ) LIMIT 1   [ RunTime:0.000328s ]
SQL: SELECT `url` FROM `quntiao_picture` WHERE ( `id` = 297 ) LIMIT 1   [ RunTime:0.000411s ]
SQL: SELECT `url` FROM `quntiao_picture` WHERE ( `id` = 296 ) LIMIT 1   [ RunTime:0.000314s ]
SQL: SELECT `url` FROM `quntiao_picture` WHERE ( `id` = 295 ) LIMIT 1   [ RunTime:0.000284s ]
SQL: SELECT `url` FROM `quntiao_picture` WHERE ( `id` = 294 ) LIMIT 1   [ RunTime:0.000318s ]
SQL: SELECT `url` FROM `quntiao_picture` WHERE ( `id` = 293 ) LIMIT 1   [ RunTime:0.000225s ]
SQL: SELECT `url` FROM `quntiao_picture` WHERE ( `id` = 292 ) LIMIT 1   [ RunTime:0.000266s ]
SQL: SELECT `url` FROM `quntiao_picture` WHERE ( `id` = 290 ) LIMIT 1   [ RunTime:0.000280s ]
INFO: Run Behavior\ParseTemplateBehavior [ RunTime:0.010262s ]
INFO: [ view_parse ] --END-- [ RunTime:-0.311814s ]
INFO: [ view_filter ] --START--
INFO: Run Behavior\WriteHtmlCacheBehavior [ RunTime:0.000017s ]
INFO: [ view_filter ] --END-- [ RunTime:-0.321627s ]
INFO: [ view_parse ] --START--
INFO: [ template_filter ] --START--
INFO: Run Behavior\ContentReplaceBehavior [ RunTime:0.000036s ]
INFO: [ template_filter ] --END-- [ RunTime:-0.364879s ]
SQL: SELECT `url` FROM `quntiao_picture` WHERE ( `id` = 298 ) LIMIT 1   [ RunTime:0.000412s ]
SQL: SELECT `url` FROM `quntiao_picture` WHERE ( `id` = 297 ) LIMIT 1   [ RunTime:0.000350s ]
SQL: SELECT `url` FROM `quntiao_picture` WHERE ( `id` = 296 ) LIMIT 1   [ RunTime:0.000261s ]
SQL: SELECT `url` FROM `quntiao_picture` WHERE ( `id` = 295 ) LIMIT 1   [ RunTime:0.000234s ]
SQL: SELECT `url` FROM `quntiao_picture` WHERE ( `id` = 294 ) LIMIT 1   [ RunTime:0.000194s ]
SQL: SELECT `url` FROM `quntiao_picture` WHERE ( `id` = 293 ) LIMIT 1   [ RunTime:0.000167s ]
SQL: SELECT `url` FROM `quntiao_picture` WHERE ( `id` = 292 ) LIMIT 1   [ RunTime:0.000225s ]
SQL: SELECT `url` FROM `quntiao_picture` WHERE ( `id` = 290 ) LIMIT 1   [ RunTime:0.000196s ]
INFO: Run Behavior\ParseTemplateBehavior [ RunTime:0.009252s ]
INFO: [ view_parse ] --END-- [ RunTime:-0.322604s ]
INFO: [ view_filter ] --START--
INFO: Run Behavior\WriteHtmlCacheBehavior [ RunTime:0.000011s ]
INFO: [ view_filter ] --END-- [ RunTime:-0.331384s ]
SQL: SELECT `id` FROM `quntiao_match_game` WHERE ( `status` = 1 ) AND ( `game_status` < 2 ) ORDER BY id desc LIMIT 4   [ RunTime:0.000524s ]
NOTIC: [8] Undefined variable: cacheList /Applications/XAMPP/xamppfiles/htdocs/quntiao/Application/Home/Model/MatchGameModel.class.php 第 31 行.
NOTIC: [8] Undefined offset: 14 /Applications/XAMPP/xamppfiles/htdocs/quntiao/Application/Home/Model/MatchGameModel.class.php 第 31 行.
SQL: SELECT * FROM `quntiao_match_game` WHERE ( `id` = 14 ) LIMIT 1   [ RunTime:0.000325s ]
NOTIC: [8] Undefined offset: 13 /Applications/XAMPP/xamppfiles/htdocs/quntiao/Application/Home/Model/MatchGameModel.class.php 第 31 行.
SQL: SELECT * FROM `quntiao_match_game` WHERE ( `id` = 13 ) LIMIT 1   [ RunTime:0.000299s ]
NOTIC: [8] Undefined offset: 12 /Applications/XAMPP/xamppfiles/htdocs/quntiao/Application/Home/Model/MatchGameModel.class.php 第 31 行.
SQL: SELECT * FROM `quntiao_match_game` WHERE ( `id` = 12 ) LIMIT 1   [ RunTime:0.000243s ]
INFO: [ view_parse ] --START--
INFO: [ template_filter ] --START--
INFO: Run Behavior\ContentReplaceBehavior [ RunTime:0.000034s ]
INFO: [ template_filter ] --END-- [ RunTime:-0.381164s ]
SQL: SELECT `cover` FROM `quntiao_team` WHERE ( `id` = 3 ) LIMIT 1   [ RunTime:0.000381s ]
SQL: SELECT `url` FROM `quntiao_picture` WHERE ( `id` = 199 ) LIMIT 1   [ RunTime:0.000222s ]
NOTIC: [8] Undefined variable: live /Applications/XAMPP/xamppfiles/htdocs/quntiao/Runtime/Cache/Home/7c2e051fd11f2ee0450c7a70191797e3.php 第 10 行.
SQL: SELECT `cover` FROM `quntiao_team` WHERE ( `id` = 19 ) LIMIT 1   [ RunTime:0.000219s ]
SQL: SELECT `url` FROM `quntiao_picture` WHERE ( `id` = 215 ) LIMIT 1   [ RunTime:0.000205s ]
NOTIC: [8] Undefined variable: live /Applications/XAMPP/xamppfiles/htdocs/quntiao/Runtime/Cache/Home/7c2e051fd11f2ee0450c7a70191797e3.php 第 20 行.
SQL: SELECT `name` FROM `quntiao_team` WHERE ( `id` = 3 ) LIMIT 1   [ RunTime:0.000270s ]
SQL: SELECT `name` FROM `quntiao_team` WHERE ( `id` = 19 ) LIMIT 1   [ RunTime:0.000225s ]
SQL: SELECT `title` FROM `quntiao_match` WHERE ( `id` = 4 ) LIMIT 1   [ RunTime:0.000244s ]
SQL: SELECT `cover` FROM `quntiao_team` WHERE ( `id` = 4 ) LIMIT 1   [ RunTime:0.000342s ]
SQL: SELECT `url` FROM `quntiao_picture` WHERE ( `id` = 200 ) LIMIT 1   [ RunTime:0.000310s ]
NOTIC: [8] Undefined variable: live /Applications/XAMPP/xamppfiles/htdocs/quntiao/Runtime/Cache/Home/7c2e051fd11f2ee0450c7a70191797e3.php 第 10 行.
SQL: SELECT `name` FROM `quntiao_team` WHERE ( `id` = 4 ) LIMIT 1   [ RunTime:0.000308s ]
SQL: SELECT `title` FROM `quntiao_match` WHERE ( `id` = 4 ) LIMIT 1   [ RunTime:0.000287s ]
SQL: SELECT `cover` FROM `quntiao_team` WHERE ( `id` = 10 ) LIMIT 1   [ RunTime:0.000281s ]
SQL: SELECT `url` FROM `quntiao_picture` WHERE ( `id` = 206 ) LIMIT 1   [ RunTime:0.000189s ]
NOTIC: [8] Undefined variable: live /Applications/XAMPP/xamppfiles/htdocs/quntiao/Runtime/Cache/Home/7c2e051fd11f2ee0450c7a70191797e3.php 第 10 行.
SQL: SELECT `cover` FROM `quntiao_team` WHERE ( `id` = 8 ) LIMIT 1   [ RunTime:0.000281s ]
SQL: SELECT `url` FROM `quntiao_picture` WHERE ( `id` = 204 ) LIMIT 1   [ RunTime:0.000202s ]
NOTIC: [8] Undefined variable: live /Applications/XAMPP/xamppfiles/htdocs/quntiao/Runtime/Cache/Home/7c2e051fd11f2ee0450c7a70191797e3.php 第 20 行.
SQL: SELECT `name` FROM `quntiao_team` WHERE ( `id` = 10 ) LIMIT 1   [ RunTime:0.000231s ]
SQL: SELECT `name` FROM `quntiao_team` WHERE ( `id` = 8 ) LIMIT 1   [ RunTime:0.000246s ]
SQL: SELECT `title` FROM `quntiao_match` WHERE ( `id` = 4 ) LIMIT 1   [ RunTime:0.000236s ]
SQL: SELECT `cover` FROM `quntiao_team` WHERE ( `id` = 22 ) LIMIT 1   [ RunTime:0.000240s ]
SQL: SELECT `url` FROM `quntiao_picture` WHERE ( `id` = 229 ) LIMIT 1   [ RunTime:0.000244s ]
NOTIC: [8] Undefined variable: live /Applications/XAMPP/xamppfiles/htdocs/quntiao/Runtime/Cache/Home/7c2e051fd11f2ee0450c7a70191797e3.php 第 10 行.
SQL: SELECT `cover` FROM `quntiao_team` WHERE ( `id` = 6 ) LIMIT 1   [ RunTime:0.000231s ]
SQL: SELECT `url` FROM `quntiao_picture` WHERE ( `id` = 202 ) LIMIT 1   [ RunTime:0.000190s ]
NOTIC: [8] Undefined variable: live /Applications/XAMPP/xamppfiles/htdocs/quntiao/Runtime/Cache/Home/7c2e051fd11f2ee0450c7a70191797e3.php 第 20 行.
SQL: SELECT `name` FROM `quntiao_team` WHERE ( `id` = 22 ) LIMIT 1   [ RunTime:0.000239s ]
SQL: SELECT `name` FROM `quntiao_team` WHERE ( `id` = 6 ) LIMIT 1   [ RunTime:0.000226s ]
SQL: SELECT `title` FROM `quntiao_match` WHERE ( `id` = 4 ) LIMIT 1   [ RunTime:0.000231s ]
INFO: Run Behavior\ParseTemplateBehavior [ RunTime:0.028925s ]
INFO: [ view_parse ] --END-- [ RunTime:-0.338350s ]
INFO: [ view_filter ] --START--
INFO: Run Behavior\WriteHtmlCacheBehavior [ RunTime:0.000012s ]
INFO: [ view_filter ] --END-- [ RunTime:-0.366834s ]
SQL: SELECT `id` FROM `quntiao_live` WHERE ( `status` = 1 ) ORDER BY follows desc LIMIT 9   [ RunTime:0.000310s ]
NOTIC: [8] Undefined variable: cacheList /Applications/XAMPP/xamppfiles/htdocs/quntiao/Application/Home/Model/LiveModel.class.php 第 71 行.
NOTIC: [8] Undefined offset: 9 /Applications/XAMPP/xamppfiles/htdocs/quntiao/Application/Home/Model/LiveModel.class.php 第 71 行.
SQL: SELECT * FROM `quntiao_live` WHERE ( `id` = 9 ) LIMIT 1   [ RunTime:0.000268s ]
NOTIC: [8] Undefined offset: 8 /Applications/XAMPP/xamppfiles/htdocs/quntiao/Application/Home/Model/LiveModel.class.php 第 71 行.
SQL: SELECT * FROM `quntiao_live` WHERE ( `id` = 8 ) LIMIT 1   [ RunTime:0.000274s ]
NOTIC: [8] Undefined offset: 7 /Applications/XAMPP/xamppfiles/htdocs/quntiao/Application/Home/Model/LiveModel.class.php 第 71 行.
SQL: SELECT * FROM `quntiao_live` WHERE ( `id` = 7 ) LIMIT 1   [ RunTime:0.000359s ]
NOTIC: [8] Undefined offset: 6 /Applications/XAMPP/xamppfiles/htdocs/quntiao/Application/Home/Model/LiveModel.class.php 第 71 行.
SQL: SELECT * FROM `quntiao_live` WHERE ( `id` = 6 ) LIMIT 1   [ RunTime:0.000354s ]
NOTIC: [8] Undefined offset: 5 /Applications/XAMPP/xamppfiles/htdocs/quntiao/Application/Home/Model/LiveModel.class.php 第 71 行.
SQL: SELECT * FROM `quntiao_live` WHERE ( `id` = 5 ) LIMIT 1   [ RunTime:0.000318s ]
NOTIC: [8] Undefined offset: 4 /Applications/XAMPP/xamppfiles/htdocs/quntiao/Application/Home/Model/LiveModel.class.php 第 71 行.
SQL: SELECT * FROM `quntiao_live` WHERE ( `id` = 4 ) LIMIT 1   [ RunTime:0.000264s ]
NOTIC: [8] Undefined offset: 3 /Applications/XAMPP/xamppfiles/htdocs/quntiao/Application/Home/Model/LiveModel.class.php 第 71 行.
SQL: SELECT * FROM `quntiao_live` WHERE ( `id` = 3 ) LIMIT 1   [ RunTime:0.000257s ]
NOTIC: [8] Undefined offset: 2 /Applications/XAMPP/xamppfiles/htdocs/quntiao/Application/Home/Model/LiveModel.class.php 第 71 行.
SQL: SELECT * FROM `quntiao_live` WHERE ( `id` = 2 ) LIMIT 1   [ RunTime:0.000365s ]
INFO: [ view_parse ] --START--
INFO: [ template_filter ] --START--
INFO: Run Behavior\ContentReplaceBehavior [ RunTime:0.000037s ]
INFO: [ template_filter ] --END-- [ RunTime:-0.423945s ]
SQL: SHOW COLUMNS FROM `quntiao_member` [ RunTime:0.001359s ]
SQL: SHOW COLUMNS FROM `quntiao_ucenter_member` [ RunTime:0.004010s ]
NOTIC: D方法实例化没找到模型类Home\Model\MemberModel
SQL: SHOW COLUMNS FROM `quntiao_member` [ RunTime:0.001228s ]
SQL: SELECT `username` FROM `quntiao_member` WHERE ( `uid` = 1 ) LIMIT 1   [ RunTime:0.000469s ]
SQL: SHOW COLUMNS FROM `quntiao_ucenter_member` [ RunTime:0.001271s ]
SQL: SELECT `username` FROM `quntiao_ucenter_member` WHERE ( `id` = 1 ) LIMIT 1   [ RunTime:0.000801s ]
SQL: SHOW COLUMNS FROM `quntiao_avatar` [ RunTime:0.002849s ]
SQL: SELECT `url` FROM `quntiao_avatar` WHERE ( `uid` = 1 ) LIMIT 1   [ RunTime:0.000464s ]
SQL: SELECT `username` FROM `quntiao_member` WHERE ( `uid` = 9 ) LIMIT 1   [ RunTime:0.000282s ]
SQL: SELECT `username` FROM `quntiao_ucenter_member` WHERE ( `id` = 9 ) LIMIT 1   [ RunTime:0.000201s ]
SQL: SELECT `url` FROM `quntiao_avatar` WHERE ( `uid` = 9 ) LIMIT 1   [ RunTime:0.000158s ]
SQL: SELECT `username` FROM `quntiao_member` WHERE ( `uid` = 8 ) LIMIT 1   [ RunTime:0.000235s ]
SQL: SELECT `username` FROM `quntiao_ucenter_member` WHERE ( `id` = 8 ) LIMIT 1   [ RunTime:0.000215s ]
SQL: SELECT `url` FROM `quntiao_avatar` WHERE ( `uid` = 8 ) LIMIT 1   [ RunTime:0.000285s ]
SQL: SELECT `username` FROM `quntiao_member` WHERE ( `uid` = 7 ) LIMIT 1   [ RunTime:0.000314s ]
SQL: SELECT `username` FROM `quntiao_ucenter_member` WHERE ( `id` = 7 ) LIMIT 1   [ RunTime:0.000216s ]
SQL: SELECT `url` FROM `quntiao_avatar` WHERE ( `uid` = 7 ) LIMIT 1   [ RunTime:0.000152s ]
SQL: SELECT `username` FROM `quntiao_member` WHERE ( `uid` = 6 ) LIMIT 1   [ RunTime:0.000464s ]
SQL: SELECT `username` FROM `quntiao_ucenter_member` WHERE ( `id` = 6 ) LIMIT 1   [ RunTime:0.000350s ]
SQL: SELECT `url` FROM `quntiao_avatar` WHERE ( `uid` = 6 ) LIMIT 1   [ RunTime:0.000490s ]
SQL: SELECT `username` FROM `quntiao_member` WHERE ( `uid` = 5 ) LIMIT 1   [ RunTime:0.000390s ]
SQL: SELECT `username` FROM `quntiao_ucenter_member` WHERE ( `id` = 5 ) LIMIT 1   [ RunTime:0.000387s ]
SQL: SELECT `url` FROM `quntiao_avatar` WHERE ( `uid` = 5 ) LIMIT 1   [ RunTime:0.000811s ]
SQL: SELECT `username` FROM `quntiao_member` WHERE ( `uid` = 4 ) LIMIT 1   [ RunTime:0.000396s ]
SQL: SELECT `username` FROM `quntiao_ucenter_member` WHERE ( `id` = 4 ) LIMIT 1   [ RunTime:0.000278s ]
SQL: SELECT `url` FROM `quntiao_avatar` WHERE ( `uid` = 4 ) LIMIT 1   [ RunTime:0.000233s ]
SQL: SELECT `username` FROM `quntiao_member` WHERE ( `uid` = 3 ) LIMIT 1   [ RunTime:0.000325s ]
SQL: SELECT `username` FROM `quntiao_ucenter_member` WHERE ( `id` = 3 ) LIMIT 1   [ RunTime:0.000250s ]
SQL: SELECT `url` FROM `quntiao_avatar` WHERE ( `uid` = 3 ) LIMIT 1   [ RunTime:0.000191s ]
SQL: SELECT `username` FROM `quntiao_member` WHERE ( `uid` = 2 ) LIMIT 1   [ RunTime:0.000543s ]
SQL: SELECT `username` FROM `quntiao_ucenter_member` WHERE ( `id` = 2 ) LIMIT 1   [ RunTime:0.000281s ]
SQL: SELECT `url` FROM `quntiao_avatar` WHERE ( `uid` = 2 ) LIMIT 1   [ RunTime:0.000233s ]
INFO: Run Behavior\ParseTemplateBehavior [ RunTime:0.053967s ]
INFO: [ view_parse ] --END-- [ RunTime:-0.381577s ]
INFO: [ view_filter ] --START--
INFO: Run Behavior\WriteHtmlCacheBehavior [ RunTime:0.000017s ]
INFO: [ view_filter ] --END-- [ RunTime:-0.435116s ]
SQL: SHOW COLUMNS FROM `quntiao_fight` [ RunTime:0.003263s ]
SQL: SELECT `id` FROM `quntiao_fight` WHERE ( `status` = 1 ) ORDER BY id desc LIMIT 5   [ RunTime:0.000514s ]
NOTIC: [8] Undefined variable: cacheList /Applications/XAMPP/xamppfiles/htdocs/quntiao/Application/Home/Model/FightModel.class.php 第 31 行.
SQL: SELECT * FROM `quntiao_fight` WHERE ( `id` = 12 ) LIMIT 1   [ RunTime:0.000240s ]
NOTIC: [8] Undefined offset: 11 /Applications/XAMPP/xamppfiles/htdocs/quntiao/Application/Home/Model/FightModel.class.php 第 31 行.
SQL: SELECT * FROM `quntiao_fight` WHERE ( `id` = 11 ) LIMIT 1   [ RunTime:0.000249s ]
NOTIC: [8] Undefined offset: 10 /Applications/XAMPP/xamppfiles/htdocs/quntiao/Application/Home/Model/FightModel.class.php 第 31 行.
SQL: SELECT * FROM `quntiao_fight` WHERE ( `id` = 10 ) LIMIT 1   [ RunTime:0.000266s ]
NOTIC: [8] Undefined offset: 9 /Applications/XAMPP/xamppfiles/htdocs/quntiao/Application/Home/Model/FightModel.class.php 第 31 行.
SQL: SELECT * FROM `quntiao_fight` WHERE ( `id` = 9 ) LIMIT 1   [ RunTime:0.000411s ]
NOTIC: [8] Undefined offset: 8 /Applications/XAMPP/xamppfiles/htdocs/quntiao/Application/Home/Model/FightModel.class.php 第 31 行.
SQL: SELECT * FROM `quntiao_fight` WHERE ( `id` = 8 ) LIMIT 1   [ RunTime:0.000440s ]
INFO: [ view_parse ] --START--
INFO: [ template_filter ] --START--
INFO: Run Behavior\ContentReplaceBehavior [ RunTime:0.000033s ]
INFO: [ template_filter ] --END-- [ RunTime:-0.490856s ]
INFO: Run Behavior\ParseTemplateBehavior [ RunTime:0.004168s ]
INFO: [ view_parse ] --END-- [ RunTime:-0.448566s ]
INFO: [ view_filter ] --START--
INFO: Run Behavior\WriteHtmlCacheBehavior [ RunTime:0.000008s ]
INFO: [ view_filter ] --END-- [ RunTime:-0.452271s ]
SQL: SHOW COLUMNS FROM `quntiao_video_album` [ RunTime:0.002430s ]
SQL: SELECT `id` FROM `quntiao_video_album` WHERE ( `status` = 1 ) ORDER BY id desc LIMIT 12   [ RunTime:0.000525s ]
NOTIC: [8] Undefined variable: cacheList /Applications/XAMPP/xamppfiles/htdocs/quntiao/Application/Home/Model/VideoAlbumModel.class.php 第 110 行.
SQL: SELECT * FROM `quntiao_video_album` WHERE ( `id` = 13 ) LIMIT 1   [ RunTime:0.000279s ]
SQL: SHOW COLUMNS FROM `quntiao_picture` [ RunTime:0.001031s ]
SQL: SELECT `url` FROM `quntiao_picture` WHERE ( `id` = 169 ) LIMIT 1   [ RunTime:0.000495s ]
NOTIC: [8] Undefined offset: 12 /Applications/XAMPP/xamppfiles/htdocs/quntiao/Application/Home/Model/VideoAlbumModel.class.php 第 110 行.
SQL: SELECT * FROM `quntiao_video_album` WHERE ( `id` = 12 ) LIMIT 1   [ RunTime:0.000292s ]
SQL: SELECT `url` FROM `quntiao_picture` WHERE ( `id` = 155 ) LIMIT 1   [ RunTime:0.000189s ]
NOTIC: [8] Undefined offset: 11 /Applications/XAMPP/xamppfiles/htdocs/quntiao/Application/Home/Model/VideoAlbumModel.class.php 第 110 行.
SQL: SELECT * FROM `quntiao_video_album` WHERE ( `id` = 11 ) LIMIT 1   [ RunTime:0.000219s ]
SQL: SELECT `url` FROM `quntiao_picture` WHERE ( `id` = 154 ) LIMIT 1   [ RunTime:0.000173s ]
NOTIC: [8] Undefined offset: 10 /Applications/XAMPP/xamppfiles/htdocs/quntiao/Application/Home/Model/VideoAlbumModel.class.php 第 110 行.
SQL: SELECT * FROM `quntiao_video_album` WHERE ( `id` = 10 ) LIMIT 1   [ RunTime:0.000217s ]
SQL: SELECT `url` FROM `quntiao_picture` WHERE ( `id` = 153 ) LIMIT 1   [ RunTime:0.000173s ]
NOTIC: [8] Undefined offset: 9 /Applications/XAMPP/xamppfiles/htdocs/quntiao/Application/Home/Model/VideoAlbumModel.class.php 第 110 行.
SQL: SELECT * FROM `quntiao_video_album` WHERE ( `id` = 9 ) LIMIT 1   [ RunTime:0.000361s ]
SQL: SELECT `url` FROM `quntiao_picture` WHERE ( `id` = 132 ) LIMIT 1   [ RunTime:0.000473s ]
NOTIC: [8] Undefined offset: 8 /Applications/XAMPP/xamppfiles/htdocs/quntiao/Application/Home/Model/VideoAlbumModel.class.php 第 110 行.
SQL: SELECT * FROM `quntiao_video_album` WHERE ( `id` = 8 ) LIMIT 1   [ RunTime:0.000288s ]
SQL: SELECT `url` FROM `quntiao_picture` WHERE ( `id` = 131 ) LIMIT 1   [ RunTime:0.000175s ]
NOTIC: [8] Undefined offset: 7 /Applications/XAMPP/xamppfiles/htdocs/quntiao/Application/Home/Model/VideoAlbumModel.class.php 第 110 行.
SQL: SELECT * FROM `quntiao_video_album` WHERE ( `id` = 7 ) LIMIT 1   [ RunTime:0.000224s ]
SQL: SELECT `url` FROM `quntiao_picture` WHERE ( `id` = 130 ) LIMIT 1   [ RunTime:0.000219s ]
NOTIC: [8] Undefined offset: 6 /Applications/XAMPP/xamppfiles/htdocs/quntiao/Application/Home/Model/VideoAlbumModel.class.php 第 110 行.
SQL: SELECT * FROM `quntiao_video_album` WHERE ( `id` = 6 ) LIMIT 1   [ RunTime:0.000418s ]
SQL: SELECT `url` FROM `quntiao_picture` WHERE ( `id` = 129 ) LIMIT 1   [ RunTime:0.000184s ]
NOTIC: [8] Undefined offset: 5 /Applications/XAMPP/xamppfiles/htdocs/quntiao/Application/Home/Model/VideoAlbumModel.class.php 第 110 行.
SQL: SELECT * FROM `quntiao_video_album` WHERE ( `id` = 5 ) LIMIT 1   [ RunTime:0.000216s ]
SQL: SELECT `url` FROM `quntiao_picture` WHERE ( `id` = 127 ) LIMIT 1   [ RunTime:0.000171s ]
NOTIC: [8] Undefined offset: 4 /Applications/XAMPP/xamppfiles/htdocs/quntiao/Application/Home/Model/VideoAlbumModel.class.php 第 110 行.
SQL: SELECT * FROM `quntiao_video_album` WHERE ( `id` = 4 ) LIMIT 1   [ RunTime:0.000209s ]
SQL: SELECT `url` FROM `quntiao_picture` WHERE ( `id` = 127 ) LIMIT 1   [ RunTime:0.000166s ]
NOTIC: [8] Undefined offset: 3 /Applications/XAMPP/xamppfiles/htdocs/quntiao/Application/Home/Model/VideoAlbumModel.class.php 第 110 行.
SQL: SELECT * FROM `quntiao_video_album` WHERE ( `id` = 3 ) LIMIT 1   [ RunTime:0.000206s ]
SQL: SELECT `url` FROM `quntiao_picture` WHERE ( `id` = 126 ) LIMIT 1   [ RunTime:0.000150s ]
NOTIC: [8] Undefined offset: 2 /Applications/XAMPP/xamppfiles/htdocs/quntiao/Application/Home/Model/VideoAlbumModel.class.php 第 110 行.
SQL: SELECT * FROM `quntiao_video_album` WHERE ( `id` = 2 ) LIMIT 1   [ RunTime:0.000247s ]
SQL: SELECT `url` FROM `quntiao_picture` WHERE ( `id` = 126 ) LIMIT 1   [ RunTime:0.000178s ]
INFO: [ view_parse ] --START--
INFO: [ template_filter ] --START--
INFO: Run Behavior\ContentReplaceBehavior [ RunTime:0.000045s ]
INFO: [ template_filter ] --END-- [ RunTime:-0.520460s ]
INFO: Run Behavior\ParseTemplateBehavior [ RunTime:0.002497s ]
INFO: [ view_parse ] --END-- [ RunTime:-0.478967s ]
INFO: [ view_filter ] --START--
INFO: Run Behavior\WriteHtmlCacheBehavior [ RunTime:0.000009s ]
INFO: [ view_filter ] --END-- [ RunTime:-0.481006s ]
SQL: SHOW COLUMNS FROM `quntiao_commentator` [ RunTime:0.002426s ]
SQL: SELECT `id` FROM `quntiao_commentator` WHERE ( `status` = 1 ) ORDER BY id desc LIMIT 12   [ RunTime:0.000491s ]
NOTIC: [8] Undefined variable: cacheList /Applications/XAMPP/xamppfiles/htdocs/quntiao/Application/Home/Model/CommentatorModel.class.php 第 31 行.
NOTIC: [8] Undefined variable: commentator /Applications/XAMPP/xamppfiles/htdocs/quntiao/Application/Home/Model/CommentatorModel.class.php 第 18 行.
SQL: SELECT * FROM `quntiao_commentator` WHERE ( `id` = 12 ) LIMIT 1   [ RunTime:0.000230s ]
NOTIC: [8] Undefined offset: 11 /Applications/XAMPP/xamppfiles/htdocs/quntiao/Application/Home/Model/CommentatorModel.class.php 第 31 行.
NOTIC: [8] Undefined variable: commentator /Applications/XAMPP/xamppfiles/htdocs/quntiao/Application/Home/Model/CommentatorModel.class.php 第 18 行.
SQL: SELECT * FROM `quntiao_commentator` WHERE ( `id` = 11 ) LIMIT 1   [ RunTime:0.000205s ]
NOTIC: [8] Undefined offset: 10 /Applications/XAMPP/xamppfiles/htdocs/quntiao/Application/Home/Model/CommentatorModel.class.php 第 31 行.
NOTIC: [8] Undefined variable: commentator /Applications/XAMPP/xamppfiles/htdocs/quntiao/Application/Home/Model/CommentatorModel.class.php 第 18 行.
SQL: SELECT * FROM `quntiao_commentator` WHERE ( `id` = 10 ) LIMIT 1   [ RunTime:0.000204s ]
NOTIC: [8] Undefined offset: 9 /Applications/XAMPP/xamppfiles/htdocs/quntiao/Application/Home/Model/CommentatorModel.class.php 第 31 行.
NOTIC: [8] Undefined variable: commentator /Applications/XAMPP/xamppfiles/htdocs/quntiao/Application/Home/Model/CommentatorModel.class.php 第 18 行.
SQL: SELECT * FROM `quntiao_commentator` WHERE ( `id` = 9 ) LIMIT 1   [ RunTime:0.000201s ]
NOTIC: [8] Undefined offset: 8 /Applications/XAMPP/xamppfiles/htdocs/quntiao/Application/Home/Model/CommentatorModel.class.php 第 31 行.
NOTIC: [8] Undefined variable: commentator /Applications/XAMPP/xamppfiles/htdocs/quntiao/Application/Home/Model/CommentatorModel.class.php 第 18 行.
SQL: SELECT * FROM `quntiao_commentator` WHERE ( `id` = 8 ) LIMIT 1   [ RunTime:0.000407s ]
NOTIC: [8] Undefined offset: 7 /Applications/XAMPP/xamppfiles/htdocs/quntiao/Application/Home/Model/CommentatorModel.class.php 第 31 行.
NOTIC: [8] Undefined variable: commentator /Applications/XAMPP/xamppfiles/htdocs/quntiao/Application/Home/Model/CommentatorModel.class.php 第 18 行.
SQL: SELECT * FROM `quntiao_commentator` WHERE ( `id` = 7 ) LIMIT 1   [ RunTime:0.000302s ]
NOTIC: [8] Undefined offset: 6 /Applications/XAMPP/xamppfiles/htdocs/quntiao/Application/Home/Model/CommentatorModel.class.php 第 31 行.
NOTIC: [8] Undefined variable: commentator /Applications/XAMPP/xamppfiles/htdocs/quntiao/Application/Home/Model/CommentatorModel.class.php 第 18 行.
SQL: SELECT * FROM `quntiao_commentator` WHERE ( `id` = 6 ) LIMIT 1   [ RunTime:0.000426s ]
NOTIC: [8] Undefined offset: 5 /Applications/XAMPP/xamppfiles/htdocs/quntiao/Application/Home/Model/CommentatorModel.class.php 第 31 行.
NOTIC: [8] Undefined variable: commentator /Applications/XAMPP/xamppfiles/htdocs/quntiao/Application/Home/Model/CommentatorModel.class.php 第 18 行.
SQL: SELECT * FROM `quntiao_commentator` WHERE ( `id` = 5 ) LIMIT 1   [ RunTime:0.000299s ]
NOTIC: [8] Undefined offset: 4 /Applications/XAMPP/xamppfiles/htdocs/quntiao/Application/Home/Model/CommentatorModel.class.php 第 31 行.
NOTIC: [8] Undefined variable: commentator /Applications/XAMPP/xamppfiles/htdocs/quntiao/Application/Home/Model/CommentatorModel.class.php 第 18 行.
SQL: SELECT * FROM `quntiao_commentator` WHERE ( `id` = 4 ) LIMIT 1   [ RunTime:0.000243s ]
NOTIC: [8] Undefined offset: 3 /Applications/XAMPP/xamppfiles/htdocs/quntiao/Application/Home/Model/CommentatorModel.class.php 第 31 行.
NOTIC: [8] Undefined variable: commentator /Applications/XAMPP/xamppfiles/htdocs/quntiao/Application/Home/Model/CommentatorModel.class.php 第 18 行.
SQL: SELECT * FROM `quntiao_commentator` WHERE ( `id` = 3 ) LIMIT 1   [ RunTime:0.000234s ]
NOTIC: [8] Undefined offset: 2 /Applications/XAMPP/xamppfiles/htdocs/quntiao/Application/Home/Model/CommentatorModel.class.php 第 31 行.
NOTIC: [8] Undefined variable: commentator /Applications/XAMPP/xamppfiles/htdocs/quntiao/Application/Home/Model/CommentatorModel.class.php 第 18 行.
SQL: SELECT * FROM `quntiao_commentator` WHERE ( `id` = 2 ) LIMIT 1   [ RunTime:0.000206s ]
NOTIC: [8] Undefined offset: 1 /Applications/XAMPP/xamppfiles/htdocs/quntiao/Application/Home/Model/CommentatorModel.class.php 第 31 行.
NOTIC: [8] Undefined variable: commentator /Applications/XAMPP/xamppfiles/htdocs/quntiao/Application/Home/Model/CommentatorModel.class.php 第 18 行.
SQL: SELECT * FROM `quntiao_commentator` WHERE ( `id` = 1 ) LIMIT 1   [ RunTime:0.000212s ]
INFO: [ view_parse ] --START--
INFO: [ template_filter ] --START--
INFO: Run Behavior\ContentReplaceBehavior [ RunTime:0.000029s ]
INFO: [ template_filter ] --END-- [ RunTime:-0.536819s ]
SQL: SELECT `username` FROM `quntiao_member` WHERE ( `uid` = 12 ) LIMIT 1   [ RunTime:0.000301s ]
SQL: SELECT `username` FROM `quntiao_ucenter_member` WHERE ( `id` = 12 ) LIMIT 1   [ RunTime:0.000215s ]
SQL: SELECT `url` FROM `quntiao_avatar` WHERE ( `uid` = 12 ) LIMIT 1   [ RunTime:0.000180s ]
SQL: SELECT `username` FROM `quntiao_member` WHERE ( `uid` = 11 ) LIMIT 1   [ RunTime:0.000288s ]
SQL: SELECT `username` FROM `quntiao_ucenter_member` WHERE ( `id` = 11 ) LIMIT 1   [ RunTime:0.000187s ]
SQL: SELECT `url` FROM `quntiao_avatar` WHERE ( `uid` = 11 ) LIMIT 1   [ RunTime:0.000159s ]
INFO: Run Behavior\ParseTemplateBehavior [ RunTime:0.009754s ]
INFO: [ view_parse ] --END-- [ RunTime:-0.495444s ]
INFO: [ view_filter ] --START--
INFO: Run Behavior\WriteHtmlCacheBehavior [ RunTime:0.000011s ]
INFO: [ view_filter ] --END-- [ RunTime:-0.504733s ]
INFO: Run Behavior\ParseTemplateBehavior [ RunTime:0.009916s ]
INFO: [ view_parse ] --END-- [ RunTime:-0.495444s ]
INFO: [ view_filter ] --START--
INFO: Run Behavior\WriteHtmlCacheBehavior [ RunTime:0.000006s ]
INFO: [ view_filter ] --END-- [ RunTime:-0.504945s ]
INFO: [ app_end ] --START--
INFO: Run Behavior\ShowPageTraceBehavior [ RunTime:0.000770s ]
INFO: [ app_end ] --END-- [ RunTime:0.000832s ]

[ 2014-10-07T14:15:29+08:00 ] 127.0.0.1 /index.php?s=/Usercenter/Public/getInformation.html
INFO: [ app_begin ] --START--
INFO: Run Behavior\ReadHtmlCacheBehavior [ RunTime:0.000484s ]
INFO: [ app_begin ] --END-- [ RunTime:0.000882s ]
SQL: SHOW COLUMNS FROM `quntiao_message` [ RunTime:0.013516s ]
SQL: SHOW COLUMNS FROM `quntiao_message` [ RunTime:0.001021s ]
SQL: SELECT * FROM `quntiao_message` WHERE ( to_uid=0 and  is_read=0  and last_toast=0 ) ORDER BY id desc LIMIT 99999   [ RunTime:0.000579s ]
NOTIC: [2] Invalid argument supplied for foreach() /Applications/XAMPP/xamppfiles/htdocs/quntiao/Application/Common/Model/MessageModel.class.php 第 16 行.
SQL: UPDATE `quntiao_message` SET `last_toast`=1412662529 WHERE ( to_uid=0 and  is_read=0 and last_toast=0 ) [ RunTime:0.000246s ]
SQL: SHOW COLUMNS FROM `quntiao_talk_push` [ RunTime:0.003100s ]
SQL: SELECT * FROM `quntiao_talk_push` WHERE ( `uid` = 0 ) AND ( `status` = 0 )  [ RunTime:0.000301s ]
NOTIC: [2] Invalid argument supplied for foreach() /Applications/XAMPP/xamppfiles/htdocs/quntiao/Application/Common/Model/TalkPushModel.class.php 第 11 行.
SQL: UPDATE `quntiao_talk_push` SET `status`=1 WHERE ( `uid` = 0 ) AND ( `status` = 0 ) [ RunTime:0.000175s ]
SQL: SHOW COLUMNS FROM `quntiao_talk_message_push` [ RunTime:0.003010s ]
SQL: SELECT * FROM `quntiao_talk_message_push` WHERE ( `uid` = 0 ) AND ( `status` = 0 )  [ RunTime:0.000411s ]
NOTIC: [2] Invalid argument supplied for foreach() /Applications/XAMPP/xamppfiles/htdocs/quntiao/Application/Common/Model/TalkMessagePushModel.class.php 第 15 行.
SQL: UPDATE `quntiao_talk_message_push` SET `status`=1 WHERE ( `uid` = 0 ) AND ( `status` = 0 ) [ RunTime:0.000254s ]
NOTIC: [2] Invalid argument supplied for foreach() /Applications/XAMPP/xamppfiles/htdocs/quntiao/Application/Usercenter/Controller/PublicController.class.php 第 84 行.

